----------------------------------------------------------------
Sun May 19 12:23:31 UTC 2024:
Booting Derby version The Apache Software Foundation - Apache Derby - 10.14.1.0 - (1808820): instance a816c00e-018f-90ce-a0c1-0000069533f0 
on database directory /home/idflakies/apache/hive/metastore_db with class loader sun.misc.Launcher$AppClassLoader@6f75e721 
Loaded from file:/home/idflakies/.m2/repository/org/apache/derby/derby/10.14.1.0/derby-10.14.1.0.jar
java.vendor=Private Build
java.runtime.version=1.8.0_292-8u292-b10-0ubuntu1~16.04.1-b10
user.dir=/home/idflakies/apache/hive
os.name=Linux
os.arch=amd64
os.version=6.6.12-linuxkit
derby.system.home=null
Database Class Loader started - derby.database.classpath=''
----------------------------------------------------------------
Sun May 19 12:23:36 UTC 2024:
Booting Derby version The Apache Software Foundation - Apache Derby - 10.14.1.0 - (1808820): instance 80840021-018f-90ce-a0c1-0000069533f0 
on database directory memory:/home/idflakies/apache/hive/null/junit_metastore_db_46411 with class loader sun.misc.Launcher$AppClassLoader@6f75e721 
Loaded from file:/home/idflakies/.m2/repository/org/apache/derby/derby/10.14.1.0/derby-10.14.1.0.jar
java.vendor=Private Build
java.runtime.version=1.8.0_292-8u292-b10-0ubuntu1~16.04.1-b10
user.dir=/home/idflakies/apache/hive
os.name=Linux
os.arch=amd64
os.version=6.6.12-linuxkit
derby.system.home=null
Database Class Loader started - derby.database.classpath=''
----------------------------------------------------------------
Sun May 19 12:24:36 UTC 2024:
Booting Derby version The Apache Software Foundation - Apache Derby - 10.14.1.0 - (1808820): instance 16e300d9-018f-90ce-a0c1-0000069533f0 
on database directory memory:/home/idflakies/apache/hive/null/junit_metastore_db_40857 with class loader sun.misc.Launcher$AppClassLoader@6f75e721 
Loaded from file:/home/idflakies/.m2/repository/org/apache/derby/derby/10.14.1.0/derby-10.14.1.0.jar
java.vendor=Private Build
java.runtime.version=1.8.0_292-8u292-b10-0ubuntu1~16.04.1-b10
user.dir=/home/idflakies/apache/hive
os.name=Linux
os.arch=amd64
os.version=6.6.12-linuxkit
derby.system.home=null
Database Class Loader started - derby.database.classpath=''
----------------------------------------------------------------
Sun May 19 12:25:36 UTC 2024:
Booting Derby version The Apache Software Foundation - Apache Derby - 10.14.1.0 - (1808820): instance ce520191-018f-90ce-a0c1-0000069533f0 
on database directory memory:/home/idflakies/apache/hive/null/junit_metastore_db_45281 with class loader sun.misc.Launcher$AppClassLoader@6f75e721 
Loaded from file:/home/idflakies/.m2/repository/org/apache/derby/derby/10.14.1.0/derby-10.14.1.0.jar
java.vendor=Private Build
java.runtime.version=1.8.0_292-8u292-b10-0ubuntu1~16.04.1-b10
user.dir=/home/idflakies/apache/hive
os.name=Linux
os.arch=amd64
os.version=6.6.12-linuxkit
derby.system.home=null
Database Class Loader started - derby.database.classpath=''
----------------------------------------------------------------
Sun May 19 12:26:36 UTC 2024:
Booting Derby version The Apache Software Foundation - Apache Derby - 10.14.1.0 - (1808820): instance a6d10249-018f-90ce-a0c1-0000069533f0 
on database directory memory:/home/idflakies/apache/hive/null/junit_metastore_db_36011 with class loader sun.misc.Launcher$AppClassLoader@6f75e721 
Loaded from file:/home/idflakies/.m2/repository/org/apache/derby/derby/10.14.1.0/derby-10.14.1.0.jar
java.vendor=Private Build
java.runtime.version=1.8.0_292-8u292-b10-0ubuntu1~16.04.1-b10
user.dir=/home/idflakies/apache/hive
os.name=Linux
os.arch=amd64
os.version=6.6.12-linuxkit
derby.system.home=null
Database Class Loader started - derby.database.classpath=''
----------------------------------------------------------------
Sun May 19 12:27:37 UTC 2024:
Booting Derby version The Apache Software Foundation - Apache Derby - 10.14.1.0 - (1808820): instance a0600301-018f-90ce-a0c1-0000069533f0 
on database directory memory:/home/idflakies/apache/hive/null/junit_metastore_db_35003 with class loader sun.misc.Launcher$AppClassLoader@6f75e721 
Loaded from file:/home/idflakies/.m2/repository/org/apache/derby/derby/10.14.1.0/derby-10.14.1.0.jar
java.vendor=Private Build
java.runtime.version=1.8.0_292-8u292-b10-0ubuntu1~16.04.1-b10
user.dir=/home/idflakies/apache/hive
os.name=Linux
os.arch=amd64
os.version=6.6.12-linuxkit
derby.system.home=null
Database Class Loader started - derby.database.classpath=''
----------------------------------------------------------------
Sun May 19 12:28:37 UTC 2024:
Booting Derby version The Apache Software Foundation - Apache Derby - 10.14.1.0 - (1808820): instance baff03b9-018f-90ce-a0c1-0000069533f0 
on database directory memory:/home/idflakies/apache/hive/null/junit_metastore_db_33009 with class loader sun.misc.Launcher$AppClassLoader@6f75e721 
Loaded from file:/home/idflakies/.m2/repository/org/apache/derby/derby/10.14.1.0/derby-10.14.1.0.jar
java.vendor=Private Build
java.runtime.version=1.8.0_292-8u292-b10-0ubuntu1~16.04.1-b10
user.dir=/home/idflakies/apache/hive
os.name=Linux
os.arch=amd64
os.version=6.6.12-linuxkit
derby.system.home=null
Database Class Loader started - derby.database.classpath=''
----------------------------------------------------------------
Sun May 19 12:29:37 UTC 2024:
Booting Derby version The Apache Software Foundation - Apache Derby - 10.14.1.0 - (1808820): instance f6ae0471-018f-90ce-a0c1-0000069533f0 
on database directory memory:/home/idflakies/apache/hive/null/junit_metastore_db_45181 with class loader sun.misc.Launcher$AppClassLoader@6f75e721 
Loaded from file:/home/idflakies/.m2/repository/org/apache/derby/derby/10.14.1.0/derby-10.14.1.0.jar
java.vendor=Private Build
java.runtime.version=1.8.0_292-8u292-b10-0ubuntu1~16.04.1-b10
user.dir=/home/idflakies/apache/hive
os.name=Linux
os.arch=amd64
os.version=6.6.12-linuxkit
derby.system.home=null
Database Class Loader started - derby.database.classpath=''
----------------------------------------------------------------
Sun May 19 12:30:37 UTC 2024:
Booting Derby version The Apache Software Foundation - Apache Derby - 10.14.1.0 - (1808820): instance 536d0529-018f-90ce-a0c1-0000069533f0 
on database directory memory:/home/idflakies/apache/hive/null/junit_metastore_db_41229 with class loader sun.misc.Launcher$AppClassLoader@6f75e721 
Loaded from file:/home/idflakies/.m2/repository/org/apache/derby/derby/10.14.1.0/derby-10.14.1.0.jar
java.vendor=Private Build
java.runtime.version=1.8.0_292-8u292-b10-0ubuntu1~16.04.1-b10
user.dir=/home/idflakies/apache/hive
os.name=Linux
os.arch=amd64
os.version=6.6.12-linuxkit
derby.system.home=null
Database Class Loader started - derby.database.classpath=''
----------------------------------------------------------------
Sun May 19 12:31:37 UTC 2024:
Booting Derby version The Apache Software Foundation - Apache Derby - 10.14.1.0 - (1808820): instance d13c05e1-018f-90ce-a0c1-0000069533f0 
on database directory memory:/home/idflakies/apache/hive/null/junit_metastore_db_42195 with class loader sun.misc.Launcher$AppClassLoader@6f75e721 
Loaded from file:/home/idflakies/.m2/repository/org/apache/derby/derby/10.14.1.0/derby-10.14.1.0.jar
java.vendor=Private Build
java.runtime.version=1.8.0_292-8u292-b10-0ubuntu1~16.04.1-b10
user.dir=/home/idflakies/apache/hive
os.name=Linux
os.arch=amd64
os.version=6.6.12-linuxkit
derby.system.home=null
Database Class Loader started - derby.database.classpath=''
----------------------------------------------------------------
Sun May 19 12:32:37 UTC 2024:
Booting Derby version The Apache Software Foundation - Apache Derby - 10.14.1.0 - (1808820): instance 701b0699-018f-90ce-a0c1-0000069533f0 
on database directory memory:/home/idflakies/apache/hive/null/junit_metastore_db_42785 with class loader sun.misc.Launcher$AppClassLoader@6f75e721 
Loaded from file:/home/idflakies/.m2/repository/org/apache/derby/derby/10.14.1.0/derby-10.14.1.0.jar
java.vendor=Private Build
java.runtime.version=1.8.0_292-8u292-b10-0ubuntu1~16.04.1-b10
user.dir=/home/idflakies/apache/hive
os.name=Linux
os.arch=amd64
os.version=6.6.12-linuxkit
derby.system.home=null
Database Class Loader started - derby.database.classpath=''
----------------------------------------------------------------
Sun May 19 12:33:37 UTC 2024:
Booting Derby version The Apache Software Foundation - Apache Derby - 10.14.1.0 - (1808820): instance 300a0751-018f-90ce-a0c1-0000069533f0 
on database directory memory:/home/idflakies/apache/hive/null/junit_metastore_db_46881 with class loader sun.misc.Launcher$AppClassLoader@6f75e721 
Loaded from file:/home/idflakies/.m2/repository/org/apache/derby/derby/10.14.1.0/derby-10.14.1.0.jar
java.vendor=Private Build
java.runtime.version=1.8.0_292-8u292-b10-0ubuntu1~16.04.1-b10
user.dir=/home/idflakies/apache/hive
os.name=Linux
os.arch=amd64
os.version=6.6.12-linuxkit
derby.system.home=null
Database Class Loader started - derby.database.classpath=''
----------------------------------------------------------------
Sun May 19 12:34:37 UTC 2024:
Booting Derby version The Apache Software Foundation - Apache Derby - 10.14.1.0 - (1808820): instance 11090809-018f-90ce-a0c1-0000069533f0 
on database directory memory:/home/idflakies/apache/hive/null/junit_metastore_db_45771 with class loader sun.misc.Launcher$AppClassLoader@6f75e721 
Loaded from file:/home/idflakies/.m2/repository/org/apache/derby/derby/10.14.1.0/derby-10.14.1.0.jar
java.vendor=Private Build
java.runtime.version=1.8.0_292-8u292-b10-0ubuntu1~16.04.1-b10
user.dir=/home/idflakies/apache/hive
os.name=Linux
os.arch=amd64
os.version=6.6.12-linuxkit
derby.system.home=null
Database Class Loader started - derby.database.classpath=''
----------------------------------------------------------------
Sun May 19 12:35:37 UTC 2024:
Booting Derby version The Apache Software Foundation - Apache Derby - 10.14.1.0 - (1808820): instance 131808c1-018f-90ce-a0c1-0000069533f0 
on database directory memory:/home/idflakies/apache/hive/null/junit_metastore_db_42507 with class loader sun.misc.Launcher$AppClassLoader@6f75e721 
Loaded from file:/home/idflakies/.m2/repository/org/apache/derby/derby/10.14.1.0/derby-10.14.1.0.jar
java.vendor=Private Build
java.runtime.version=1.8.0_292-8u292-b10-0ubuntu1~16.04.1-b10
user.dir=/home/idflakies/apache/hive
os.name=Linux
os.arch=amd64
os.version=6.6.12-linuxkit
derby.system.home=null
Database Class Loader started - derby.database.classpath=''
----------------------------------------------------------------
Sun May 19 12:36:38 UTC 2024:
Booting Derby version The Apache Software Foundation - Apache Derby - 10.14.1.0 - (1808820): instance 36370979-018f-90ce-a0c1-0000069533f0 
on database directory memory:/home/idflakies/apache/hive/null/junit_metastore_db_41293 with class loader sun.misc.Launcher$AppClassLoader@6f75e721 
Loaded from file:/home/idflakies/.m2/repository/org/apache/derby/derby/10.14.1.0/derby-10.14.1.0.jar
java.vendor=Private Build
java.runtime.version=1.8.0_292-8u292-b10-0ubuntu1~16.04.1-b10
user.dir=/home/idflakies/apache/hive
os.name=Linux
os.arch=amd64
os.version=6.6.12-linuxkit
derby.system.home=null
Database Class Loader started - derby.database.classpath=''
----------------------------------------------------------------
Sun May 19 12:37:38 UTC 2024:
Booting Derby version The Apache Software Foundation - Apache Derby - 10.14.1.0 - (1808820): instance 7a660a31-018f-90ce-a0c1-0000069533f0 
on database directory memory:/home/idflakies/apache/hive/null/junit_metastore_db_37045 with class loader sun.misc.Launcher$AppClassLoader@6f75e721 
Loaded from file:/home/idflakies/.m2/repository/org/apache/derby/derby/10.14.1.0/derby-10.14.1.0.jar
java.vendor=Private Build
java.runtime.version=1.8.0_292-8u292-b10-0ubuntu1~16.04.1-b10
user.dir=/home/idflakies/apache/hive
os.name=Linux
os.arch=amd64
os.version=6.6.12-linuxkit
derby.system.home=null
Database Class Loader started - derby.database.classpath=''
----------------------------------------------------------------
Sun May 19 12:38:38 UTC 2024:
Booting Derby version The Apache Software Foundation - Apache Derby - 10.14.1.0 - (1808820): instance dfa50ae9-018f-90ce-a0c1-0000069533f0 
on database directory memory:/home/idflakies/apache/hive/null/junit_metastore_db_42757 with class loader sun.misc.Launcher$AppClassLoader@6f75e721 
Loaded from file:/home/idflakies/.m2/repository/org/apache/derby/derby/10.14.1.0/derby-10.14.1.0.jar
java.vendor=Private Build
java.runtime.version=1.8.0_292-8u292-b10-0ubuntu1~16.04.1-b10
user.dir=/home/idflakies/apache/hive
os.name=Linux
os.arch=amd64
os.version=6.6.12-linuxkit
derby.system.home=null
Database Class Loader started - derby.database.classpath=''
----------------------------------------------------------------
Sun May 19 12:39:38 UTC 2024:
Booting Derby version The Apache Software Foundation - Apache Derby - 10.14.1.0 - (1808820): instance 65f40ba1-018f-90ce-a0c1-0000069533f0 
on database directory memory:/home/idflakies/apache/hive/null/junit_metastore_db_39669 with class loader sun.misc.Launcher$AppClassLoader@6f75e721 
Loaded from file:/home/idflakies/.m2/repository/org/apache/derby/derby/10.14.1.0/derby-10.14.1.0.jar
java.vendor=Private Build
java.runtime.version=1.8.0_292-8u292-b10-0ubuntu1~16.04.1-b10
user.dir=/home/idflakies/apache/hive
os.name=Linux
os.arch=amd64
os.version=6.6.12-linuxkit
derby.system.home=null
Database Class Loader started - derby.database.classpath=''
----------------------------------------------------------------
Sun May 19 12:40:38 UTC 2024:
Booting Derby version The Apache Software Foundation - Apache Derby - 10.14.1.0 - (1808820): instance 0d530c59-018f-90ce-a0c1-0000069533f0 
on database directory memory:/home/idflakies/apache/hive/null/junit_metastore_db_37945 with class loader sun.misc.Launcher$AppClassLoader@6f75e721 
Loaded from file:/home/idflakies/.m2/repository/org/apache/derby/derby/10.14.1.0/derby-10.14.1.0.jar
java.vendor=Private Build
java.runtime.version=1.8.0_292-8u292-b10-0ubuntu1~16.04.1-b10
user.dir=/home/idflakies/apache/hive
os.name=Linux
os.arch=amd64
os.version=6.6.12-linuxkit
derby.system.home=null
Database Class Loader started - derby.database.classpath=''
----------------------------------------------------------------
Sun May 19 12:41:38 UTC 2024:
Booting Derby version The Apache Software Foundation - Apache Derby - 10.14.1.0 - (1808820): instance d5c20d11-018f-90ce-a0c1-0000069533f0 
on database directory memory:/home/idflakies/apache/hive/null/junit_metastore_db_37185 with class loader sun.misc.Launcher$AppClassLoader@6f75e721 
Loaded from file:/home/idflakies/.m2/repository/org/apache/derby/derby/10.14.1.0/derby-10.14.1.0.jar
java.vendor=Private Build
java.runtime.version=1.8.0_292-8u292-b10-0ubuntu1~16.04.1-b10
user.dir=/home/idflakies/apache/hive
os.name=Linux
os.arch=amd64
os.version=6.6.12-linuxkit
derby.system.home=null
Database Class Loader started - derby.database.classpath=''
----------------------------------------------------------------
Sun May 19 12:42:38 UTC 2024:
Booting Derby version The Apache Software Foundation - Apache Derby - 10.14.1.0 - (1808820): instance bf410dc9-018f-90ce-a0c1-0000069533f0 
on database directory memory:/home/idflakies/apache/hive/null/junit_metastore_db_34159 with class loader sun.misc.Launcher$AppClassLoader@6f75e721 
Loaded from file:/home/idflakies/.m2/repository/org/apache/derby/derby/10.14.1.0/derby-10.14.1.0.jar
java.vendor=Private Build
java.runtime.version=1.8.0_292-8u292-b10-0ubuntu1~16.04.1-b10
user.dir=/home/idflakies/apache/hive
os.name=Linux
os.arch=amd64
os.version=6.6.12-linuxkit
derby.system.home=null
Database Class Loader started - derby.database.classpath=''
----------------------------------------------------------------
Sun May 19 12:43:38 UTC 2024:
Booting Derby version The Apache Software Foundation - Apache Derby - 10.14.1.0 - (1808820): instance c9d00e81-018f-90ce-a0c1-0000069533f0 
on database directory memory:/home/idflakies/apache/hive/null/junit_metastore_db_35753 with class loader sun.misc.Launcher$AppClassLoader@6f75e721 
Loaded from file:/home/idflakies/.m2/repository/org/apache/derby/derby/10.14.1.0/derby-10.14.1.0.jar
java.vendor=Private Build
java.runtime.version=1.8.0_292-8u292-b10-0ubuntu1~16.04.1-b10
user.dir=/home/idflakies/apache/hive
os.name=Linux
os.arch=amd64
os.version=6.6.12-linuxkit
derby.system.home=null
Database Class Loader started - derby.database.classpath=''
----------------------------------------------------------------
Sun May 19 12:44:38 UTC 2024:
Booting Derby version The Apache Software Foundation - Apache Derby - 10.14.1.0 - (1808820): instance f56f0f39-018f-90ce-a0c1-0000069533f0 
on database directory memory:/home/idflakies/apache/hive/null/junit_metastore_db_38871 with class loader sun.misc.Launcher$AppClassLoader@6f75e721 
Loaded from file:/home/idflakies/.m2/repository/org/apache/derby/derby/10.14.1.0/derby-10.14.1.0.jar
java.vendor=Private Build
java.runtime.version=1.8.0_292-8u292-b10-0ubuntu1~16.04.1-b10
user.dir=/home/idflakies/apache/hive
os.name=Linux
os.arch=amd64
os.version=6.6.12-linuxkit
derby.system.home=null
Database Class Loader started - derby.database.classpath=''
----------------------------------------------------------------
Sun May 19 12:45:38 UTC 2024:
Booting Derby version The Apache Software Foundation - Apache Derby - 10.14.1.0 - (1808820): instance 421e0ff1-018f-90ce-a0c1-0000069533f0 
on database directory memory:/home/idflakies/apache/hive/null/junit_metastore_db_44717 with class loader sun.misc.Launcher$AppClassLoader@6f75e721 
Loaded from file:/home/idflakies/.m2/repository/org/apache/derby/derby/10.14.1.0/derby-10.14.1.0.jar
java.vendor=Private Build
java.runtime.version=1.8.0_292-8u292-b10-0ubuntu1~16.04.1-b10
user.dir=/home/idflakies/apache/hive
os.name=Linux
os.arch=amd64
os.version=6.6.12-linuxkit
derby.system.home=null
Database Class Loader started - derby.database.classpath=''
----------------------------------------------------------------
Sun May 19 12:46:38 UTC 2024:
Booting Derby version The Apache Software Foundation - Apache Derby - 10.14.1.0 - (1808820): instance afdd10a9-018f-90ce-a0c1-0000069533f0 
on database directory memory:/home/idflakies/apache/hive/null/junit_metastore_db_45329 with class loader sun.misc.Launcher$AppClassLoader@6f75e721 
Loaded from file:/home/idflakies/.m2/repository/org/apache/derby/derby/10.14.1.0/derby-10.14.1.0.jar
java.vendor=Private Build
java.runtime.version=1.8.0_292-8u292-b10-0ubuntu1~16.04.1-b10
user.dir=/home/idflakies/apache/hive
os.name=Linux
os.arch=amd64
os.version=6.6.12-linuxkit
derby.system.home=null
Database Class Loader started - derby.database.classpath=''
----------------------------------------------------------------
Sun May 19 12:47:39 UTC 2024:
Booting Derby version The Apache Software Foundation - Apache Derby - 10.14.1.0 - (1808820): instance 3eac1161-018f-90ce-a0c1-0000069533f0 
on database directory memory:/home/idflakies/apache/hive/null/junit_metastore_db_38457 with class loader sun.misc.Launcher$AppClassLoader@6f75e721 
Loaded from file:/home/idflakies/.m2/repository/org/apache/derby/derby/10.14.1.0/derby-10.14.1.0.jar
java.vendor=Private Build
java.runtime.version=1.8.0_292-8u292-b10-0ubuntu1~16.04.1-b10
user.dir=/home/idflakies/apache/hive
os.name=Linux
os.arch=amd64
os.version=6.6.12-linuxkit
derby.system.home=null
Database Class Loader started - derby.database.classpath=''
----------------------------------------------------------------
Sun May 19 12:48:39 UTC 2024:
Booting Derby version The Apache Software Foundation - Apache Derby - 10.14.1.0 - (1808820): instance ee8b1219-018f-90ce-a0c1-0000069533f0 
on database directory memory:/home/idflakies/apache/hive/null/junit_metastore_db_37545 with class loader sun.misc.Launcher$AppClassLoader@6f75e721 
Loaded from file:/home/idflakies/.m2/repository/org/apache/derby/derby/10.14.1.0/derby-10.14.1.0.jar
java.vendor=Private Build
java.runtime.version=1.8.0_292-8u292-b10-0ubuntu1~16.04.1-b10
user.dir=/home/idflakies/apache/hive
os.name=Linux
os.arch=amd64
os.version=6.6.12-linuxkit
derby.system.home=null
Database Class Loader started - derby.database.classpath=''
----------------------------------------------------------------
Sun May 19 12:49:39 UTC 2024:
Booting Derby version The Apache Software Foundation - Apache Derby - 10.14.1.0 - (1808820): instance bf7a12d1-018f-90ce-a0c1-0000069533f0 
on database directory memory:/home/idflakies/apache/hive/null/junit_metastore_db_35107 with class loader sun.misc.Launcher$AppClassLoader@6f75e721 
Loaded from file:/home/idflakies/.m2/repository/org/apache/derby/derby/10.14.1.0/derby-10.14.1.0.jar
java.vendor=Private Build
java.runtime.version=1.8.0_292-8u292-b10-0ubuntu1~16.04.1-b10
user.dir=/home/idflakies/apache/hive
os.name=Linux
os.arch=amd64
os.version=6.6.12-linuxkit
derby.system.home=null
Database Class Loader started - derby.database.classpath=''
----------------------------------------------------------------
Sun May 19 12:50:39 UTC 2024:
Booting Derby version The Apache Software Foundation - Apache Derby - 10.14.1.0 - (1808820): instance b1791389-018f-90ce-a0c1-0000069533f0 
on database directory memory:/home/idflakies/apache/hive/null/junit_metastore_db_46007 with class loader sun.misc.Launcher$AppClassLoader@6f75e721 
Loaded from file:/home/idflakies/.m2/repository/org/apache/derby/derby/10.14.1.0/derby-10.14.1.0.jar
java.vendor=Private Build
java.runtime.version=1.8.0_292-8u292-b10-0ubuntu1~16.04.1-b10
user.dir=/home/idflakies/apache/hive
os.name=Linux
os.arch=amd64
os.version=6.6.12-linuxkit
derby.system.home=null
Database Class Loader started - derby.database.classpath=''
----------------------------------------------------------------
Sun May 19 12:51:39 UTC 2024:
Booting Derby version The Apache Software Foundation - Apache Derby - 10.14.1.0 - (1808820): instance c4881441-018f-90ce-a0c1-0000069533f0 
on database directory memory:/home/idflakies/apache/hive/null/junit_metastore_db_38445 with class loader sun.misc.Launcher$AppClassLoader@6f75e721 
Loaded from file:/home/idflakies/.m2/repository/org/apache/derby/derby/10.14.1.0/derby-10.14.1.0.jar
java.vendor=Private Build
java.runtime.version=1.8.0_292-8u292-b10-0ubuntu1~16.04.1-b10
user.dir=/home/idflakies/apache/hive
os.name=Linux
os.arch=amd64
os.version=6.6.12-linuxkit
derby.system.home=null
Database Class Loader started - derby.database.classpath=''
----------------------------------------------------------------
Sun May 19 12:52:39 UTC 2024:
Booting Derby version The Apache Software Foundation - Apache Derby - 10.14.1.0 - (1808820): instance f8a714f9-018f-90ce-a0c1-0000069533f0 
on database directory memory:/home/idflakies/apache/hive/null/junit_metastore_db_32939 with class loader sun.misc.Launcher$AppClassLoader@6f75e721 
Loaded from file:/home/idflakies/.m2/repository/org/apache/derby/derby/10.14.1.0/derby-10.14.1.0.jar
java.vendor=Private Build
java.runtime.version=1.8.0_292-8u292-b10-0ubuntu1~16.04.1-b10
user.dir=/home/idflakies/apache/hive
os.name=Linux
os.arch=amd64
os.version=6.6.12-linuxkit
derby.system.home=null
Database Class Loader started - derby.database.classpath=''
----------------------------------------------------------------
Sun May 19 12:53:39 UTC 2024:
Booting Derby version The Apache Software Foundation - Apache Derby - 10.14.1.0 - (1808820): instance 4dd615b1-018f-90ce-a0c1-0000069533f0 
on database directory memory:/home/idflakies/apache/hive/null/junit_metastore_db_34811 with class loader sun.misc.Launcher$AppClassLoader@6f75e721 
Loaded from file:/home/idflakies/.m2/repository/org/apache/derby/derby/10.14.1.0/derby-10.14.1.0.jar
java.vendor=Private Build
java.runtime.version=1.8.0_292-8u292-b10-0ubuntu1~16.04.1-b10
user.dir=/home/idflakies/apache/hive
os.name=Linux
os.arch=amd64
os.version=6.6.12-linuxkit
derby.system.home=null
Database Class Loader started - derby.database.classpath=''
----------------------------------------------------------------
Sun May 19 12:54:39 UTC 2024:
Booting Derby version The Apache Software Foundation - Apache Derby - 10.14.1.0 - (1808820): instance c4151669-018f-90ce-a0c1-0000069533f0 
on database directory memory:/home/idflakies/apache/hive/null/junit_metastore_db_38995 with class loader sun.misc.Launcher$AppClassLoader@6f75e721 
Loaded from file:/home/idflakies/.m2/repository/org/apache/derby/derby/10.14.1.0/derby-10.14.1.0.jar
java.vendor=Private Build
java.runtime.version=1.8.0_292-8u292-b10-0ubuntu1~16.04.1-b10
user.dir=/home/idflakies/apache/hive
os.name=Linux
os.arch=amd64
os.version=6.6.12-linuxkit
derby.system.home=null
Database Class Loader started - derby.database.classpath=''
----------------------------------------------------------------
Sun May 19 12:55:39 UTC 2024:
Booting Derby version The Apache Software Foundation - Apache Derby - 10.14.1.0 - (1808820): instance 5b641721-018f-90ce-a0c1-0000069533f0 
on database directory memory:/home/idflakies/apache/hive/null/junit_metastore_db_41625 with class loader sun.misc.Launcher$AppClassLoader@6f75e721 
Loaded from file:/home/idflakies/.m2/repository/org/apache/derby/derby/10.14.1.0/derby-10.14.1.0.jar
java.vendor=Private Build
java.runtime.version=1.8.0_292-8u292-b10-0ubuntu1~16.04.1-b10
user.dir=/home/idflakies/apache/hive
os.name=Linux
os.arch=amd64
os.version=6.6.12-linuxkit
derby.system.home=null
Database Class Loader started - derby.database.classpath=''
----------------------------------------------------------------
Sun May 19 12:56:39 UTC 2024:
Booting Derby version The Apache Software Foundation - Apache Derby - 10.14.1.0 - (1808820): instance 13c317d9-018f-90ce-a0c1-0000069533f0 
on database directory memory:/home/idflakies/apache/hive/null/junit_metastore_db_43909 with class loader sun.misc.Launcher$AppClassLoader@6f75e721 
Loaded from file:/home/idflakies/.m2/repository/org/apache/derby/derby/10.14.1.0/derby-10.14.1.0.jar
java.vendor=Private Build
java.runtime.version=1.8.0_292-8u292-b10-0ubuntu1~16.04.1-b10
user.dir=/home/idflakies/apache/hive
os.name=Linux
os.arch=amd64
os.version=6.6.12-linuxkit
derby.system.home=null
Database Class Loader started - derby.database.classpath=''
----------------------------------------------------------------
Sun May 19 12:57:39 UTC 2024:
Booting Derby version The Apache Software Foundation - Apache Derby - 10.14.1.0 - (1808820): instance ed321891-018f-90ce-a0c1-0000069533f0 
on database directory memory:/home/idflakies/apache/hive/null/junit_metastore_db_36969 with class loader sun.misc.Launcher$AppClassLoader@6f75e721 
Loaded from file:/home/idflakies/.m2/repository/org/apache/derby/derby/10.14.1.0/derby-10.14.1.0.jar
java.vendor=Private Build
java.runtime.version=1.8.0_292-8u292-b10-0ubuntu1~16.04.1-b10
user.dir=/home/idflakies/apache/hive
os.name=Linux
os.arch=amd64
os.version=6.6.12-linuxkit
derby.system.home=null
Database Class Loader started - derby.database.classpath=''
----------------------------------------------------------------
Sun May 19 12:58:40 UTC 2024:
Booting Derby version The Apache Software Foundation - Apache Derby - 10.14.1.0 - (1808820): instance e7b11949-018f-90ce-a0c1-0000069533f0 
on database directory memory:/home/idflakies/apache/hive/null/junit_metastore_db_43351 with class loader sun.misc.Launcher$AppClassLoader@6f75e721 
Loaded from file:/home/idflakies/.m2/repository/org/apache/derby/derby/10.14.1.0/derby-10.14.1.0.jar
java.vendor=Private Build
java.runtime.version=1.8.0_292-8u292-b10-0ubuntu1~16.04.1-b10
user.dir=/home/idflakies/apache/hive
os.name=Linux
os.arch=amd64
os.version=6.6.12-linuxkit
derby.system.home=null
Database Class Loader started - derby.database.classpath=''
----------------------------------------------------------------
Sun May 19 12:59:40 UTC 2024:
Booting Derby version The Apache Software Foundation - Apache Derby - 10.14.1.0 - (1808820): instance 03401a01-018f-90ce-a0c1-0000069533f0 
on database directory memory:/home/idflakies/apache/hive/null/junit_metastore_db_41159 with class loader sun.misc.Launcher$AppClassLoader@6f75e721 
Loaded from file:/home/idflakies/.m2/repository/org/apache/derby/derby/10.14.1.0/derby-10.14.1.0.jar
java.vendor=Private Build
java.runtime.version=1.8.0_292-8u292-b10-0ubuntu1~16.04.1-b10
user.dir=/home/idflakies/apache/hive
os.name=Linux
os.arch=amd64
os.version=6.6.12-linuxkit
derby.system.home=null
Database Class Loader started - derby.database.classpath=''
----------------------------------------------------------------
Sun May 19 13:00:40 UTC 2024:
Booting Derby version The Apache Software Foundation - Apache Derby - 10.14.1.0 - (1808820): instance 3fdf1ab9-018f-90ce-a0c1-0000069533f0 
on database directory memory:/home/idflakies/apache/hive/null/junit_metastore_db_45493 with class loader sun.misc.Launcher$AppClassLoader@6f75e721 
Loaded from file:/home/idflakies/.m2/repository/org/apache/derby/derby/10.14.1.0/derby-10.14.1.0.jar
java.vendor=Private Build
java.runtime.version=1.8.0_292-8u292-b10-0ubuntu1~16.04.1-b10
user.dir=/home/idflakies/apache/hive
os.name=Linux
os.arch=amd64
os.version=6.6.12-linuxkit
derby.system.home=null
Database Class Loader started - derby.database.classpath=''
----------------------------------------------------------------
Sun May 19 13:01:40 UTC 2024:
Booting Derby version The Apache Software Foundation - Apache Derby - 10.14.1.0 - (1808820): instance 9d8e1b71-018f-90ce-a0c1-0000069533f0 
on database directory memory:/home/idflakies/apache/hive/null/junit_metastore_db_38771 with class loader sun.misc.Launcher$AppClassLoader@6f75e721 
Loaded from file:/home/idflakies/.m2/repository/org/apache/derby/derby/10.14.1.0/derby-10.14.1.0.jar
java.vendor=Private Build
java.runtime.version=1.8.0_292-8u292-b10-0ubuntu1~16.04.1-b10
user.dir=/home/idflakies/apache/hive
os.name=Linux
os.arch=amd64
os.version=6.6.12-linuxkit
derby.system.home=null
Database Class Loader started - derby.database.classpath=''
----------------------------------------------------------------
Sun May 19 13:02:40 UTC 2024:
Booting Derby version The Apache Software Foundation - Apache Derby - 10.14.1.0 - (1808820): instance 1c4d1c29-018f-90ce-a0c1-0000069533f0 
on database directory memory:/home/idflakies/apache/hive/null/junit_metastore_db_45475 with class loader sun.misc.Launcher$AppClassLoader@6f75e721 
Loaded from file:/home/idflakies/.m2/repository/org/apache/derby/derby/10.14.1.0/derby-10.14.1.0.jar
java.vendor=Private Build
java.runtime.version=1.8.0_292-8u292-b10-0ubuntu1~16.04.1-b10
user.dir=/home/idflakies/apache/hive
os.name=Linux
os.arch=amd64
os.version=6.6.12-linuxkit
derby.system.home=null
Database Class Loader started - derby.database.classpath=''
----------------------------------------------------------------
Sun May 19 13:03:40 UTC 2024:
Booting Derby version The Apache Software Foundation - Apache Derby - 10.14.1.0 - (1808820): instance bc1c1ce1-018f-90ce-a0c1-0000069533f0 
on database directory memory:/home/idflakies/apache/hive/null/junit_metastore_db_46595 with class loader sun.misc.Launcher$AppClassLoader@6f75e721 
Loaded from file:/home/idflakies/.m2/repository/org/apache/derby/derby/10.14.1.0/derby-10.14.1.0.jar
java.vendor=Private Build
java.runtime.version=1.8.0_292-8u292-b10-0ubuntu1~16.04.1-b10
user.dir=/home/idflakies/apache/hive
os.name=Linux
os.arch=amd64
os.version=6.6.12-linuxkit
derby.system.home=null
Database Class Loader started - derby.database.classpath=''
----------------------------------------------------------------
Sun May 19 13:04:40 UTC 2024:
Booting Derby version The Apache Software Foundation - Apache Derby - 10.14.1.0 - (1808820): instance 7cfb1d99-018f-90ce-a0c1-0000069533f0 
on database directory memory:/home/idflakies/apache/hive/null/junit_metastore_db_32803 with class loader sun.misc.Launcher$AppClassLoader@6f75e721 
Loaded from file:/home/idflakies/.m2/repository/org/apache/derby/derby/10.14.1.0/derby-10.14.1.0.jar
java.vendor=Private Build
java.runtime.version=1.8.0_292-8u292-b10-0ubuntu1~16.04.1-b10
user.dir=/home/idflakies/apache/hive
os.name=Linux
os.arch=amd64
os.version=6.6.12-linuxkit
derby.system.home=null
Database Class Loader started - derby.database.classpath=''
----------------------------------------------------------------
Sun May 19 13:05:40 UTC 2024:
Booting Derby version The Apache Software Foundation - Apache Derby - 10.14.1.0 - (1808820): instance 5eea1e51-018f-90ce-a0c1-0000069533f0 
on database directory memory:/home/idflakies/apache/hive/null/junit_metastore_db_44333 with class loader sun.misc.Launcher$AppClassLoader@6f75e721 
Loaded from file:/home/idflakies/.m2/repository/org/apache/derby/derby/10.14.1.0/derby-10.14.1.0.jar
java.vendor=Private Build
java.runtime.version=1.8.0_292-8u292-b10-0ubuntu1~16.04.1-b10
user.dir=/home/idflakies/apache/hive
os.name=Linux
os.arch=amd64
os.version=6.6.12-linuxkit
derby.system.home=null
Database Class Loader started - derby.database.classpath=''
----------------------------------------------------------------
Sun May 19 13:06:40 UTC 2024:
Booting Derby version The Apache Software Foundation - Apache Derby - 10.14.1.0 - (1808820): instance 61e91f09-018f-90ce-a0c1-0000069533f0 
on database directory memory:/home/idflakies/apache/hive/null/junit_metastore_db_45003 with class loader sun.misc.Launcher$AppClassLoader@6f75e721 
Loaded from file:/home/idflakies/.m2/repository/org/apache/derby/derby/10.14.1.0/derby-10.14.1.0.jar
java.vendor=Private Build
java.runtime.version=1.8.0_292-8u292-b10-0ubuntu1~16.04.1-b10
user.dir=/home/idflakies/apache/hive
os.name=Linux
os.arch=amd64
os.version=6.6.12-linuxkit
derby.system.home=null
Database Class Loader started - derby.database.classpath=''
----------------------------------------------------------------
Sun May 19 13:07:40 UTC 2024:
Booting Derby version The Apache Software Foundation - Apache Derby - 10.14.1.0 - (1808820): instance 85f81fc1-018f-90ce-a0c1-0000069533f0 
on database directory memory:/home/idflakies/apache/hive/null/junit_metastore_db_46353 with class loader sun.misc.Launcher$AppClassLoader@6f75e721 
Loaded from file:/home/idflakies/.m2/repository/org/apache/derby/derby/10.14.1.0/derby-10.14.1.0.jar
java.vendor=Private Build
java.runtime.version=1.8.0_292-8u292-b10-0ubuntu1~16.04.1-b10
user.dir=/home/idflakies/apache/hive
os.name=Linux
os.arch=amd64
os.version=6.6.12-linuxkit
derby.system.home=null
Database Class Loader started - derby.database.classpath=''
----------------------------------------------------------------
Sun May 19 13:08:40 UTC 2024:
Booting Derby version The Apache Software Foundation - Apache Derby - 10.14.1.0 - (1808820): instance cb172079-018f-90ce-a0c1-0000069533f0 
on database directory memory:/home/idflakies/apache/hive/null/junit_metastore_db_42299 with class loader sun.misc.Launcher$AppClassLoader@6f75e721 
Loaded from file:/home/idflakies/.m2/repository/org/apache/derby/derby/10.14.1.0/derby-10.14.1.0.jar
java.vendor=Private Build
java.runtime.version=1.8.0_292-8u292-b10-0ubuntu1~16.04.1-b10
user.dir=/home/idflakies/apache/hive
os.name=Linux
os.arch=amd64
os.version=6.6.12-linuxkit
derby.system.home=null
Database Class Loader started - derby.database.classpath=''
----------------------------------------------------------------
Sun May 19 13:09:40 UTC 2024:
Booting Derby version The Apache Software Foundation - Apache Derby - 10.14.1.0 - (1808820): instance 31462131-018f-90ce-a0c1-0000069533f0 
on database directory memory:/home/idflakies/apache/hive/null/junit_metastore_db_44261 with class loader sun.misc.Launcher$AppClassLoader@6f75e721 
Loaded from file:/home/idflakies/.m2/repository/org/apache/derby/derby/10.14.1.0/derby-10.14.1.0.jar
java.vendor=Private Build
java.runtime.version=1.8.0_292-8u292-b10-0ubuntu1~16.04.1-b10
user.dir=/home/idflakies/apache/hive
os.name=Linux
os.arch=amd64
os.version=6.6.12-linuxkit
derby.system.home=null
Database Class Loader started - derby.database.classpath=''
----------------------------------------------------------------
Sun May 19 13:10:41 UTC 2024:
Booting Derby version The Apache Software Foundation - Apache Derby - 10.14.1.0 - (1808820): instance b88521e9-018f-90ce-a0c1-0000069533f0 
on database directory memory:/home/idflakies/apache/hive/null/junit_metastore_db_35319 with class loader sun.misc.Launcher$AppClassLoader@6f75e721 
Loaded from file:/home/idflakies/.m2/repository/org/apache/derby/derby/10.14.1.0/derby-10.14.1.0.jar
java.vendor=Private Build
java.runtime.version=1.8.0_292-8u292-b10-0ubuntu1~16.04.1-b10
user.dir=/home/idflakies/apache/hive
os.name=Linux
os.arch=amd64
os.version=6.6.12-linuxkit
derby.system.home=null
Database Class Loader started - derby.database.classpath=''
----------------------------------------------------------------
Sun May 19 13:11:41 UTC 2024:
Booting Derby version The Apache Software Foundation - Apache Derby - 10.14.1.0 - (1808820): instance 60d422a1-018f-90ce-a0c1-0000069533f0 
on database directory memory:/home/idflakies/apache/hive/null/junit_metastore_db_39087 with class loader sun.misc.Launcher$AppClassLoader@6f75e721 
Loaded from file:/home/idflakies/.m2/repository/org/apache/derby/derby/10.14.1.0/derby-10.14.1.0.jar
java.vendor=Private Build
java.runtime.version=1.8.0_292-8u292-b10-0ubuntu1~16.04.1-b10
user.dir=/home/idflakies/apache/hive
os.name=Linux
os.arch=amd64
os.version=6.6.12-linuxkit
derby.system.home=null
Database Class Loader started - derby.database.classpath=''
----------------------------------------------------------------
Sun May 19 13:12:41 UTC 2024:
Booting Derby version The Apache Software Foundation - Apache Derby - 10.14.1.0 - (1808820): instance 2a332359-018f-90ce-a0c1-0000069533f0 
on database directory memory:/home/idflakies/apache/hive/null/junit_metastore_db_36849 with class loader sun.misc.Launcher$AppClassLoader@6f75e721 
Loaded from file:/home/idflakies/.m2/repository/org/apache/derby/derby/10.14.1.0/derby-10.14.1.0.jar
java.vendor=Private Build
java.runtime.version=1.8.0_292-8u292-b10-0ubuntu1~16.04.1-b10
user.dir=/home/idflakies/apache/hive
os.name=Linux
os.arch=amd64
os.version=6.6.12-linuxkit
derby.system.home=null
Database Class Loader started - derby.database.classpath=''
----------------------------------------------------------------
Sun May 19 13:13:41 UTC 2024:
Booting Derby version The Apache Software Foundation - Apache Derby - 10.14.1.0 - (1808820): instance 14a22411-018f-90ce-a0c1-0000069533f0 
on database directory memory:/home/idflakies/apache/hive/null/junit_metastore_db_40509 with class loader sun.misc.Launcher$AppClassLoader@6f75e721 
Loaded from file:/home/idflakies/.m2/repository/org/apache/derby/derby/10.14.1.0/derby-10.14.1.0.jar
java.vendor=Private Build
java.runtime.version=1.8.0_292-8u292-b10-0ubuntu1~16.04.1-b10
user.dir=/home/idflakies/apache/hive
os.name=Linux
os.arch=amd64
os.version=6.6.12-linuxkit
derby.system.home=null
Database Class Loader started - derby.database.classpath=''
----------------------------------------------------------------
Sun May 19 13:14:41 UTC 2024:
Booting Derby version The Apache Software Foundation - Apache Derby - 10.14.1.0 - (1808820): instance 202124c9-018f-90ce-a0c1-0000069533f0 
on database directory memory:/home/idflakies/apache/hive/null/junit_metastore_db_46171 with class loader sun.misc.Launcher$AppClassLoader@6f75e721 
Loaded from file:/home/idflakies/.m2/repository/org/apache/derby/derby/10.14.1.0/derby-10.14.1.0.jar
java.vendor=Private Build
java.runtime.version=1.8.0_292-8u292-b10-0ubuntu1~16.04.1-b10
user.dir=/home/idflakies/apache/hive
os.name=Linux
os.arch=amd64
os.version=6.6.12-linuxkit
derby.system.home=null
Database Class Loader started - derby.database.classpath=''
----------------------------------------------------------------
Sun May 19 13:15:41 UTC 2024:
Booting Derby version The Apache Software Foundation - Apache Derby - 10.14.1.0 - (1808820): instance 4cb02581-018f-90ce-a0c1-0000069533f0 
on database directory memory:/home/idflakies/apache/hive/null/junit_metastore_db_40153 with class loader sun.misc.Launcher$AppClassLoader@6f75e721 
Loaded from file:/home/idflakies/.m2/repository/org/apache/derby/derby/10.14.1.0/derby-10.14.1.0.jar
java.vendor=Private Build
java.runtime.version=1.8.0_292-8u292-b10-0ubuntu1~16.04.1-b10
user.dir=/home/idflakies/apache/hive
os.name=Linux
os.arch=amd64
os.version=6.6.12-linuxkit
derby.system.home=null
Database Class Loader started - derby.database.classpath=''
