[INFO] Error stacktraces are turned on.
[INFO] Scanning for projects...
[INFO] Inspecting build with total of 1 modules...
[INFO] Installing Nexus Staging features:
[INFO]   ... total of 1 executions of maven-deploy-plugin replaced with nexus-staging-maven-plugin
[INFO] 
[INFO] --------------------< de.struller-baumann:visualee >--------------------
[INFO] Building visualee 0.29-SNAPSHOT
[INFO] ----------------------------[ maven-plugin ]----------------------------
[INFO] 
[INFO] >>> idflakies-maven-plugin:2.0.1-SNAPSHOT:detect (default-cli) > test-compile @ visualee >>>
[INFO] 
[INFO] --- license-maven-plugin:1.6:update-file-header (add-apache-headers) @ visualee ---
[INFO] Will search files to update from root /home/idflakies/Thomas-S-B/visualee/src
[INFO] Will search files to update from root /home/idflakies/Thomas-S-B/visualee/target/generated-sources
[INFO] Scan 63 files header done in 152.456ms.
[INFO] All files are up-to-date.
[INFO] 
[INFO] --- maven-resources-plugin:2.6:resources (default-resources) @ visualee ---
[INFO] Using 'UTF-8' encoding to copy filtered resources.
[INFO] Copying 9 resources
[INFO] 
[INFO] --- maven-compiler-plugin:3.3:compile (default-compile) @ visualee ---
[INFO] Nothing to compile - all classes are up to date
[INFO] 
[INFO] --- maven-plugin-plugin:3.2:descriptor (default-descriptor) @ visualee ---
[INFO] Using 'UTF-8' encoding to read mojo metadata.
[INFO] Applying mojo extractor for language: java
[WARNING] de.strullerbaumann.visualee.maven.VisualEEMojo#mavenSession:
[WARNING]   The syntax
[WARNING]     @parameter expression="${property}"
[WARNING]   is deprecated, please use
[WARNING]     @parameter property="property"
[WARNING]   instead.
[WARNING] de.strullerbaumann.visualee.maven.VisualEEMojo#outputdirectory:
[WARNING]   The syntax
[WARNING]     @parameter expression="${property}"
[WARNING]   is deprecated, please use
[WARNING]     @parameter property="property"
[WARNING]   instead.
[INFO] Mojo extractor for language: java found 1 mojo descriptors.
[INFO] Applying mojo extractor for language: bsh
[INFO] Mojo extractor for language: bsh found 0 mojo descriptors.
[INFO] Applying mojo extractor for language: java-annotations
[INFO] Mojo extractor for language: java-annotations found 0 mojo descriptors.
[INFO] 
[INFO] --- maven-resources-plugin:2.6:testResources (default-testResources) @ visualee ---
[INFO] Using 'UTF-8' encoding to copy filtered resources.
[INFO] skip non existing resourceDirectory /home/idflakies/Thomas-S-B/visualee/src/test/resources
[INFO] 
[INFO] --- maven-compiler-plugin:3.3:testCompile (default-testCompile) @ visualee ---
[INFO] Nothing to compile - all classes are up to date
[INFO] 
[INFO] <<< idflakies-maven-plugin:2.0.1-SNAPSHOT:detect (default-cli) < test-compile @ visualee <<<
[INFO] 
[INFO] 
[INFO] --- idflakies-maven-plugin:2.0.1-SNAPSHOT:detect (default-cli) @ visualee ---
INFO: Locating tests...
INFO: Located 120 tests. Time taken: 0.30100011825561523 seconds
INFO: TIMEOUT_VALUE: Using a timeout of 10800.0, and that the total mvn test time is: 3.77
INFO: ROUNDS_CALCULATED: Giving de.struller-baumann:visualee:0.29-SNAPSHOT 10 rounds to run for random-class
INFO: Using original order in path: /Scratch/all-output/thomas-s-b.visualee_output/visualee/original-order
INFO: Using original order in path: /Scratch/all-output/thomas-s-b.visualee_output/visualee/original-order
[INFO] Getting original results (120 tests).
INFO: No passing order for tests (3 runs). Continuing anyway with last run.
INFO: Created dependent test detector (class edu.illinois.cs.dt.tools.detection.detectors.RandomDetector).
Verified de.strullerbaumann.visualee.dependency.boundary.DependencyContainerTest.testGetRelevantClassesFilter, status: expected PASS, got PASS
Verified de.strullerbaumann.visualee.dependency.boundary.DependencyContainerTest.testGetRelevantClassesFilter, status: expected ERROR, got ERROR
Verified de.strullerbaumann.visualee.dependency.boundary.DependencyContainerTest.testGetRelevantClassesDirectlyConnected, status: expected PASS, got PASS
Verified de.strullerbaumann.visualee.dependency.boundary.DependencyContainerTest.testGetRelevantClassesDirectlyConnected, status: expected ERROR, got ERROR
Verified de.strullerbaumann.visualee.examiner.cdi.ExaminerEJBTest.testFindAndSetAttributesSetEJB, status: expected PASS, got PASS
Verified de.strullerbaumann.visualee.examiner.cdi.ExaminerEJBTest.testFindAndSetAttributesSetEJB, status: expected ERROR, got ERROR
Verified de.strullerbaumann.visualee.examiner.cdi.ExaminerObservesTest.testObservesWithPhases, status: expected PASS, got PASS
Verified de.strullerbaumann.visualee.examiner.cdi.ExaminerObservesTest.testObservesWithPhases, status: expected ERROR, got ERROR
Verified de.strullerbaumann.visualee.examiner.cdi.ExaminerObservesTest.testObservesAnnotated, status: expected PASS, got PASS
Verified de.strullerbaumann.visualee.examiner.cdi.ExaminerObservesTest.testObservesAnnotated, status: expected ERROR, got ERROR
Verified de.strullerbaumann.visualee.examiner.cdi.ExaminerEJBTest.testFindAndSetAttributesEJBSetterWithAnnotations, status: expected PASS, got PASS
Verified de.strullerbaumann.visualee.examiner.cdi.ExaminerEJBTest.testFindAndSetAttributesEJBSetterWithAnnotations, status: expected ERROR, got ERROR
Verified de.strullerbaumann.visualee.examiner.cdi.ExaminerObservesTest.testObservesDuring, status: expected PASS, got PASS
Verified de.strullerbaumann.visualee.examiner.cdi.ExaminerObservesTest.testObservesDuring, status: expected ERROR, got ERROR
Verified de.strullerbaumann.visualee.examiner.cdi.ExaminerEJBTest.testFindAndSetAttributesSetEJBPackageView, status: expected PASS, got PASS
Verified de.strullerbaumann.visualee.examiner.cdi.ExaminerEJBTest.testFindAndSetAttributesSetEJBPackageView, status: expected ERROR, got ERROR
Verified de.strullerbaumann.visualee.examiner.cdi.ExaminerResourceTest.testFindAndSetAttributesResource, status: expected PASS, got PASS
Verified de.strullerbaumann.visualee.examiner.cdi.ExaminerResourceTest.testFindAndSetAttributesResource, status: expected ERROR, got ERROR
Verified de.strullerbaumann.visualee.examiner.cdi.ExaminerResourceTest.testFindAndSetAttributesResourceMappedName, status: expected PASS, got PASS
Verified de.strullerbaumann.visualee.examiner.cdi.ExaminerResourceTest.testFindAndSetAttributesResourceMappedName, status: expected ERROR, got ERROR
Verified de.strullerbaumann.visualee.source.boundary.JavaSourceContainerTest.testAddJavaSourceDoublette, status: expected ERROR, got ERROR
Verified de.strullerbaumann.visualee.source.boundary.JavaSourceContainerTest.testAddJavaSourceDoublette, status: expected PASS, got PASS
Verified de.strullerbaumann.visualee.examiner.cdi.ExaminerObservesTest.testObservesNotify, status: expected PASS, got PASS
Verified de.strullerbaumann.visualee.examiner.cdi.ExaminerObservesTest.testObservesNotify, status: expected ERROR, got ERROR
Verified de.strullerbaumann.visualee.dependency.boundary.DependencyContainerTest.testFindAllDependenciesWith, status: expected PASS, got PASS
Verified de.strullerbaumann.visualee.dependency.boundary.DependencyContainerTest.testFindAllDependenciesWith, status: expected ERROR, got ERROR
Verified de.strullerbaumann.visualee.examiner.cdi.ExaminerObservesTest.testFindAndSetAttributesObserves, status: expected PASS, got PASS
Verified de.strullerbaumann.visualee.examiner.cdi.ExaminerObservesTest.testFindAndSetAttributesObserves, status: expected ERROR, got ERROR
Verified de.strullerbaumann.visualee.examiner.cdi.ExaminerEJBTest.testFindAndSetAttributesEJBWithParameter, status: expected PASS, got PASS
Verified de.strullerbaumann.visualee.examiner.cdi.ExaminerEJBTest.testFindAndSetAttributesEJBWithParameter, status: expected ERROR, got ERROR
Verified de.strullerbaumann.visualee.source.boundary.JavaSourceContainerTest.testGetJavaSourceByName, status: expected ERROR, got ERROR
Verified de.strullerbaumann.visualee.source.boundary.JavaSourceContainerTest.testGetJavaSourceByName, status: expected PASS, got PASS
Verified de.strullerbaumann.visualee.examiner.cdi.ExaminerResourceTest.testFindAndSetAttributesResourceInstance, status: expected PASS, got PASS
Verified de.strullerbaumann.visualee.examiner.cdi.ExaminerResourceTest.testFindAndSetAttributesResourceInstance, status: expected ERROR, got ERROR
[INFO] Found 17 tests in round 1 of 10 (0.0 seconds elapsed (27.4 total), 0.0 seconds remaining).
Verified de.strullerbaumann.visualee.examiner.JavaSourceInspectorTest.testFindAndSetAttributesIgnoreCommentBlocks, status: expected PASS, got PASS
Verified de.strullerbaumann.visualee.examiner.JavaSourceInspectorTest.testFindAndSetAttributesIgnoreCommentBlocks, status: expected ERROR, got ERROR
Verified de.strullerbaumann.visualee.examiner.cdi.ExaminerObservesTest.testObservesAnnotated, status: expected PASS, got PASS
Verified de.strullerbaumann.visualee.examiner.cdi.ExaminerObservesTest.testObservesAnnotated, status: expected ERROR, got ERROR
Verified de.strullerbaumann.visualee.examiner.jpa.JPAExaminerTest.testFindAndSetAttributesManyToMany, status: expected PASS, got PASS
Verified de.strullerbaumann.visualee.examiner.jpa.JPAExaminerTest.testFindAndSetAttributesManyToMany, status: expected ERROR, got ERROR
Verified de.strullerbaumann.visualee.examiner.cdi.ExaminerProducesTest.testFindAndSetAttributesProduces, status: expected PASS, got PASS
Verified de.strullerbaumann.visualee.examiner.cdi.ExaminerProducesTest.testFindAndSetAttributesProduces, status: expected ERROR, got ERROR
Verified de.strullerbaumann.visualee.examiner.jpa.JPAExaminerTest.testFindAndSetAttributesIgnoreCommentBlocks, status: expected PASS, got PASS
Verified de.strullerbaumann.visualee.examiner.jpa.JPAExaminerTest.testFindAndSetAttributesIgnoreCommentBlocks, status: expected ERROR, got ERROR
Verified de.strullerbaumann.visualee.examiner.cdi.ExaminerResourceTest.testFindAndSetAttributesResource, status: expected PASS, got PASS
Verified de.strullerbaumann.visualee.examiner.cdi.ExaminerResourceTest.testFindAndSetAttributesResource, status: expected ERROR, got ERROR
Verified de.strullerbaumann.visualee.examiner.cdi.ExaminerInstanceTest.testFindAndSetAttributesSetInstance, status: expected PASS, got PASS
Verified de.strullerbaumann.visualee.examiner.cdi.ExaminerInstanceTest.testFindAndSetAttributesSetInstance, status: expected ERROR, got ERROR
Verified de.strullerbaumann.visualee.examiner.cdi.ExaminerResourceTest.testFindAndSetAttributesResourceMappedName, status: expected PASS, got PASS
Verified de.strullerbaumann.visualee.examiner.cdi.ExaminerResourceTest.testFindAndSetAttributesResourceMappedName, status: expected ERROR, got ERROR
Verified de.strullerbaumann.visualee.examiner.cdi.ExaminerObservesTest.testFindAndSetAttributesObserves, status: expected PASS, got PASS
Verified de.strullerbaumann.visualee.examiner.cdi.ExaminerObservesTest.testFindAndSetAttributesObserves, status: expected ERROR, got ERROR
Verified de.strullerbaumann.visualee.examiner.cdi.ExaminerProducesTest.testFindAndSetAttributesStaticProduces, status: expected PASS, got PASS
Verified de.strullerbaumann.visualee.examiner.cdi.ExaminerProducesTest.testFindAndSetAttributesStaticProduces, status: expected ERROR, got ERROR
Verified de.strullerbaumann.visualee.examiner.jpa.JPAExaminerTest.testFindAndSetAttributesIgnoreComments, status: expected PASS, got PASS
Verified de.strullerbaumann.visualee.examiner.jpa.JPAExaminerTest.testFindAndSetAttributesIgnoreComments, status: expected ERROR, got ERROR
Verified de.strullerbaumann.visualee.examiner.cdi.ExaminerInstanceTest.testFindAndSetAttributesSetInstanceGeneric, status: expected PASS, got PASS
Verified de.strullerbaumann.visualee.examiner.cdi.ExaminerInstanceTest.testFindAndSetAttributesSetInstanceGeneric, status: expected ERROR, got ERROR
Verified de.strullerbaumann.visualee.examiner.JavaSourceInspectorTest.testFindAndSetAttributesIgnoreComments, status: expected PASS, got PASS
Verified de.strullerbaumann.visualee.examiner.JavaSourceInspectorTest.testFindAndSetAttributesIgnoreComments, status: expected ERROR, got ERROR
Verified de.strullerbaumann.visualee.examiner.jpa.JPAExaminerTest.testFindAndSetAttributesManyToOne, status: expected PASS, got PASS
Verified de.strullerbaumann.visualee.examiner.jpa.JPAExaminerTest.testFindAndSetAttributesManyToOne, status: expected ERROR, got ERROR
Verified de.strullerbaumann.visualee.examiner.cdi.ExaminerResourceTest.testFindAndSetAttributesResourceInstance, status: expected PASS, got PASS
Verified de.strullerbaumann.visualee.examiner.cdi.ExaminerResourceTest.testFindAndSetAttributesResourceInstance, status: expected ERROR, got ERROR
Verified de.strullerbaumann.visualee.examiner.JavaSourceInspectorTest.testSetGroupNrs, status: expected PASS, got PASS
Verified de.strullerbaumann.visualee.examiner.JavaSourceInspectorTest.testSetGroupNrs, status: expected ERROR, got ERROR
[INFO] Found 11 tests in round 2 of 10 (0.0 seconds elapsed (52.8 total), 0.0 seconds remaining).
Verified de.strullerbaumann.visualee.ui.graph.boundary.GraphCreatorTest.testBuildJSONNodes, status: expected PASS, got PASS
Verified de.strullerbaumann.visualee.ui.graph.boundary.GraphCreatorTest.testBuildJSONNodes, status: expected ERROR, got ERROR
Verified de.strullerbaumann.visualee.dependency.boundary.DependencyContainerTest.testGetRelevantClassesDirectlyConnected, status: expected PASS, got PASS
Verified de.strullerbaumann.visualee.dependency.boundary.DependencyContainerTest.testGetRelevantClassesDirectlyConnected, status: expected ERROR, got ERROR
Verified de.strullerbaumann.visualee.examiner.JavaSourceInspectorTest.testFindAndSetAttributesIgnoreCommentBlocks, status: expected PASS, got PASS
Verified de.strullerbaumann.visualee.examiner.JavaSourceInspectorTest.testFindAndSetAttributesIgnoreCommentBlocks, status: expected ERROR, got ERROR
Verified de.strullerbaumann.visualee.ui.graph.control.DescriptionTest.testGenerateDescription, status: expected PASS, got PASS
Verified de.strullerbaumann.visualee.ui.graph.control.DescriptionTest.testGenerateDescription, status: expected ERROR, got ERROR
Verified de.strullerbaumann.visualee.ui.graph.control.DescriptionTest.testGenerateDescription2, status: expected PASS, got PASS
Verified de.strullerbaumann.visualee.ui.graph.control.DescriptionTest.testGenerateDescription2, status: expected ERROR, got ERROR
Verified de.strullerbaumann.visualee.ui.graph.boundary.GraphCreatorTest.testBuildJSONNode, status: expected PASS, got PASS
Verified de.strullerbaumann.visualee.ui.graph.boundary.GraphCreatorTest.testBuildJSONNode, status: expected ERROR, got ERROR
Verified de.strullerbaumann.visualee.ui.graph.boundary.GraphCreatorTest.testBuildJSONLinks, status: expected PASS, got PASS
Verified de.strullerbaumann.visualee.ui.graph.boundary.GraphCreatorTest.testBuildJSONLinks, status: expected ERROR, got ERROR
Verified de.strullerbaumann.visualee.dependency.boundary.DependencyContainerTest.testFindAllDependenciesWith, status: expected PASS, got PASS
Verified de.strullerbaumann.visualee.dependency.boundary.DependencyContainerTest.testFindAllDependenciesWith, status: expected ERROR, got ERROR
Verified de.strullerbaumann.visualee.examiner.JavaSourceInspectorTest.testFindAndSetAttributesIgnoreComments, status: expected PASS, got PASS
Verified de.strullerbaumann.visualee.examiner.JavaSourceInspectorTest.testFindAndSetAttributesIgnoreComments, status: expected ERROR, got ERROR
[INFO] Found 5 tests in round 3 of 10 (0.0 seconds elapsed (67.9 total), 0.0 seconds remaining).
Verified de.strullerbaumann.visualee.dependency.boundary.DependencyContainerTest.testGetRelevantClassesDirectlyConnected, status: expected PASS, got PASS
Verified de.strullerbaumann.visualee.dependency.boundary.DependencyContainerTest.testGetRelevantClassesDirectlyConnected, status: expected ERROR, got ERROR
Verified de.strullerbaumann.visualee.ui.graph.control.DescriptionTest.testGenerateDescription, status: expected PASS, got PASS
Verified de.strullerbaumann.visualee.ui.graph.control.DescriptionTest.testGenerateDescription, status: expected ERROR, got ERROR
Verified de.strullerbaumann.visualee.examiner.cdi.ExaminerInjectTest.testFindAndSetAttributesSetInject, status: expected PASS, got PASS
Verified de.strullerbaumann.visualee.examiner.cdi.ExaminerInjectTest.testFindAndSetAttributesSetInject, status: expected ERROR, got ERROR
Verified de.strullerbaumann.visualee.ui.graph.control.DescriptionTest.testGenerateDescription2, status: expected PASS, got PASS
Verified de.strullerbaumann.visualee.ui.graph.control.DescriptionTest.testGenerateDescription2, status: expected ERROR, got ERROR
Verified de.strullerbaumann.visualee.examiner.cdi.ExaminerObservesTest.testObservesNotify, status: expected PASS, got PASS
Verified de.strullerbaumann.visualee.examiner.cdi.ExaminerObservesTest.testObservesNotify, status: expected ERROR, got ERROR
Verified de.strullerbaumann.visualee.examiner.cdi.ExaminerInjectTest.testFindAndSetAttributesInjectSetterWithAnnotations, status: expected PASS, got PASS
Verified de.strullerbaumann.visualee.examiner.cdi.ExaminerInjectTest.testFindAndSetAttributesInjectSetterWithAnnotations, status: expected ERROR, got ERROR
Verified de.strullerbaumann.visualee.examiner.cdi.ExaminerInjectTest.testFindEventNamedClass, status: expected PASS, got PASS
Verified de.strullerbaumann.visualee.examiner.cdi.ExaminerInjectTest.testFindEventNamedClass, status: expected ERROR, got ERROR
Verified de.strullerbaumann.visualee.examiner.jpa.JPAExaminerTest.testFindAndSetAttributesIgnoreComments, status: expected PASS, got PASS
Verified de.strullerbaumann.visualee.examiner.jpa.JPAExaminerTest.testFindAndSetAttributesIgnoreComments, status: expected ERROR, got ERROR
[INFO] Found 3 tests in round 4 of 10 (0.0 seconds elapsed (81.6 total), 0.0 seconds remaining).
Verified de.strullerbaumann.visualee.examiner.cdi.ExaminerEventTest.testFindAndSetAttributesSetInstance, status: expected PASS, got PASS
Verified de.strullerbaumann.visualee.examiner.cdi.ExaminerEventTest.testFindAndSetAttributesSetInstance, status: expected ERROR, got ERROR
Verified de.strullerbaumann.visualee.examiner.cdi.ExaminerEventTest.testFindEvents, status: expected PASS, got PASS
Verified de.strullerbaumann.visualee.examiner.cdi.ExaminerEventTest.testFindEvents, status: expected ERROR, got ERROR
Verified de.strullerbaumann.visualee.dependency.boundary.DependencyContainerTest.testFindAllDependenciesWith, status: expected PASS, got PASS
Verified de.strullerbaumann.visualee.dependency.boundary.DependencyContainerTest.testFindAllDependenciesWith, status: expected ERROR, got ERROR
[INFO] Found 2 tests in round 5 of 10 (0.0 seconds elapsed (87.0 total), 0.0 seconds remaining).
Verified de.strullerbaumann.visualee.examiner.cdi.ExaminerObservesTest.testObservesAnnotated, status: expected PASS, got PASS
Verified de.strullerbaumann.visualee.examiner.cdi.ExaminerObservesTest.testObservesAnnotated, status: expected ERROR, got ERROR
Verified de.strullerbaumann.visualee.ui.graph.boundary.GraphCreatorTest.testBuildJSONNode, status: expected PASS, got PASS
Verified de.strullerbaumann.visualee.ui.graph.boundary.GraphCreatorTest.testBuildJSONNode, status: expected ERROR, got ERROR
[INFO] Found 0 tests in round 6 of 10 (0.0 seconds elapsed (91.1 total), 0.0 seconds remaining).
Verified de.strullerbaumann.visualee.examiner.cdi.ExaminerObservesTest.testObservesWithPhases, status: expected PASS, got PASS
Verified de.strullerbaumann.visualee.examiner.cdi.ExaminerObservesTest.testObservesWithPhases, status: expected ERROR, got ERROR
Verified de.strullerbaumann.visualee.filter.entity.SourcecodeFilterTest.testIsOkIncludeTrue, status: expected ERROR, got ERROR
Verified de.strullerbaumann.visualee.filter.entity.SourcecodeFilterTest.testIsOkIncludeTrue, status: expected PASS, got PASS
Verified de.strullerbaumann.visualee.filter.entity.PackageFilterTest.testIsOkIncludeTrue, status: expected ERROR, got ERROR
Verified de.strullerbaumann.visualee.filter.entity.PackageFilterTest.testIsOkIncludeTrue, status: expected PASS, got PASS
Verified de.strullerbaumann.visualee.examiner.cdi.ExaminerInstanceTest.testFindAndSetAttributesSetInstance, status: expected PASS, got PASS
Verified de.strullerbaumann.visualee.examiner.cdi.ExaminerInstanceTest.testFindAndSetAttributesSetInstance, status: expected ERROR, got ERROR
Verified de.strullerbaumann.visualee.filter.boundary.FilterContainerTest.testIsOkExcludeFalse, status: expected PASS, got PASS
Verified de.strullerbaumann.visualee.filter.boundary.FilterContainerTest.testIsOkExcludeFalse, status: expected ERROR, got ERROR
Verified de.strullerbaumann.visualee.examiner.cdi.ExaminerResourceTest.testFindAndSetAttributesResourceMappedName, status: expected PASS, got PASS
Verified de.strullerbaumann.visualee.examiner.cdi.ExaminerResourceTest.testFindAndSetAttributesResourceMappedName, status: expected ERROR, got ERROR
Verified de.strullerbaumann.visualee.filter.entity.PackageFilterTest.testIsOkExcludeFalse, status: expected PASS, got PASS
Verified de.strullerbaumann.visualee.filter.entity.PackageFilterTest.testIsOkExcludeFalse, status: expected ERROR, got ERROR
Verified de.strullerbaumann.visualee.filter.entity.SourcecodeFilterTest.testIsOkExcludeFalse, status: expected PASS, got PASS
Verified de.strullerbaumann.visualee.filter.entity.SourcecodeFilterTest.testIsOkExcludeFalse, status: expected ERROR, got ERROR
Verified de.strullerbaumann.visualee.filter.entity.ClassFilterTest.testIsOkExcludeFalse, status: expected PASS, got PASS
Verified de.strullerbaumann.visualee.filter.entity.ClassFilterTest.testIsOkExcludeFalse, status: expected ERROR, got ERROR
Verified de.strullerbaumann.visualee.filter.entity.ClassFilterTest.testIsOkIncludeTrue, status: expected ERROR, got ERROR
Verified de.strullerbaumann.visualee.filter.entity.ClassFilterTest.testIsOkIncludeTrue, status: expected PASS, got PASS
Verified de.strullerbaumann.visualee.examiner.JavaSourceInspectorTest.testFindAndSetAttributesIgnoreComments, status: expected PASS, got PASS
Verified de.strullerbaumann.visualee.examiner.JavaSourceInspectorTest.testFindAndSetAttributesIgnoreComments, status: expected ERROR, got ERROR
Verified de.strullerbaumann.visualee.filter.boundary.FilterContainerTest.testIsOkIncludeTrue, status: expected ERROR, got ERROR
Verified de.strullerbaumann.visualee.filter.boundary.FilterContainerTest.testIsOkIncludeTrue, status: expected PASS, got PASS
Verified de.strullerbaumann.visualee.examiner.JavaSourceInspectorTest.testSetGroupNrs, status: expected PASS, got PASS
Verified de.strullerbaumann.visualee.examiner.JavaSourceInspectorTest.testSetGroupNrs, status: expected ERROR, got ERROR
[INFO] Found 8 tests in round 7 of 10 (4.2 seconds elapsed (112.1 total), 1.8 seconds remaining).
Verified de.strullerbaumann.visualee.examiner.cdi.ExaminerInstanceTest.testFindAndSetAttributesSetInstance, status: expected PASS, got PASS
Verified de.strullerbaumann.visualee.examiner.cdi.ExaminerInstanceTest.testFindAndSetAttributesSetInstance, status: expected ERROR, got ERROR
Verified de.strullerbaumann.visualee.examiner.cdi.ExaminerInstanceTest.testFindAndSetAttributesSetInstanceGeneric, status: expected PASS, got PASS
Verified de.strullerbaumann.visualee.examiner.cdi.ExaminerInstanceTest.testFindAndSetAttributesSetInstanceGeneric, status: expected ERROR, got ERROR
[INFO] Found 0 tests in round 8 of 10 (0.0 seconds elapsed (116.0 total), 0.0 seconds remaining).
Verified de.strullerbaumann.visualee.dependency.boundary.DependencyContainerTest.testGetRelevantClassesFilter, status: expected PASS, got PASS
Verified de.strullerbaumann.visualee.dependency.boundary.DependencyContainerTest.testGetRelevantClassesFilter, status: expected ERROR, got ERROR
Verified de.strullerbaumann.visualee.examiner.cdi.ExaminerEJBTest.testFindAndSetAttributesSetEJB, status: expected PASS, got PASS
Verified de.strullerbaumann.visualee.examiner.cdi.ExaminerEJBTest.testFindAndSetAttributesSetEJB, status: expected ERROR, got ERROR
Verified de.strullerbaumann.visualee.examiner.cdi.ExaminerEJBTest.testFindAndSetAttributesSetEJBPackageView, status: expected PASS, got PASS
Verified de.strullerbaumann.visualee.examiner.cdi.ExaminerEJBTest.testFindAndSetAttributesSetEJBPackageView, status: expected ERROR, got ERROR
Verified de.strullerbaumann.visualee.examiner.cdi.ExaminerInstanceTest.testFindAndSetAttributesSetInstance, status: expected PASS, got PASS
Verified de.strullerbaumann.visualee.examiner.cdi.ExaminerInstanceTest.testFindAndSetAttributesSetInstance, status: expected ERROR, got ERROR
Verified de.strullerbaumann.visualee.examiner.cdi.ExaminerEventTest.testFindEvents, status: expected PASS, got PASS
Verified de.strullerbaumann.visualee.examiner.cdi.ExaminerEventTest.testFindEvents, status: expected ERROR, got ERROR
Verified de.strullerbaumann.visualee.filter.entity.PackageFilterTest.testIsOkExcludeFalse, status: expected PASS, got PASS
Verified de.strullerbaumann.visualee.filter.entity.PackageFilterTest.testIsOkExcludeFalse, status: expected ERROR, got ERROR
Verified de.strullerbaumann.visualee.filter.entity.SourcecodeFilterTest.testIsOkExcludeFalse, status: expected PASS, got PASS
Verified de.strullerbaumann.visualee.filter.entity.SourcecodeFilterTest.testIsOkExcludeFalse, status: expected ERROR, got ERROR
Verified de.strullerbaumann.visualee.filter.boundary.FilterContainerTest.testIsOkIncludeTrue, status: expected ERROR, got ERROR
Verified de.strullerbaumann.visualee.filter.boundary.FilterContainerTest.testIsOkIncludeTrue, status: expected PASS, got PASS
[INFO] Found 0 tests in round 9 of 10 (3.9 seconds elapsed (129.1 total), 0.4 seconds remaining).
Verified de.strullerbaumann.visualee.examiner.cdi.ExaminerInjectTest.testFindAndSetAttributesInjectSetterWithAnnotations, status: expected PASS, got PASS
Verified de.strullerbaumann.visualee.examiner.cdi.ExaminerInjectTest.testFindAndSetAttributesInjectSetterWithAnnotations, status: expected ERROR, got ERROR
Verified de.strullerbaumann.visualee.source.entity.JavaSourceTest.testGetDependenciesOfType, status: expected PASS, got PASS
Verified de.strullerbaumann.visualee.source.entity.JavaSourceTest.testGetDependenciesOfType, status: expected ERROR, got ERROR
[INFO] Found 1 tests in round 10 of 10 (17.0 seconds elapsed (133.2 total), 0.0 seconds remaining).

[INFO] Found 47 tests, writing list to /Scratch/all-output/thomas-s-b.visualee_output/visualee/detection-results/list.txt and dt lists to /Scratch/all-output/thomas-s-b.visualee_output/visualee/detection-results/flaky-lists.json
TRY_COPY_ALL_FAILING_TEST_OUTPUT
[INFO] ------------------------------------------------------------------------
[INFO] BUILD SUCCESS
[INFO] ------------------------------------------------------------------------
[INFO] Total time: 02:19 min
[INFO] Finished at: 2024-04-21T20:20:57Z
[INFO] ------------------------------------------------------------------------
