[INFO] Scanning for projects...
[INFO] Downloading from central: https://repo.maven.apache.org/maven2/joda-time/joda-time/maven-metadata.xml
[INFO] Downloaded from central: https://repo.maven.apache.org/maven2/joda-time/joda-time/maven-metadata.xml (2.1 kB at 6.4 kB/s)
[INFO] 
[INFO] -------------------< com.j256.ormlite:ormlite-core >--------------------
[INFO] Building ORMLite Core 6.0-SNAPSHOT
[INFO] --------------------------------[ jar ]---------------------------------
[INFO] 
[INFO] --- maven-clean-plugin:2.5:clean (default-clean) @ ormlite-core ---
[INFO] Deleting /home/alex/Repositories/ormlite-core/target
[INFO] 
[INFO] --- maven-enforcer-plugin:1.0:enforce (enforce-maven) @ ormlite-core ---
[INFO] 
[INFO] --- jacoco-maven-plugin:0.8.6:prepare-agent (default) @ ormlite-core ---
[INFO] argLine set to -javaagent:/home/alex/.m2/repository/org/jacoco/org.jacoco.agent/0.8.6/org.jacoco.agent-0.8.6-runtime.jar=destfile=/home/alex/Repositories/ormlite-core/target/jacoco.exec
[INFO] 
[INFO] --- maven-resources-plugin:2.6:resources (default-resources) @ ormlite-core ---
[INFO] Using 'UTF-8' encoding to copy filtered resources.
[INFO] Copying 2 resources
[INFO] 
[INFO] --- maven-compiler-plugin:2.5.1:compile (default-compile) @ ormlite-core ---
[INFO] Compiling 173 source files to /home/alex/Repositories/ormlite-core/target/classes
[INFO] 
[INFO] --- maven-resources-plugin:2.6:testResources (default-testResources) @ ormlite-core ---
[INFO] Using 'UTF-8' encoding to copy filtered resources.
[INFO] Copying 2 resources
[INFO] 
[INFO] --- maven-compiler-plugin:2.5.1:testCompile (default-testCompile) @ ormlite-core ---
[INFO] Compiling 132 source files to /home/alex/Repositories/ormlite-core/target/test-classes
[INFO] 
[INFO] --- maven-surefire-plugin:2.22.1:test (default-test) @ ormlite-core ---
[INFO] Tests are skipped.
[INFO] 
[INFO] --- jacoco-maven-plugin:0.8.6:report (report) @ ormlite-core ---
[INFO] Skipping JaCoCo execution due to missing execution data file.
[INFO] 
[INFO] --- maven-jar-plugin:2.4:jar (default-jar) @ ormlite-core ---
[INFO] Building jar: /home/alex/Repositories/ormlite-core/target/ormlite-core.jar
[INFO] 
[INFO] >>> maven-source-plugin:2.2.1:jar (default) > generate-sources @ ormlite-core >>>
[INFO] 
[INFO] --- maven-enforcer-plugin:1.0:enforce (enforce-maven) @ ormlite-core ---
[INFO] 
[INFO] --- jacoco-maven-plugin:0.8.6:prepare-agent (default) @ ormlite-core ---
[INFO] argLine set to -javaagent:/home/alex/.m2/repository/org/jacoco/org.jacoco.agent/0.8.6/org.jacoco.agent-0.8.6-runtime.jar=destfile=/home/alex/Repositories/ormlite-core/target/jacoco.exec
[INFO] 
[INFO] <<< maven-source-plugin:2.2.1:jar (default) < generate-sources @ ormlite-core <<<
[INFO] 
[INFO] 
[INFO] --- maven-source-plugin:2.2.1:jar (default) @ ormlite-core ---
[INFO] Building jar: /home/alex/Repositories/ormlite-core/target/ormlite-core-sources.jar
[INFO] 
[INFO] >>> maven-source-plugin:2.2.1:test-jar (default) > generate-sources @ ormlite-core >>>
[INFO] 
[INFO] --- maven-enforcer-plugin:1.0:enforce (enforce-maven) @ ormlite-core ---
[INFO] 
[INFO] --- jacoco-maven-plugin:0.8.6:prepare-agent (default) @ ormlite-core ---
[INFO] argLine set to -javaagent:/home/alex/.m2/repository/org/jacoco/org.jacoco.agent/0.8.6/org.jacoco.agent-0.8.6-runtime.jar=destfile=/home/alex/Repositories/ormlite-core/target/jacoco.exec
[INFO] 
[INFO] <<< maven-source-plugin:2.2.1:test-jar (default) < generate-sources @ ormlite-core <<<
[INFO] 
[INFO] 
[INFO] --- maven-source-plugin:2.2.1:test-jar (default) @ ormlite-core ---
[INFO] Building jar: /home/alex/Repositories/ormlite-core/target/ormlite-core-test-sources.jar
[INFO] 
[INFO] --- maven-javadoc-plugin:2.9.1:jar (default) @ ormlite-core ---
[INFO] 
Loading source files for package com.j256.ormlite.field...
Loading source files for package com.j256.ormlite.field.converter...
Loading source files for package com.j256.ormlite.field.types...
Loading source files for package com.j256.ormlite.dao...
Loading source files for package com.j256.ormlite.misc...
Loading source files for package com.j256.ormlite.stmt...
Loading source files for package com.j256.ormlite.stmt.mapped...
Loading source files for package com.j256.ormlite.logger...
Loading source files for package com.j256.ormlite.db...
Loading source files for package com.j256.ormlite.support...
Loading source files for package com.j256.ormlite.table...
Constructing Javadoc information...
Standard Doclet version 1.8.0_402
Building tree for all the packages and classes...
Generating /home/alex/Repositories/ormlite-core/target/apidocs/com/j256/ormlite/field/BaseFieldConverter.html...
Generating /home/alex/Repositories/ormlite-core/target/apidocs/com/j256/ormlite/field/DatabaseField.html...
Generating /home/alex/Repositories/ormlite-core/target/apidocs/com/j256/ormlite/field/DatabaseFieldConfig.html...
Generating /home/alex/Repositories/ormlite-core/target/apidocs/com/j256/ormlite/field/DatabaseFieldConfigLoader.html...
Generating /home/alex/Repositories/ormlite-core/target/apidocs/com/j256/ormlite/field/DataPersister.html...
Generating /home/alex/Repositories/ormlite-core/target/apidocs/com/j256/ormlite/field/DataPersisterManager.html...
Generating /home/alex/Repositories/ormlite-core/target/apidocs/com/j256/ormlite/field/DataType.html...
Generating /home/alex/Repositories/ormlite-core/target/apidocs/com/j256/ormlite/field/FieldConverter.html...
Generating /home/alex/Repositories/ormlite-core/target/apidocs/com/j256/ormlite/field/FieldType.html...
Generating /home/alex/Repositories/ormlite-core/target/apidocs/com/j256/ormlite/field/ForeignCollectionField.html...
Generating /home/alex/Repositories/ormlite-core/target/apidocs/com/j256/ormlite/field/SqlType.html...
Generating /home/alex/Repositories/ormlite-core/target/apidocs/com/j256/ormlite/field/converter/BooleanNumberFieldConverter.html...
Generating /home/alex/Repositories/ormlite-core/target/apidocs/com/j256/ormlite/field/converter/CharacterCompatFieldConverter.html...
Generating /home/alex/Repositories/ormlite-core/target/apidocs/com/j256/ormlite/field/types/BaseDataType.html...
Generating /home/alex/Repositories/ormlite-core/target/apidocs/com/j256/ormlite/field/types/BaseDateType.html...
Generating /home/alex/Repositories/ormlite-core/target/apidocs/com/j256/ormlite/field/types/BaseEnumType.html...
Generating /home/alex/Repositories/ormlite-core/target/apidocs/com/j256/ormlite/field/types/BigDecimalNumericType.html...
Generating /home/alex/Repositories/ormlite-core/target/apidocs/com/j256/ormlite/field/types/BigDecimalStringType.html...
Generating /home/alex/Repositories/ormlite-core/target/apidocs/com/j256/ormlite/field/types/BigIntegerType.html...
Generating /home/alex/Repositories/ormlite-core/target/apidocs/com/j256/ormlite/field/types/BooleanCharType.html...
Generating /home/alex/Repositories/ormlite-core/target/apidocs/com/j256/ormlite/field/types/BooleanIntegerType.html...
Generating /home/alex/Repositories/ormlite-core/target/apidocs/com/j256/ormlite/field/types/BooleanObjectType.html...
Generating /home/alex/Repositories/ormlite-core/target/apidocs/com/j256/ormlite/field/types/BooleanType.html...
Generating /home/alex/Repositories/ormlite-core/target/apidocs/com/j256/ormlite/field/types/ByteArrayType.html...
Generating /home/alex/Repositories/ormlite-core/target/apidocs/com/j256/ormlite/field/types/ByteObjectType.html...
Generating /home/alex/Repositories/ormlite-core/target/apidocs/com/j256/ormlite/field/types/ByteType.html...
Generating /home/alex/Repositories/ormlite-core/target/apidocs/com/j256/ormlite/field/types/CharacterObjectType.html...
Generating /home/alex/Repositories/ormlite-core/target/apidocs/com/j256/ormlite/field/types/CharType.html...
Generating /home/alex/Repositories/ormlite-core/target/apidocs/com/j256/ormlite/field/types/CurrencyType.html...
Generating /home/alex/Repositories/ormlite-core/target/apidocs/com/j256/ormlite/field/types/DateIntegerType.html...
Generating /home/alex/Repositories/ormlite-core/target/apidocs/com/j256/ormlite/field/types/DateLongType.html...
Generating /home/alex/Repositories/ormlite-core/target/apidocs/com/j256/ormlite/field/types/DateStringFormatConfig.html...
Generating /home/alex/Repositories/ormlite-core/target/apidocs/com/j256/ormlite/field/types/DateStringType.html...
Generating /home/alex/Repositories/ormlite-core/target/apidocs/com/j256/ormlite/field/types/DateTimeType.html...
Generating /home/alex/Repositories/ormlite-core/target/apidocs/com/j256/ormlite/field/types/DateType.html...
Generating /home/alex/Repositories/ormlite-core/target/apidocs/com/j256/ormlite/field/types/DoubleObjectType.html...
Generating /home/alex/Repositories/ormlite-core/target/apidocs/com/j256/ormlite/field/types/DoubleType.html...
Generating /home/alex/Repositories/ormlite-core/target/apidocs/com/j256/ormlite/field/types/EnumIntegerType.html...
Generating /home/alex/Repositories/ormlite-core/target/apidocs/com/j256/ormlite/field/types/EnumStringType.html...
Generating /home/alex/Repositories/ormlite-core/target/apidocs/com/j256/ormlite/field/types/EnumToStringType.html...
Generating /home/alex/Repositories/ormlite-core/target/apidocs/com/j256/ormlite/field/types/FloatObjectType.html...
Generating /home/alex/Repositories/ormlite-core/target/apidocs/com/j256/ormlite/field/types/FloatType.html...
Generating /home/alex/Repositories/ormlite-core/target/apidocs/com/j256/ormlite/field/types/IntegerObjectType.html...
Generating /home/alex/Repositories/ormlite-core/target/apidocs/com/j256/ormlite/field/types/IntType.html...
Generating /home/alex/Repositories/ormlite-core/target/apidocs/com/j256/ormlite/field/types/LongObjectType.html...
Generating /home/alex/Repositories/ormlite-core/target/apidocs/com/j256/ormlite/field/types/LongStringType.html...
Generating /home/alex/Repositories/ormlite-core/target/apidocs/com/j256/ormlite/field/types/LongType.html...
Generating /home/alex/Repositories/ormlite-core/target/apidocs/com/j256/ormlite/field/types/NativeUuidType.html...
Generating /home/alex/Repositories/ormlite-core/target/apidocs/com/j256/ormlite/field/types/SerializableType.html...
Generating /home/alex/Repositories/ormlite-core/target/apidocs/com/j256/ormlite/field/types/ShortObjectType.html...
Generating /home/alex/Repositories/ormlite-core/target/apidocs/com/j256/ormlite/field/types/ShortType.html...
Generating /home/alex/Repositories/ormlite-core/target/apidocs/com/j256/ormlite/field/types/SqlDateStringType.html...
Generating /home/alex/Repositories/ormlite-core/target/apidocs/com/j256/ormlite/field/types/SqlDateType.html...
Generating /home/alex/Repositories/ormlite-core/target/apidocs/com/j256/ormlite/field/types/StringBytesType.html...
Generating /home/alex/Repositories/ormlite-core/target/apidocs/com/j256/ormlite/field/types/StringType.html...
Generating /home/alex/Repositories/ormlite-core/target/apidocs/com/j256/ormlite/field/types/TimeStampStringType.html...
Generating /home/alex/Repositories/ormlite-core/target/apidocs/com/j256/ormlite/field/types/TimeStampType.html...
Generating /home/alex/Repositories/ormlite-core/target/apidocs/com/j256/ormlite/field/types/UuidType.html...
Generating /home/alex/Repositories/ormlite-core/target/apidocs/com/j256/ormlite/field/types/VoidType.html...
Generating /home/alex/Repositories/ormlite-core/target/apidocs/com/j256/ormlite/dao/BaseDaoImpl.html...
Generating /home/alex/Repositories/ormlite-core/target/apidocs/com/j256/ormlite/dao/BaseForeignCollection.html...
Generating /home/alex/Repositories/ormlite-core/target/apidocs/com/j256/ormlite/dao/CloseableIterable.html...
Generating /home/alex/Repositories/ormlite-core/target/apidocs/com/j256/ormlite/dao/CloseableIterator.html...
Generating /home/alex/Repositories/ormlite-core/target/apidocs/com/j256/ormlite/dao/CloseableSpliterator.html...
Generating /home/alex/Repositories/ormlite-core/target/apidocs/com/j256/ormlite/dao/CloseableSpliteratorImpl.html...
Generating /home/alex/Repositories/ormlite-core/target/apidocs/com/j256/ormlite/dao/CloseableWrappedIterable.html...
Generating /home/alex/Repositories/ormlite-core/target/apidocs/com/j256/ormlite/dao/CloseableWrappedIterableImpl.html...
Generating /home/alex/Repositories/ormlite-core/target/apidocs/com/j256/ormlite/dao/Dao.html...
Generating /home/alex/Repositories/ormlite-core/target/apidocs/com/j256/ormlite/dao/Dao.CreateOrUpdateStatus.html...
Generating /home/alex/Repositories/ormlite-core/target/apidocs/com/j256/ormlite/dao/Dao.DaoObserver.html...
Generating /home/alex/Repositories/ormlite-core/target/apidocs/com/j256/ormlite/dao/DaoManager.html...
Generating /home/alex/Repositories/ormlite-core/target/apidocs/com/j256/ormlite/dao/DatabaseResultsMapper.html...
Generating /home/alex/Repositories/ormlite-core/target/apidocs/com/j256/ormlite/dao/EagerForeignCollection.html...
Generating /home/alex/Repositories/ormlite-core/target/apidocs/com/j256/ormlite/dao/ForeignCollection.html...
Generating /home/alex/Repositories/ormlite-core/target/apidocs/com/j256/ormlite/dao/GenericRawResults.html...
Generating /home/alex/Repositories/ormlite-core/target/apidocs/com/j256/ormlite/dao/LazyForeignCollection.html...
Generating /home/alex/Repositories/ormlite-core/target/apidocs/com/j256/ormlite/dao/LruObjectCache.html...
Generating /home/alex/Repositories/ormlite-core/target/apidocs/com/j256/ormlite/dao/ObjectCache.html...
Generating /home/alex/Repositories/ormlite-core/target/apidocs/com/j256/ormlite/dao/RawRowMapper.html...
Generating /home/alex/Repositories/ormlite-core/target/apidocs/com/j256/ormlite/dao/RawRowObjectMapper.html...
Generating /home/alex/Repositories/ormlite-core/target/apidocs/com/j256/ormlite/dao/ReferenceObjectCache.html...
Generating /home/alex/Repositories/ormlite-core/target/apidocs/com/j256/ormlite/dao/RuntimeExceptionDao.html...
Generating /home/alex/Repositories/ormlite-core/target/apidocs/com/j256/ormlite/dao/StreamableLazyForeignCollection.html...
Generating /home/alex/Repositories/ormlite-core/target/apidocs/com/j256/ormlite/misc/BaseDaoEnabled.html...
Generating /home/alex/Repositories/ormlite-core/target/apidocs/com/j256/ormlite/misc/IOUtils.html...
Generating /home/alex/Repositories/ormlite-core/target/apidocs/com/j256/ormlite/misc/JavaxPersistenceConfigurer.html...
Generating /home/alex/Repositories/ormlite-core/target/apidocs/com/j256/ormlite/misc/JavaxPersistenceImpl.html...
Generating /home/alex/Repositories/ormlite-core/target/apidocs/com/j256/ormlite/misc/TransactionManager.html...
Generating /home/alex/Repositories/ormlite-core/target/apidocs/com/j256/ormlite/misc/WrappedConnectionSource.html...
Generating /home/alex/Repositories/ormlite-core/target/apidocs/com/j256/ormlite/misc/WrappedDatabaseConnection.html...
Generating /home/alex/Repositories/ormlite-core/target/apidocs/com/j256/ormlite/misc/WrappedStatement.html...
Generating /home/alex/Repositories/ormlite-core/target/apidocs/com/j256/ormlite/stmt/ArgumentHolder.html...
Generating /home/alex/Repositories/ormlite-core/target/apidocs/com/j256/ormlite/stmt/BaseArgumentHolder.html...
Generating /home/alex/Repositories/ormlite-core/target/apidocs/com/j256/ormlite/stmt/ColumnArg.html...
Generating /home/alex/Repositories/ormlite-core/target/apidocs/com/j256/ormlite/stmt/DeleteBuilder.html...
Generating /home/alex/Repositories/ormlite-core/target/apidocs/com/j256/ormlite/stmt/GenericRowMapper.html...
Generating /home/alex/Repositories/ormlite-core/target/apidocs/com/j256/ormlite/stmt/NullArgHolder.html...
Generating /home/alex/Repositories/ormlite-core/target/apidocs/com/j256/ormlite/stmt/PreparedDelete.html...
Generating /home/alex/Repositories/ormlite-core/target/apidocs/com/j256/ormlite/stmt/PreparedQuery.html...
Generating /home/alex/Repositories/ormlite-core/target/apidocs/com/j256/ormlite/stmt/PreparedStmt.html...
Generating /home/alex/Repositories/ormlite-core/target/apidocs/com/j256/ormlite/stmt/PreparedUpdate.html...
Generating /home/alex/Repositories/ormlite-core/target/apidocs/com/j256/ormlite/stmt/QueryBuilder.html...
Generating /home/alex/Repositories/ormlite-core/target/apidocs/com/j256/ormlite/stmt/QueryBuilder.InternalQueryBuilderWrapper.html...
Generating /home/alex/Repositories/ormlite-core/target/apidocs/com/j256/ormlite/stmt/QueryBuilder.JoinType.html...
Generating /home/alex/Repositories/ormlite-core/target/apidocs/com/j256/ormlite/stmt/QueryBuilder.JoinWhereOperation.html...
Generating /home/alex/Repositories/ormlite-core/target/apidocs/com/j256/ormlite/stmt/RawResultsImpl.html...
Generating /home/alex/Repositories/ormlite-core/target/apidocs/com/j256/ormlite/stmt/RawRowMapperImpl.html...
Generating /home/alex/Repositories/ormlite-core/target/apidocs/com/j256/ormlite/stmt/SelectArg.html...
Generating /home/alex/Repositories/ormlite-core/target/apidocs/com/j256/ormlite/stmt/SelectIterator.html...
Generating /home/alex/Repositories/ormlite-core/target/apidocs/com/j256/ormlite/stmt/StatementBuilder.html...
Generating /home/alex/Repositories/ormlite-core/target/apidocs/com/j256/ormlite/stmt/StatementBuilder.StatementInfo.html...
Generating /home/alex/Repositories/ormlite-core/target/apidocs/com/j256/ormlite/stmt/StatementBuilder.StatementType.html...
Generating /home/alex/Repositories/ormlite-core/target/apidocs/com/j256/ormlite/stmt/StatementBuilder.WhereOperation.html...
Generating /home/alex/Repositories/ormlite-core/target/apidocs/com/j256/ormlite/stmt/StatementExecutor.html...
Generating /home/alex/Repositories/ormlite-core/target/apidocs/com/j256/ormlite/stmt/ThreadLocalSelectArg.html...
Generating /home/alex/Repositories/ormlite-core/target/apidocs/com/j256/ormlite/stmt/UpdateBuilder.html...
Generating /home/alex/Repositories/ormlite-core/target/apidocs/com/j256/ormlite/stmt/Where.html...
Generating /home/alex/Repositories/ormlite-core/target/apidocs/com/j256/ormlite/stmt/mapped/BaseMappedQuery.html...
Generating /home/alex/Repositories/ormlite-core/target/apidocs/com/j256/ormlite/stmt/mapped/BaseMappedStatement.html...
Generating /home/alex/Repositories/ormlite-core/target/apidocs/com/j256/ormlite/stmt/mapped/MappedCreate.html...
Generating /home/alex/Repositories/ormlite-core/target/apidocs/com/j256/ormlite/stmt/mapped/MappedDelete.html...
Generating /home/alex/Repositories/ormlite-core/target/apidocs/com/j256/ormlite/stmt/mapped/MappedDeleteCollection.html...
Generating /home/alex/Repositories/ormlite-core/target/apidocs/com/j256/ormlite/stmt/mapped/MappedPreparedStmt.html...
Generating /home/alex/Repositories/ormlite-core/target/apidocs/com/j256/ormlite/stmt/mapped/MappedQueryForFieldEq.html...
Generating /home/alex/Repositories/ormlite-core/target/apidocs/com/j256/ormlite/stmt/mapped/MappedRefresh.html...
Generating /home/alex/Repositories/ormlite-core/target/apidocs/com/j256/ormlite/stmt/mapped/MappedUpdate.html...
Generating /home/alex/Repositories/ormlite-core/target/apidocs/com/j256/ormlite/stmt/mapped/MappedUpdateId.html...
Generating /home/alex/Repositories/ormlite-core/target/apidocs/com/j256/ormlite/logger/CommonsLoggingLogBackend.html...
Generating /home/alex/Repositories/ormlite-core/target/apidocs/com/j256/ormlite/logger/CommonsLoggingLogBackend.CommonsLoggingLogBackendFactory.html...
Generating /home/alex/Repositories/ormlite-core/target/apidocs/com/j256/ormlite/logger/ConsoleLogBackend.html...
Generating /home/alex/Repositories/ormlite-core/target/apidocs/com/j256/ormlite/logger/ConsoleLogBackend.ConsoleLogBackendFactory.html...
Generating /home/alex/Repositories/ormlite-core/target/apidocs/com/j256/ormlite/logger/JavaUtilLogBackend.html...
Generating /home/alex/Repositories/ormlite-core/target/apidocs/com/j256/ormlite/logger/JavaUtilLogBackend.JavaUtilLogBackendFactory.html...
Generating /home/alex/Repositories/ormlite-core/target/apidocs/com/j256/ormlite/logger/Level.html...
Generating /home/alex/Repositories/ormlite-core/target/apidocs/com/j256/ormlite/logger/LocalLogBackend.html...
Generating /home/alex/Repositories/ormlite-core/target/apidocs/com/j256/ormlite/logger/LocalLogBackend.LocalLogBackendFactory.html...
Generating /home/alex/Repositories/ormlite-core/target/apidocs/com/j256/ormlite/logger/Log4j2LogBackend.html...
Generating /home/alex/Repositories/ormlite-core/target/apidocs/com/j256/ormlite/logger/Log4j2LogBackend.Log4j2LogBackendFactory.html...
Generating /home/alex/Repositories/ormlite-core/target/apidocs/com/j256/ormlite/logger/Log4jLogBackend.html...
Generating /home/alex/Repositories/ormlite-core/target/apidocs/com/j256/ormlite/logger/Log4jLogBackend.Log4jLogBackendFactory.html...
Generating /home/alex/Repositories/ormlite-core/target/apidocs/com/j256/ormlite/logger/LogBackend.html...
Generating /home/alex/Repositories/ormlite-core/target/apidocs/com/j256/ormlite/logger/LogBackendFactory.html...
Generating /home/alex/Repositories/ormlite-core/target/apidocs/com/j256/ormlite/logger/LogBackendType.html...
Generating /home/alex/Repositories/ormlite-core/target/apidocs/com/j256/ormlite/logger/LogBackendUtil.html...
Generating /home/alex/Repositories/ormlite-core/target/apidocs/com/j256/ormlite/logger/LogbackLogBackend.html...
Generating /home/alex/Repositories/ormlite-core/target/apidocs/com/j256/ormlite/logger/LogbackLogBackend.LogbackLogBackendFactory.html...
Generating /home/alex/Repositories/ormlite-core/target/apidocs/com/j256/ormlite/logger/Logger.html...
Generating /home/alex/Repositories/ormlite-core/target/apidocs/com/j256/ormlite/logger/LoggerFactory.html...
Generating /home/alex/Repositories/ormlite-core/target/apidocs/com/j256/ormlite/logger/NullLogBackend.html...
Generating /home/alex/Repositories/ormlite-core/target/apidocs/com/j256/ormlite/logger/NullLogBackend.NullLogBackendFactory.html...
Generating /home/alex/Repositories/ormlite-core/target/apidocs/com/j256/ormlite/logger/Slf4jLoggingLogBackend.html...
Generating /home/alex/Repositories/ormlite-core/target/apidocs/com/j256/ormlite/logger/Slf4jLoggingLogBackend.Slf4jLoggingLogBackendFactory.html...
Generating /home/alex/Repositories/ormlite-core/target/apidocs/com/j256/ormlite/db/BaseDatabaseType.html...
Generating /home/alex/Repositories/ormlite-core/target/apidocs/com/j256/ormlite/db/BaseSqliteDatabaseType.html...
Generating /home/alex/Repositories/ormlite-core/target/apidocs/com/j256/ormlite/db/DatabaseType.html...
Generating /home/alex/Repositories/ormlite-core/target/apidocs/com/j256/ormlite/support/BaseConnectionSource.html...
Generating /home/alex/Repositories/ormlite-core/target/apidocs/com/j256/ormlite/support/CompiledStatement.html...
Generating /home/alex/Repositories/ormlite-core/target/apidocs/com/j256/ormlite/support/ConnectionSource.html...
Generating /home/alex/Repositories/ormlite-core/target/apidocs/com/j256/ormlite/support/DatabaseConnection.html...
Generating /home/alex/Repositories/ormlite-core/target/apidocs/com/j256/ormlite/support/DatabaseConnectionProxy.html...
Generating /home/alex/Repositories/ormlite-core/target/apidocs/com/j256/ormlite/support/DatabaseConnectionProxyFactory.html...
Generating /home/alex/Repositories/ormlite-core/target/apidocs/com/j256/ormlite/support/DatabaseResults.html...
Generating /home/alex/Repositories/ormlite-core/target/apidocs/com/j256/ormlite/support/GeneratedKeyHolder.html...
Generating /home/alex/Repositories/ormlite-core/target/apidocs/com/j256/ormlite/support/ReflectionDatabaseConnectionProxyFactory.html...
Generating /home/alex/Repositories/ormlite-core/target/apidocs/com/j256/ormlite/table/BaseSchemaUtils.html...
Generating /home/alex/Repositories/ormlite-core/target/apidocs/com/j256/ormlite/table/DatabaseTable.html...
Generating /home/alex/Repositories/ormlite-core/target/apidocs/com/j256/ormlite/table/DatabaseTableConfig.html...
Generating /home/alex/Repositories/ormlite-core/target/apidocs/com/j256/ormlite/table/DatabaseTableConfigLoader.html...
Generating /home/alex/Repositories/ormlite-core/target/apidocs/com/j256/ormlite/table/ObjectFactory.html...
Generating /home/alex/Repositories/ormlite-core/target/apidocs/com/j256/ormlite/table/SchemaUtils.html...
Generating /home/alex/Repositories/ormlite-core/target/apidocs/com/j256/ormlite/table/TableInfo.html...
Generating /home/alex/Repositories/ormlite-core/target/apidocs/com/j256/ormlite/table/TableUtils.html...
Copying file /home/alex/Repositories/ormlite-core/src/main/javadoc/doc-files/ormlite.html to directory /home/alex/Repositories/ormlite-core/target/apidocs/doc-files...
Copying file /home/alex/Repositories/ormlite-core/src/main/javadoc/doc-files/ormlite.pdf to directory /home/alex/Repositories/ormlite-core/target/apidocs/doc-files...
Copying file /home/alex/Repositories/ormlite-core/src/main/javadoc/doc-files/changelog.txt to directory /home/alex/Repositories/ormlite-core/target/apidocs/doc-files...
Generating /home/alex/Repositories/ormlite-core/target/apidocs/overview-frame.html...
Generating /home/alex/Repositories/ormlite-core/target/apidocs/com/j256/ormlite/dao/package-frame.html...
Generating /home/alex/Repositories/ormlite-core/target/apidocs/com/j256/ormlite/dao/package-summary.html...
Generating /home/alex/Repositories/ormlite-core/target/apidocs/com/j256/ormlite/dao/package-tree.html...
Generating /home/alex/Repositories/ormlite-core/target/apidocs/com/j256/ormlite/db/package-frame.html...
Generating /home/alex/Repositories/ormlite-core/target/apidocs/com/j256/ormlite/db/package-summary.html...
Generating /home/alex/Repositories/ormlite-core/target/apidocs/com/j256/ormlite/db/package-tree.html...
Generating /home/alex/Repositories/ormlite-core/target/apidocs/com/j256/ormlite/field/package-frame.html...
Generating /home/alex/Repositories/ormlite-core/target/apidocs/com/j256/ormlite/field/package-summary.html...
Generating /home/alex/Repositories/ormlite-core/target/apidocs/com/j256/ormlite/field/package-tree.html...
Generating /home/alex/Repositories/ormlite-core/target/apidocs/com/j256/ormlite/field/converter/package-frame.html...
Generating /home/alex/Repositories/ormlite-core/target/apidocs/com/j256/ormlite/field/converter/package-summary.html...
Generating /home/alex/Repositories/ormlite-core/target/apidocs/com/j256/ormlite/field/converter/package-tree.html...
Generating /home/alex/Repositories/ormlite-core/target/apidocs/com/j256/ormlite/field/types/package-frame.html...
Generating /home/alex/Repositories/ormlite-core/target/apidocs/com/j256/ormlite/field/types/package-summary.html...
Generating /home/alex/Repositories/ormlite-core/target/apidocs/com/j256/ormlite/field/types/package-tree.html...
Generating /home/alex/Repositories/ormlite-core/target/apidocs/com/j256/ormlite/logger/package-frame.html...
Generating /home/alex/Repositories/ormlite-core/target/apidocs/com/j256/ormlite/logger/package-summary.html...
Generating /home/alex/Repositories/ormlite-core/target/apidocs/com/j256/ormlite/logger/package-tree.html...
Generating /home/alex/Repositories/ormlite-core/target/apidocs/com/j256/ormlite/misc/package-frame.html...
Generating /home/alex/Repositories/ormlite-core/target/apidocs/com/j256/ormlite/misc/package-summary.html...
Generating /home/alex/Repositories/ormlite-core/target/apidocs/com/j256/ormlite/misc/package-tree.html...
Generating /home/alex/Repositories/ormlite-core/target/apidocs/com/j256/ormlite/stmt/package-frame.html...
Generating /home/alex/Repositories/ormlite-core/target/apidocs/com/j256/ormlite/stmt/package-summary.html...
Generating /home/alex/Repositories/ormlite-core/target/apidocs/com/j256/ormlite/stmt/package-tree.html...
Generating /home/alex/Repositories/ormlite-core/target/apidocs/com/j256/ormlite/stmt/mapped/package-frame.html...
Generating /home/alex/Repositories/ormlite-core/target/apidocs/com/j256/ormlite/stmt/mapped/package-summary.html...
Generating /home/alex/Repositories/ormlite-core/target/apidocs/com/j256/ormlite/stmt/mapped/package-tree.html...
Generating /home/alex/Repositories/ormlite-core/target/apidocs/com/j256/ormlite/support/package-frame.html...
Generating /home/alex/Repositories/ormlite-core/target/apidocs/com/j256/ormlite/support/package-summary.html...
Generating /home/alex/Repositories/ormlite-core/target/apidocs/com/j256/ormlite/support/package-tree.html...
Generating /home/alex/Repositories/ormlite-core/target/apidocs/com/j256/ormlite/table/package-frame.html...
Generating /home/alex/Repositories/ormlite-core/target/apidocs/com/j256/ormlite/table/package-summary.html...
Generating /home/alex/Repositories/ormlite-core/target/apidocs/com/j256/ormlite/table/package-tree.html...
Generating /home/alex/Repositories/ormlite-core/target/apidocs/constant-values.html...
Generating /home/alex/Repositories/ormlite-core/target/apidocs/serialized-form.html...
Generating /home/alex/Repositories/ormlite-core/target/apidocs/com/j256/ormlite/field/class-use/DataPersister.html...
Generating /home/alex/Repositories/ormlite-core/target/apidocs/com/j256/ormlite/field/class-use/DatabaseFieldConfigLoader.html...
Generating /home/alex/Repositories/ormlite-core/target/apidocs/com/j256/ormlite/field/class-use/BaseFieldConverter.html...
Generating /home/alex/Repositories/ormlite-core/target/apidocs/com/j256/ormlite/field/class-use/DataType.html...
Generating /home/alex/Repositories/ormlite-core/target/apidocs/com/j256/ormlite/field/class-use/ForeignCollectionField.html...
Generating /home/alex/Repositories/ormlite-core/target/apidocs/com/j256/ormlite/field/class-use/DatabaseField.html...
Generating /home/alex/Repositories/ormlite-core/target/apidocs/com/j256/ormlite/field/class-use/SqlType.html...
Generating /home/alex/Repositories/ormlite-core/target/apidocs/com/j256/ormlite/field/class-use/FieldConverter.html...
Generating /home/alex/Repositories/ormlite-core/target/apidocs/com/j256/ormlite/field/class-use/DatabaseFieldConfig.html...
Generating /home/alex/Repositories/ormlite-core/target/apidocs/com/j256/ormlite/field/class-use/FieldType.html...
Generating /home/alex/Repositories/ormlite-core/target/apidocs/com/j256/ormlite/field/class-use/DataPersisterManager.html...
Generating /home/alex/Repositories/ormlite-core/target/apidocs/com/j256/ormlite/field/converter/class-use/CharacterCompatFieldConverter.html...
Generating /home/alex/Repositories/ormlite-core/target/apidocs/com/j256/ormlite/field/converter/class-use/BooleanNumberFieldConverter.html...
Generating /home/alex/Repositories/ormlite-core/target/apidocs/com/j256/ormlite/field/types/class-use/LongObjectType.html...
Generating /home/alex/Repositories/ormlite-core/target/apidocs/com/j256/ormlite/field/types/class-use/SqlDateType.html...
Generating /home/alex/Repositories/ormlite-core/target/apidocs/com/j256/ormlite/field/types/class-use/BigDecimalNumericType.html...
Generating /home/alex/Repositories/ormlite-core/target/apidocs/com/j256/ormlite/field/types/class-use/ByteArrayType.html...
Generating /home/alex/Repositories/ormlite-core/target/apidocs/com/j256/ormlite/field/types/class-use/ShortObjectType.html...
Generating /home/alex/Repositories/ormlite-core/target/apidocs/com/j256/ormlite/field/types/class-use/BaseEnumType.html...
Generating /home/alex/Repositories/ormlite-core/target/apidocs/com/j256/ormlite/field/types/class-use/UuidType.html...
Generating /home/alex/Repositories/ormlite-core/target/apidocs/com/j256/ormlite/field/types/class-use/DateStringFormatConfig.html...
Generating /home/alex/Repositories/ormlite-core/target/apidocs/com/j256/ormlite/field/types/class-use/ByteType.html...
Generating /home/alex/Repositories/ormlite-core/target/apidocs/com/j256/ormlite/field/types/class-use/BooleanCharType.html...
Generating /home/alex/Repositories/ormlite-core/target/apidocs/com/j256/ormlite/field/types/class-use/TimeStampType.html...
Generating /home/alex/Repositories/ormlite-core/target/apidocs/com/j256/ormlite/field/types/class-use/DateType.html...
Generating /home/alex/Repositories/ormlite-core/target/apidocs/com/j256/ormlite/field/types/class-use/IntType.html...
Generating /home/alex/Repositories/ormlite-core/target/apidocs/com/j256/ormlite/field/types/class-use/DateTimeType.html...
Generating /home/alex/Repositories/ormlite-core/target/apidocs/com/j256/ormlite/field/types/class-use/FloatObjectType.html...
Generating /home/alex/Repositories/ormlite-core/target/apidocs/com/j256/ormlite/field/types/class-use/ShortType.html...
Generating /home/alex/Repositories/ormlite-core/target/apidocs/com/j256/ormlite/field/types/class-use/CurrencyType.html...
Generating /home/alex/Repositories/ormlite-core/target/apidocs/com/j256/ormlite/field/types/class-use/StringBytesType.html...
Generating /home/alex/Repositories/ormlite-core/target/apidocs/com/j256/ormlite/field/types/class-use/BooleanObjectType.html...
Generating /home/alex/Repositories/ormlite-core/target/apidocs/com/j256/ormlite/field/types/class-use/LongStringType.html...
Generating /home/alex/Repositories/ormlite-core/target/apidocs/com/j256/ormlite/field/types/class-use/EnumStringType.html...
Generating /home/alex/Repositories/ormlite-core/target/apidocs/com/j256/ormlite/field/types/class-use/BooleanType.html...
Generating /home/alex/Repositories/ormlite-core/target/apidocs/com/j256/ormlite/field/types/class-use/DateIntegerType.html...
Generating /home/alex/Repositories/ormlite-core/target/apidocs/com/j256/ormlite/field/types/class-use/CharType.html...
Generating /home/alex/Repositories/ormlite-core/target/apidocs/com/j256/ormlite/field/types/class-use/SqlDateStringType.html...
Generating /home/alex/Repositories/ormlite-core/target/apidocs/com/j256/ormlite/field/types/class-use/DoubleType.html...
Generating /home/alex/Repositories/ormlite-core/target/apidocs/com/j256/ormlite/field/types/class-use/ByteObjectType.html...
Generating /home/alex/Repositories/ormlite-core/target/apidocs/com/j256/ormlite/field/types/class-use/IntegerObjectType.html...
Generating /home/alex/Repositories/ormlite-core/target/apidocs/com/j256/ormlite/field/types/class-use/EnumIntegerType.html...
Generating /home/alex/Repositories/ormlite-core/target/apidocs/com/j256/ormlite/field/types/class-use/SerializableType.html...
Generating /home/alex/Repositories/ormlite-core/target/apidocs/com/j256/ormlite/field/types/class-use/StringType.html...
Generating /home/alex/Repositories/ormlite-core/target/apidocs/com/j256/ormlite/field/types/class-use/VoidType.html...
Generating /home/alex/Repositories/ormlite-core/target/apidocs/com/j256/ormlite/field/types/class-use/DateStringType.html...
Generating /home/alex/Repositories/ormlite-core/target/apidocs/com/j256/ormlite/field/types/class-use/CharacterObjectType.html...
Generating /home/alex/Repositories/ormlite-core/target/apidocs/com/j256/ormlite/field/types/class-use/TimeStampStringType.html...
Generating /home/alex/Repositories/ormlite-core/target/apidocs/com/j256/ormlite/field/types/class-use/BooleanIntegerType.html...
Generating /home/alex/Repositories/ormlite-core/target/apidocs/com/j256/ormlite/field/types/class-use/DoubleObjectType.html...
Generating /home/alex/Repositories/ormlite-core/target/apidocs/com/j256/ormlite/field/types/class-use/BaseDateType.html...
Generating /home/alex/Repositories/ormlite-core/target/apidocs/com/j256/ormlite/field/types/class-use/BaseDataType.html...
Generating /home/alex/Repositories/ormlite-core/target/apidocs/com/j256/ormlite/field/types/class-use/BigDecimalStringType.html...
Generating /home/alex/Repositories/ormlite-core/target/apidocs/com/j256/ormlite/field/types/class-use/EnumToStringType.html...
Generating /home/alex/Repositories/ormlite-core/target/apidocs/com/j256/ormlite/field/types/class-use/NativeUuidType.html...
Generating /home/alex/Repositories/ormlite-core/target/apidocs/com/j256/ormlite/field/types/class-use/DateLongType.html...
Generating /home/alex/Repositories/ormlite-core/target/apidocs/com/j256/ormlite/field/types/class-use/FloatType.html...
Generating /home/alex/Repositories/ormlite-core/target/apidocs/com/j256/ormlite/field/types/class-use/LongType.html...
Generating /home/alex/Repositories/ormlite-core/target/apidocs/com/j256/ormlite/field/types/class-use/BigIntegerType.html...
Generating /home/alex/Repositories/ormlite-core/target/apidocs/com/j256/ormlite/dao/class-use/Dao.html...
Generating /home/alex/Repositories/ormlite-core/target/apidocs/com/j256/ormlite/dao/class-use/Dao.CreateOrUpdateStatus.html...
Generating /home/alex/Repositories/ormlite-core/target/apidocs/com/j256/ormlite/dao/class-use/Dao.DaoObserver.html...
Generating /home/alex/Repositories/ormlite-core/target/apidocs/com/j256/ormlite/dao/class-use/BaseDaoImpl.html...
Generating /home/alex/Repositories/ormlite-core/target/apidocs/com/j256/ormlite/dao/class-use/CloseableWrappedIterableImpl.html...
Generating /home/alex/Repositories/ormlite-core/target/apidocs/com/j256/ormlite/dao/class-use/ForeignCollection.html...
Generating /home/alex/Repositories/ormlite-core/target/apidocs/com/j256/ormlite/dao/class-use/CloseableWrappedIterable.html...
Generating /home/alex/Repositories/ormlite-core/target/apidocs/com/j256/ormlite/dao/class-use/CloseableSpliterator.html...
Generating /home/alex/Repositories/ormlite-core/target/apidocs/com/j256/ormlite/dao/class-use/CloseableIterator.html...
Generating /home/alex/Repositories/ormlite-core/target/apidocs/com/j256/ormlite/dao/class-use/DaoManager.html...
Generating /home/alex/Repositories/ormlite-core/target/apidocs/com/j256/ormlite/dao/class-use/CloseableSpliteratorImpl.html...
Generating /home/alex/Repositories/ormlite-core/target/apidocs/com/j256/ormlite/dao/class-use/CloseableIterable.html...
Generating /home/alex/Repositories/ormlite-core/target/apidocs/com/j256/ormlite/dao/class-use/RawRowMapper.html...
Generating /home/alex/Repositories/ormlite-core/target/apidocs/com/j256/ormlite/dao/class-use/BaseForeignCollection.html...
Generating /home/alex/Repositories/ormlite-core/target/apidocs/com/j256/ormlite/dao/class-use/RuntimeExceptionDao.html...
Generating /home/alex/Repositories/ormlite-core/target/apidocs/com/j256/ormlite/dao/class-use/DatabaseResultsMapper.html...
Generating /home/alex/Repositories/ormlite-core/target/apidocs/com/j256/ormlite/dao/class-use/ReferenceObjectCache.html...
Generating /home/alex/Repositories/ormlite-core/target/apidocs/com/j256/ormlite/dao/class-use/LruObjectCache.html...
Generating /home/alex/Repositories/ormlite-core/target/apidocs/com/j256/ormlite/dao/class-use/ObjectCache.html...
Generating /home/alex/Repositories/ormlite-core/target/apidocs/com/j256/ormlite/dao/class-use/StreamableLazyForeignCollection.html...
Generating /home/alex/Repositories/ormlite-core/target/apidocs/com/j256/ormlite/dao/class-use/GenericRawResults.html...
Generating /home/alex/Repositories/ormlite-core/target/apidocs/com/j256/ormlite/dao/class-use/EagerForeignCollection.html...
Generating /home/alex/Repositories/ormlite-core/target/apidocs/com/j256/ormlite/dao/class-use/LazyForeignCollection.html...
Generating /home/alex/Repositories/ormlite-core/target/apidocs/com/j256/ormlite/dao/class-use/RawRowObjectMapper.html...
Generating /home/alex/Repositories/ormlite-core/target/apidocs/com/j256/ormlite/misc/class-use/JavaxPersistenceConfigurer.html...
Generating /home/alex/Repositories/ormlite-core/target/apidocs/com/j256/ormlite/misc/class-use/WrappedStatement.html...
Generating /home/alex/Repositories/ormlite-core/target/apidocs/com/j256/ormlite/misc/class-use/JavaxPersistenceImpl.html...
Generating /home/alex/Repositories/ormlite-core/target/apidocs/com/j256/ormlite/misc/class-use/BaseDaoEnabled.html...
Generating /home/alex/Repositories/ormlite-core/target/apidocs/com/j256/ormlite/misc/class-use/WrappedDatabaseConnection.html...
Generating /home/alex/Repositories/ormlite-core/target/apidocs/com/j256/ormlite/misc/class-use/TransactionManager.html...
Generating /home/alex/Repositories/ormlite-core/target/apidocs/com/j256/ormlite/misc/class-use/WrappedConnectionSource.html...
Generating /home/alex/Repositories/ormlite-core/target/apidocs/com/j256/ormlite/misc/class-use/IOUtils.html...
Generating /home/alex/Repositories/ormlite-core/target/apidocs/com/j256/ormlite/stmt/class-use/ColumnArg.html...
Generating /home/alex/Repositories/ormlite-core/target/apidocs/com/j256/ormlite/stmt/class-use/ArgumentHolder.html...
Generating /home/alex/Repositories/ormlite-core/target/apidocs/com/j256/ormlite/stmt/class-use/SelectArg.html...
Generating /home/alex/Repositories/ormlite-core/target/apidocs/com/j256/ormlite/stmt/class-use/RawRowMapperImpl.html...
Generating /home/alex/Repositories/ormlite-core/target/apidocs/com/j256/ormlite/stmt/class-use/RawResultsImpl.html...
Generating /home/alex/Repositories/ormlite-core/target/apidocs/com/j256/ormlite/stmt/class-use/Where.html...
Generating /home/alex/Repositories/ormlite-core/target/apidocs/com/j256/ormlite/stmt/class-use/QueryBuilder.html...
Generating /home/alex/Repositories/ormlite-core/target/apidocs/com/j256/ormlite/stmt/class-use/QueryBuilder.InternalQueryBuilderWrapper.html...
Generating /home/alex/Repositories/ormlite-core/target/apidocs/com/j256/ormlite/stmt/class-use/QueryBuilder.JoinType.html...
Generating /home/alex/Repositories/ormlite-core/target/apidocs/com/j256/ormlite/stmt/class-use/QueryBuilder.JoinWhereOperation.html...
Generating /home/alex/Repositories/ormlite-core/target/apidocs/com/j256/ormlite/stmt/class-use/StatementBuilder.html...
Generating /home/alex/Repositories/ormlite-core/target/apidocs/com/j256/ormlite/stmt/class-use/StatementBuilder.StatementType.html...
Generating /home/alex/Repositories/ormlite-core/target/apidocs/com/j256/ormlite/stmt/class-use/StatementBuilder.StatementInfo.html...
Generating /home/alex/Repositories/ormlite-core/target/apidocs/com/j256/ormlite/stmt/class-use/StatementBuilder.WhereOperation.html...
Generating /home/alex/Repositories/ormlite-core/target/apidocs/com/j256/ormlite/stmt/class-use/UpdateBuilder.html...
Generating /home/alex/Repositories/ormlite-core/target/apidocs/com/j256/ormlite/stmt/class-use/SelectIterator.html...
Generating /home/alex/Repositories/ormlite-core/target/apidocs/com/j256/ormlite/stmt/class-use/ThreadLocalSelectArg.html...
Generating /home/alex/Repositories/ormlite-core/target/apidocs/com/j256/ormlite/stmt/class-use/PreparedStmt.html...
Generating /home/alex/Repositories/ormlite-core/target/apidocs/com/j256/ormlite/stmt/class-use/NullArgHolder.html...
Generating /home/alex/Repositories/ormlite-core/target/apidocs/com/j256/ormlite/stmt/class-use/PreparedDelete.html...
Generating /home/alex/Repositories/ormlite-core/target/apidocs/com/j256/ormlite/stmt/class-use/DeleteBuilder.html...
Generating /home/alex/Repositories/ormlite-core/target/apidocs/com/j256/ormlite/stmt/class-use/StatementExecutor.html...
Generating /home/alex/Repositories/ormlite-core/target/apidocs/com/j256/ormlite/stmt/class-use/BaseArgumentHolder.html...
Generating /home/alex/Repositories/ormlite-core/target/apidocs/com/j256/ormlite/stmt/class-use/PreparedUpdate.html...
Generating /home/alex/Repositories/ormlite-core/target/apidocs/com/j256/ormlite/stmt/class-use/PreparedQuery.html...
Generating /home/alex/Repositories/ormlite-core/target/apidocs/com/j256/ormlite/stmt/class-use/GenericRowMapper.html...
Generating /home/alex/Repositories/ormlite-core/target/apidocs/com/j256/ormlite/stmt/mapped/class-use/MappedDeleteCollection.html...
Generating /home/alex/Repositories/ormlite-core/target/apidocs/com/j256/ormlite/stmt/mapped/class-use/BaseMappedStatement.html...
Generating /home/alex/Repositories/ormlite-core/target/apidocs/com/j256/ormlite/stmt/mapped/class-use/MappedPreparedStmt.html...
Generating /home/alex/Repositories/ormlite-core/target/apidocs/com/j256/ormlite/stmt/mapped/class-use/MappedCreate.html...
Generating /home/alex/Repositories/ormlite-core/target/apidocs/com/j256/ormlite/stmt/mapped/class-use/BaseMappedQuery.html...
Generating /home/alex/Repositories/ormlite-core/target/apidocs/com/j256/ormlite/stmt/mapped/class-use/MappedUpdate.html...
Generating /home/alex/Repositories/ormlite-core/target/apidocs/com/j256/ormlite/stmt/mapped/class-use/MappedUpdateId.html...
Generating /home/alex/Repositories/ormlite-core/target/apidocs/com/j256/ormlite/stmt/mapped/class-use/MappedQueryForFieldEq.html...
Generating /home/alex/Repositories/ormlite-core/target/apidocs/com/j256/ormlite/stmt/mapped/class-use/MappedDelete.html...
Generating /home/alex/Repositories/ormlite-core/target/apidocs/com/j256/ormlite/stmt/mapped/class-use/MappedRefresh.html...
Generating /home/alex/Repositories/ormlite-core/target/apidocs/com/j256/ormlite/logger/class-use/LoggerFactory.html...
Generating /home/alex/Repositories/ormlite-core/target/apidocs/com/j256/ormlite/logger/class-use/Slf4jLoggingLogBackend.html...
Generating /home/alex/Repositories/ormlite-core/target/apidocs/com/j256/ormlite/logger/class-use/Slf4jLoggingLogBackend.Slf4jLoggingLogBackendFactory.html...
Generating /home/alex/Repositories/ormlite-core/target/apidocs/com/j256/ormlite/logger/class-use/Logger.html...
Generating /home/alex/Repositories/ormlite-core/target/apidocs/com/j256/ormlite/logger/class-use/NullLogBackend.html...
Generating /home/alex/Repositories/ormlite-core/target/apidocs/com/j256/ormlite/logger/class-use/NullLogBackend.NullLogBackendFactory.html...
Generating /home/alex/Repositories/ormlite-core/target/apidocs/com/j256/ormlite/logger/class-use/Log4j2LogBackend.html...
Generating /home/alex/Repositories/ormlite-core/target/apidocs/com/j256/ormlite/logger/class-use/Log4j2LogBackend.Log4j2LogBackendFactory.html...
Generating /home/alex/Repositories/ormlite-core/target/apidocs/com/j256/ormlite/logger/class-use/LocalLogBackend.html...
Generating /home/alex/Repositories/ormlite-core/target/apidocs/com/j256/ormlite/logger/class-use/LocalLogBackend.LocalLogBackendFactory.html...
Generating /home/alex/Repositories/ormlite-core/target/apidocs/com/j256/ormlite/logger/class-use/Level.html...
Generating /home/alex/Repositories/ormlite-core/target/apidocs/com/j256/ormlite/logger/class-use/ConsoleLogBackend.html...
Generating /home/alex/Repositories/ormlite-core/target/apidocs/com/j256/ormlite/logger/class-use/ConsoleLogBackend.ConsoleLogBackendFactory.html...
Generating /home/alex/Repositories/ormlite-core/target/apidocs/com/j256/ormlite/logger/class-use/LogBackendFactory.html...
Generating /home/alex/Repositories/ormlite-core/target/apidocs/com/j256/ormlite/logger/class-use/LogBackendUtil.html...
Generating /home/alex/Repositories/ormlite-core/target/apidocs/com/j256/ormlite/logger/class-use/LogBackendType.html...
Generating /home/alex/Repositories/ormlite-core/target/apidocs/com/j256/ormlite/logger/class-use/JavaUtilLogBackend.html...
Generating /home/alex/Repositories/ormlite-core/target/apidocs/com/j256/ormlite/logger/class-use/JavaUtilLogBackend.JavaUtilLogBackendFactory.html...
Generating /home/alex/Repositories/ormlite-core/target/apidocs/com/j256/ormlite/logger/class-use/CommonsLoggingLogBackend.html...
Generating /home/alex/Repositories/ormlite-core/target/apidocs/com/j256/ormlite/logger/class-use/CommonsLoggingLogBackend.CommonsLoggingLogBackendFactory.html...
Generating /home/alex/Repositories/ormlite-core/target/apidocs/com/j256/ormlite/logger/class-use/LogBackend.html...
Generating /home/alex/Repositories/ormlite-core/target/apidocs/com/j256/ormlite/logger/class-use/Log4jLogBackend.html...
Generating /home/alex/Repositories/ormlite-core/target/apidocs/com/j256/ormlite/logger/class-use/Log4jLogBackend.Log4jLogBackendFactory.html...
Generating /home/alex/Repositories/ormlite-core/target/apidocs/com/j256/ormlite/logger/class-use/LogbackLogBackend.html...
Generating /home/alex/Repositories/ormlite-core/target/apidocs/com/j256/ormlite/logger/class-use/LogbackLogBackend.LogbackLogBackendFactory.html...
Generating /home/alex/Repositories/ormlite-core/target/apidocs/com/j256/ormlite/db/class-use/DatabaseType.html...
Generating /home/alex/Repositories/ormlite-core/target/apidocs/com/j256/ormlite/db/class-use/BaseDatabaseType.html...
Generating /home/alex/Repositories/ormlite-core/target/apidocs/com/j256/ormlite/db/class-use/BaseSqliteDatabaseType.html...
Generating /home/alex/Repositories/ormlite-core/target/apidocs/com/j256/ormlite/support/class-use/DatabaseConnection.html...
Generating /home/alex/Repositories/ormlite-core/target/apidocs/com/j256/ormlite/support/class-use/ConnectionSource.html...
Generating /home/alex/Repositories/ormlite-core/target/apidocs/com/j256/ormlite/support/class-use/ReflectionDatabaseConnectionProxyFactory.html...
Generating /home/alex/Repositories/ormlite-core/target/apidocs/com/j256/ormlite/support/class-use/DatabaseConnectionProxyFactory.html...
Generating /home/alex/Repositories/ormlite-core/target/apidocs/com/j256/ormlite/support/class-use/DatabaseResults.html...
Generating /home/alex/Repositories/ormlite-core/target/apidocs/com/j256/ormlite/support/class-use/CompiledStatement.html...
Generating /home/alex/Repositories/ormlite-core/target/apidocs/com/j256/ormlite/support/class-use/GeneratedKeyHolder.html...
Generating /home/alex/Repositories/ormlite-core/target/apidocs/com/j256/ormlite/support/class-use/DatabaseConnectionProxy.html...
Generating /home/alex/Repositories/ormlite-core/target/apidocs/com/j256/ormlite/support/class-use/BaseConnectionSource.html...
Generating /home/alex/Repositories/ormlite-core/target/apidocs/com/j256/ormlite/table/class-use/DatabaseTable.html...
Generating /home/alex/Repositories/ormlite-core/target/apidocs/com/j256/ormlite/table/class-use/DatabaseTableConfigLoader.html...
Generating /home/alex/Repositories/ormlite-core/target/apidocs/com/j256/ormlite/table/class-use/BaseSchemaUtils.html...
Generating /home/alex/Repositories/ormlite-core/target/apidocs/com/j256/ormlite/table/class-use/ObjectFactory.html...
Generating /home/alex/Repositories/ormlite-core/target/apidocs/com/j256/ormlite/table/class-use/TableUtils.html...
Generating /home/alex/Repositories/ormlite-core/target/apidocs/com/j256/ormlite/table/class-use/TableInfo.html...
Generating /home/alex/Repositories/ormlite-core/target/apidocs/com/j256/ormlite/table/class-use/SchemaUtils.html...
Generating /home/alex/Repositories/ormlite-core/target/apidocs/com/j256/ormlite/table/class-use/DatabaseTableConfig.html...
Generating /home/alex/Repositories/ormlite-core/target/apidocs/com/j256/ormlite/dao/package-use.html...
Generating /home/alex/Repositories/ormlite-core/target/apidocs/com/j256/ormlite/db/package-use.html...
Generating /home/alex/Repositories/ormlite-core/target/apidocs/com/j256/ormlite/field/package-use.html...
Generating /home/alex/Repositories/ormlite-core/target/apidocs/com/j256/ormlite/field/converter/package-use.html...
Generating /home/alex/Repositories/ormlite-core/target/apidocs/com/j256/ormlite/field/types/package-use.html...
Generating /home/alex/Repositories/ormlite-core/target/apidocs/com/j256/ormlite/logger/package-use.html...
Generating /home/alex/Repositories/ormlite-core/target/apidocs/com/j256/ormlite/misc/package-use.html...
Generating /home/alex/Repositories/ormlite-core/target/apidocs/com/j256/ormlite/stmt/package-use.html...
Generating /home/alex/Repositories/ormlite-core/target/apidocs/com/j256/ormlite/stmt/mapped/package-use.html...
Generating /home/alex/Repositories/ormlite-core/target/apidocs/com/j256/ormlite/support/package-use.html...
Generating /home/alex/Repositories/ormlite-core/target/apidocs/com/j256/ormlite/table/package-use.html...
Building index for all the packages and classes...
Generating /home/alex/Repositories/ormlite-core/target/apidocs/overview-tree.html...
Generating /home/alex/Repositories/ormlite-core/target/apidocs/index-all.html...
Generating /home/alex/Repositories/ormlite-core/target/apidocs/deprecated-list.html...
Building index for all classes...
Generating /home/alex/Repositories/ormlite-core/target/apidocs/allclasses-frame.html...
Generating /home/alex/Repositories/ormlite-core/target/apidocs/allclasses-noframe.html...
Generating /home/alex/Repositories/ormlite-core/target/apidocs/index.html...
Generating /home/alex/Repositories/ormlite-core/target/apidocs/overview-summary.html...
Generating /home/alex/Repositories/ormlite-core/target/apidocs/help-doc.html...
Note: Custom tags that override standard tags:  @inheritDoc
[INFO] Building jar: /home/alex/Repositories/ormlite-core/target/ormlite-core-javadoc.jar
[INFO] 
[INFO] --- maven-jar-plugin:2.4:test-jar (default) @ ormlite-core ---
[INFO] Building jar: /home/alex/Repositories/ormlite-core/target/ormlite-core-tests.jar
[INFO] 
[INFO] --- maven-install-plugin:2.4:install (default-install) @ ormlite-core ---
[INFO] Installing /home/alex/Repositories/ormlite-core/target/ormlite-core.jar to /home/alex/.m2/repository/com/j256/ormlite/ormlite-core/6.0-SNAPSHOT/ormlite-core-6.0-SNAPSHOT.jar
[INFO] Installing /home/alex/Repositories/ormlite-core/pom.xml to /home/alex/.m2/repository/com/j256/ormlite/ormlite-core/6.0-SNAPSHOT/ormlite-core-6.0-SNAPSHOT.pom
[INFO] Installing /home/alex/Repositories/ormlite-core/target/ormlite-core-sources.jar to /home/alex/.m2/repository/com/j256/ormlite/ormlite-core/6.0-SNAPSHOT/ormlite-core-6.0-SNAPSHOT-sources.jar
[INFO] Installing /home/alex/Repositories/ormlite-core/target/ormlite-core-test-sources.jar to /home/alex/.m2/repository/com/j256/ormlite/ormlite-core/6.0-SNAPSHOT/ormlite-core-6.0-SNAPSHOT-test-sources.jar
[INFO] Installing /home/alex/Repositories/ormlite-core/target/ormlite-core-javadoc.jar to /home/alex/.m2/repository/com/j256/ormlite/ormlite-core/6.0-SNAPSHOT/ormlite-core-6.0-SNAPSHOT-javadoc.jar
[INFO] Installing /home/alex/Repositories/ormlite-core/target/ormlite-core-tests.jar to /home/alex/.m2/repository/com/j256/ormlite/ormlite-core/6.0-SNAPSHOT/ormlite-core-6.0-SNAPSHOT-tests.jar
[INFO] ------------------------------------------------------------------------
[INFO] BUILD SUCCESS
[INFO] ------------------------------------------------------------------------
[INFO] Total time:  9.502 s
[INFO] Finished at: 2024-05-02T17:05:25+01:00
[INFO] ------------------------------------------------------------------------
