[INFO] Scanning for projects...
[INFO] 
[INFO] --------------------------< com.alibaba:wasp >--------------------------
[INFO] Building wasp 0.11
[INFO] --------------------------------[ jar ]---------------------------------
[INFO] Downloading from central: https://repo.maven.apache.org/maven2/org/apache/maven/plugins/maven-source-plugin/maven-metadata.xml
[INFO] Downloaded from central: https://repo.maven.apache.org/maven2/org/apache/maven/plugins/maven-source-plugin/maven-metadata.xml (967 B at 3.1 kB/s)
[INFO] 
[INFO] --- maven-clean-plugin:2.5:clean (default-clean) @ wasp ---
[INFO] Deleting /home/alex/Repositories/wasp/target
[INFO] 
[INFO] --- maven-antrun-plugin:1.6:run (generate) @ wasp ---
[INFO] Executing tasks

main:
[INFO] Logging to org.slf4j.impl.MavenSimpleLogger(org.mortbay.log) via org.mortbay.log.Slf4jLog
    [mkdir] Created dir: /home/alex/Repositories/wasp/target/wasp-webapps/master/WEB-INF
    [mkdir] Created dir: /home/alex/Repositories/wasp/target/wasp-webapps/fserver/WEB-INF
[INFO] Executed tasks
[INFO] 
[INFO] --- build-helper-maven-plugin:1.5:add-source (add-source) @ wasp ---
[INFO] Source directory: /home/alex/Repositories/wasp/target/generated-sources/java added.
[INFO] 
[INFO] --- maven-resources-plugin:2.6:resources (default-resources) @ wasp ---
[INFO] Using 'UTF-8' encoding to copy filtered resources.
[INFO] Copying 2 resources
[INFO] Copying 18 resources
[INFO] 
[INFO] --- maven-compiler-plugin:2.5.1:compile (default-compile) @ wasp ---
[INFO] Compiling 513 source files to /home/alex/Repositories/wasp/target/classes
[INFO] 
[INFO] --- maven-resources-plugin:2.6:testResources (default-testResources) @ wasp ---
[INFO] Using 'UTF-8' encoding to copy filtered resources.
[INFO] skip non existing resourceDirectory /home/alex/Repositories/wasp/src/test/resources
[INFO] 
[INFO] --- maven-compiler-plugin:2.5.1:testCompile (default-testCompile) @ wasp ---
[INFO] Compiling 83 source files to /home/alex/Repositories/wasp/target/test-classes
[INFO] 
[INFO] --- maven-surefire-plugin:2.13:test (default-test) @ wasp ---
[INFO] Tests are skipped.
[INFO] 
[INFO] --- maven-jar-plugin:2.4:test-jar (default) @ wasp ---
[INFO] Building jar: /home/alex/Repositories/wasp/target/wasp-0.11-tests.jar
[INFO] 
[INFO] --- maven-jar-plugin:2.4:jar (default-jar) @ wasp ---
[INFO] Building jar: /home/alex/Repositories/wasp/target/wasp-0.11.jar
[INFO] 
[INFO] --- maven-dependency-plugin:2.8:copy-dependencies (copy-dependencies) @ wasp ---
[INFO] netty-3.5.0.Final.jar already exists in destination.
[INFO] protobuf-java-format-1.2.jar already exists in destination.
[INFO] httpcore-4.1.3.jar already exists in destination.
[INFO] commons-el-1.0.jar already exists in destination.
[INFO] hbase-0.94.7.jar already exists in destination.
[INFO] jettison-1.3.1.jar already exists in destination.
[INFO] log4j-1.2.17.jar already exists in destination.
[INFO] commons-net-1.4.1.jar already exists in destination.
[INFO] aopalliance-1.0.jar already exists in destination.
[INFO] jackson-mapper-asl-1.8.8.jar already exists in destination.
[INFO] jasper-compiler-5.5.23.jar already exists in destination.
[INFO] hbase-0.94.7-tests.jar already exists in destination.
[INFO] core-3.1.1.jar already exists in destination.
[INFO] ftplet-api-1.0.0.jar already exists in destination.
[INFO] jackson-jaxrs-1.8.8.jar already exists in destination.
[INFO] avro-1.5.3.jar already exists in destination.
[INFO] ftpserver-core-1.0.0.jar already exists in destination.
[INFO] ftpserver-deprecated-1.0.0-M2.jar already exists in destination.
[INFO] jaxb-impl-2.2.3-1.jar already exists in destination.
[INFO] high-scale-lib-1.1.1.jar already exists in destination.
[INFO] hadoop-test-1.0.4.jar already exists in destination.
[INFO] jsp-2.1-6.1.14.jar already exists in destination.
[INFO] mina-core-2.0.0-M5.jar already exists in destination.
[INFO] jets3t-0.7.1.jar already exists in destination.
[INFO] jetty-util-6.1.26.jar already exists in destination.
[INFO] jruby-complete-1.6.8.jar already exists in destination.
[INFO] spring-expression-3.0.5.RELEASE.jar already exists in destination.
[INFO] spring-beans-3.0.5.RELEASE.jar already exists in destination.
[INFO] commons-io-2.4.jar already exists in destination.
[INFO] commons-logging-1.1.1.jar already exists in destination.
[INFO] slf4j-api-1.4.3.jar already exists in destination.
[INFO] metrics-core-2.1.2.jar already exists in destination.
[INFO] slf4j-log4j12-1.4.3.jar already exists in destination.
[INFO] hsqldb-1.8.0.10.jar already exists in destination.
[INFO] spring-aop-3.0.5.RELEASE.jar already exists in destination.
[INFO] xmlenc-0.52.jar already exists in destination.
[INFO] zookeeper-3.4.5.jar already exists in destination.
[INFO] mockito-all-1.9.0.jar already exists in destination.
[INFO] protobuf-rpc-pro-duplex-2.0.1.jar already exists in destination.
[INFO] jasper-runtime-5.5.23.jar already exists in destination.
[INFO] httpclient-4.1.2.jar already exists in destination.
[INFO] junit-4.10.jar already exists in destination.
[INFO] jaxb-api-2.1.jar already exists in destination.
[INFO] protobuf-rpc-pro-demo-2.0.1.jar already exists in destination.
[INFO] htrace-1.49.jar already exists in destination.
[INFO] snappy-java-1.0.3.2.jar already exists in destination.
[INFO] jamon-runtime-2.3.1.jar already exists in destination.
[INFO] libthrift-0.8.0.jar already exists in destination.
[INFO] commons-math-2.1.jar already exists in destination.
[INFO] jackson-xc-1.8.8.jar already exists in destination.
[INFO] jsr305-1.3.9.jar already exists in destination.
[INFO] commons-configuration-1.6.jar already exists in destination.
[INFO] commons-digester-1.8.jar already exists in destination.
[INFO] avro-ipc-1.5.3.jar already exists in destination.
[INFO] protobuf-java-2.4.1.jar already exists in destination.
[INFO] jersey-core-1.8.jar already exists in destination.
[INFO] commons-beanutils-1.7.0.jar already exists in destination.
[INFO] druid-0.2.9.jar already exists in destination.
[INFO] commons-httpclient-3.0.1.jar already exists in destination.
[INFO] kfs-0.3.jar already exists in destination.
[INFO] commons-collections-3.2.1.jar already exists in destination.
[INFO] netty-3.2.4.Final.jar already exists in destination.
[INFO] commons-codec-1.7.jar already exists in destination.
[INFO] spring-core-3.0.5.RELEASE.jar already exists in destination.
[INFO] commons-lang-2.6.jar already exists in destination.
[INFO] protobuf-streamer-pro-1.2.3.jar already exists in destination.
[INFO] activation-1.1.jar already exists in destination.
[INFO] hadoop-core-1.0.4.jar already exists in destination.
[INFO] asm-3.1.jar already exists in destination.
[INFO] commons-cli-1.2.jar already exists in destination.
[INFO] commons-beanutils-core-1.8.0.jar already exists in destination.
[INFO] jersey-server-1.8.jar already exists in destination.
[INFO] jetty-6.1.26.jar already exists in destination.
[INFO] servlet-api-2.5-6.1.14.jar already exists in destination.
[INFO] spring-context-3.0.5.RELEASE.jar already exists in destination.
[INFO] jersey-json-1.8.jar already exists in destination.
[INFO] oro-2.0.8.jar already exists in destination.
[INFO] jackson-core-asl-1.8.8.jar already exists in destination.
[INFO] guava-12.0.1.jar already exists in destination.
[INFO] velocity-1.7.jar already exists in destination.
[INFO] spring-asm-3.0.5.RELEASE.jar already exists in destination.
[INFO] jsp-api-2.1-6.1.14.jar already exists in destination.
[INFO] hamcrest-core-1.1.jar already exists in destination.
[INFO] stax-api-1.0.1.jar already exists in destination.
[INFO] 
[INFO] --- maven-install-plugin:2.4:install (default-install) @ wasp ---
[INFO] Installing /home/alex/Repositories/wasp/target/wasp-0.11.jar to /home/alex/.m2/repository/com/alibaba/wasp/0.11/wasp-0.11.jar
[INFO] Installing /home/alex/Repositories/wasp/pom.xml to /home/alex/.m2/repository/com/alibaba/wasp/0.11/wasp-0.11.pom
[INFO] Installing /home/alex/Repositories/wasp/target/wasp-0.11-tests.jar to /home/alex/.m2/repository/com/alibaba/wasp/0.11/wasp-0.11-tests.jar
[INFO] ------------------------------------------------------------------------
[INFO] BUILD SUCCESS
[INFO] ------------------------------------------------------------------------
[INFO] Total time:  18.924 s
[INFO] Finished at: 2024-05-02T12:49:37+01:00
[INFO] ------------------------------------------------------------------------
