[INFO] Error stacktraces are turned on.
[INFO] Scanning for projects...
[INFO] 
[INFO] -------------------< com.j256.ormlite:ormlite-core >--------------------
[INFO] Building ORMLite Core 6.0-SNAPSHOT
[INFO] --------------------------------[ jar ]---------------------------------
[INFO] 
[INFO] >>> idflakies-maven-plugin:2.0.1-SNAPSHOT:detect (default-cli) > test-compile @ ormlite-core >>>
[INFO] 
[INFO] --- maven-enforcer-plugin:1.0:enforce (enforce-maven) @ ormlite-core ---
[INFO] Skipping Rule Enforcement.
[INFO] 
[INFO] --- jacoco-maven-plugin:0.8.6:prepare-agent (default) @ ormlite-core ---
[INFO] argLine set to -javaagent:/home/idflakies/.m2/repository/org/jacoco/org.jacoco.agent/0.8.6/org.jacoco.agent-0.8.6-runtime.jar=destfile=/home/idflakies/j256/ormlite-core/target/jacoco.exec
[INFO] 
[INFO] --- maven-resources-plugin:2.6:resources (default-resources) @ ormlite-core ---
[INFO] Using 'UTF-8' encoding to copy filtered resources.
[INFO] Copying 2 resources
[INFO] 
[INFO] --- maven-compiler-plugin:2.5.1:compile (default-compile) @ ormlite-core ---
[INFO] Nothing to compile - all classes are up to date
[INFO] 
[INFO] --- maven-resources-plugin:2.6:testResources (default-testResources) @ ormlite-core ---
[INFO] Using 'UTF-8' encoding to copy filtered resources.
[INFO] Copying 2 resources
[INFO] 
[INFO] --- maven-compiler-plugin:2.5.1:testCompile (default-testCompile) @ ormlite-core ---
[INFO] Nothing to compile - all classes are up to date
[INFO] 
[INFO] <<< idflakies-maven-plugin:2.0.1-SNAPSHOT:detect (default-cli) < test-compile @ ormlite-core <<<
[INFO] 
[INFO] 
[INFO] --- idflakies-maven-plugin:2.0.1-SNAPSHOT:detect (default-cli) @ ormlite-core ---
INFO: Locating tests...
INFO: Located 1220 tests. Time taken: 2.2960000038146973 seconds
INFO: TIMEOUT_VALUE: Using a timeout of 1000000.0, and that the total mvn test time is: 10.68
INFO: ROUNDS_CALCULATED: Giving com.j256.ormlite:ormlite-core:6.0-SNAPSHOT 10 rounds to run for original
INFO: Using original order in path: /Scratch/all-output/j256.ormlite-core_output/ormlite-core/original-order
INFO: Using original order in path: /Scratch/all-output/j256.ormlite-core_output/ormlite-core/original-order
[INFO] Getting original results (1220 tests).
INFO: Created dependent test detector (class edu.illinois.cs.dt.tools.detection.detectors.OriginalDetector).
[INFO] Found 0 tests in round 1 of 10 (0.0 seconds elapsed (5.9 total), 0.0 seconds remaining).
[INFO] Found 0 tests in round 2 of 10 (5.9 seconds elapsed (11.7 total), 23.5 seconds remaining).
[INFO] Found 0 tests in round 3 of 10 (11.7 seconds elapsed (17.4 total), 27.4 seconds remaining).
[INFO] Found 0 tests in round 4 of 10 (17.4 seconds elapsed (23.5 total), 26.2 seconds remaining).
[INFO] Found 0 tests in round 5 of 10 (23.5 seconds elapsed (29.3 total), 23.5 seconds remaining).
[INFO] Found 0 tests in round 6 of 10 (29.3 seconds elapsed (35.1 total), 19.5 seconds remaining).
[INFO] Found 0 tests in round 7 of 10 (35.1 seconds elapsed (40.8 total), 15.0 seconds remaining).
[INFO] Found 0 tests in round 8 of 10 (40.8 seconds elapsed (46.7 total), 10.2 seconds remaining).
[INFO] Found 0 tests in round 9 of 10 (46.7 seconds elapsed (52.5 total), 5.2 seconds remaining).
[INFO] Found 0 tests in round 10 of 10 (52.5 seconds elapsed (58.1 total), 0.0 seconds remaining).

[INFO] Found 0 tests, writing list to /Scratch/all-output/j256.ormlite-core_output/ormlite-core/detection-results/list.txt and dt lists to /Scratch/all-output/j256.ormlite-core_output/ormlite-core/detection-results/flaky-lists.json
TRY_COPY_ALL_FAILING_TEST_OUTPUT
[INFO] ------------------------------------------------------------------------
[INFO] BUILD SUCCESS
[INFO] ------------------------------------------------------------------------
[INFO] Total time: 01:08 min
[INFO] Finished at: 2024-04-22T01:56:44Z
[INFO] ------------------------------------------------------------------------
