ANTLR Parser Generator  Version 3.5.2
ANTLR Parser Generator  Version 3.5.2
ANTLR Parser Generator  Version 3.5.2
warning(200): org/apache/nifi/record/path/RecordPathParser.g:208:9: 
Decision can match input such as "LBRACKET STRING_LITERAL RBRACKET" using multiple alternatives: 1, 2

As a result, alternative(s) 2 were disabled for that input
SLF4J: Failed to load class "org.slf4j.impl.StaticLoggerBinder".
SLF4J: Defaulting to no-operation (NOP) logger implementation
SLF4J: See http://www.slf4j.org/codes.html#StaticLoggerBinder for further details.
SLF4J: Failed to load class "org.slf4j.impl.StaticLoggerBinder".
SLF4J: Defaulting to no-operation (NOP) logger implementation
SLF4J: See http://www.slf4j.org/codes.html#StaticLoggerBinder for further details.
SLF4J: Failed to load class "org.slf4j.impl.StaticLoggerBinder".
SLF4J: Defaulting to no-operation (NOP) logger implementation
SLF4J: See http://www.slf4j.org/codes.html#StaticLoggerBinder for further details.
SLF4J: Failed to load class "org.slf4j.impl.StaticLoggerBinder".
SLF4J: Defaulting to no-operation (NOP) logger implementation
SLF4J: See http://www.slf4j.org/codes.html#StaticLoggerBinder for further details.
SLF4J: Failed to load class "org.slf4j.impl.StaticLoggerBinder".
SLF4J: Defaulting to no-operation (NOP) logger implementation
SLF4J: See http://www.slf4j.org/codes.html#StaticLoggerBinder for further details.
SLF4J: Failed to load class "org.slf4j.impl.StaticLoggerBinder".
SLF4J: Defaulting to no-operation (NOP) logger implementation
SLF4J: See http://www.slf4j.org/codes.html#StaticLoggerBinder for further details.
SLF4J: Failed to load class "org.slf4j.impl.StaticLoggerBinder".
SLF4J: Defaulting to no-operation (NOP) logger implementation
SLF4J: See http://www.slf4j.org/codes.html#StaticLoggerBinder for further details.
SLF4J: Failed to load class "org.slf4j.impl.StaticLoggerBinder".
SLF4J: Defaulting to no-operation (NOP) logger implementation
SLF4J: See http://www.slf4j.org/codes.html#StaticLoggerBinder for further details.
SLF4J: Failed to load class "org.slf4j.impl.StaticLoggerBinder".
SLF4J: Defaulting to no-operation (NOP) logger implementation
SLF4J: See http://www.slf4j.org/codes.html#StaticLoggerBinder for further details.
SLF4J: Failed to load class "org.slf4j.impl.StaticLoggerBinder".
SLF4J: Defaulting to no-operation (NOP) logger implementation
SLF4J: See http://www.slf4j.org/codes.html#StaticLoggerBinder for further details.
SLF4J: Failed to load class "org.slf4j.impl.StaticLoggerBinder".
SLF4J: Defaulting to no-operation (NOP) logger implementation
SLF4J: See http://www.slf4j.org/codes.html#StaticLoggerBinder for further details.
SLF4J: Failed to load class "org.slf4j.impl.StaticLoggerBinder".
SLF4J: Defaulting to no-operation (NOP) logger implementation
SLF4J: See http://www.slf4j.org/codes.html#StaticLoggerBinder for further details.
SLF4J: Failed to load class "org.slf4j.impl.StaticLoggerBinder".
SLF4J: Defaulting to no-operation (NOP) logger implementation
SLF4J: See http://www.slf4j.org/codes.html#StaticLoggerBinder for further details.
SLF4J: Failed to load class "org.slf4j.impl.StaticLoggerBinder".
SLF4J: Defaulting to no-operation (NOP) logger implementation
SLF4J: See http://www.slf4j.org/codes.html#StaticLoggerBinder for further details.
SLF4J: Failed to load class "org.slf4j.impl.StaticLoggerBinder".
SLF4J: Defaulting to no-operation (NOP) logger implementation
SLF4J: See http://www.slf4j.org/codes.html#StaticLoggerBinder for further details.
SLF4J: Failed to load class "org.slf4j.impl.StaticLoggerBinder".
SLF4J: Defaulting to no-operation (NOP) logger implementation
SLF4J: See http://www.slf4j.org/codes.html#StaticLoggerBinder for further details.
SLF4J: Failed to load class "org.slf4j.impl.StaticLoggerBinder".
SLF4J: Defaulting to no-operation (NOP) logger implementation
SLF4J: See http://www.slf4j.org/codes.html#StaticLoggerBinder for further details.
SLF4J: Failed to load class "org.slf4j.impl.StaticLoggerBinder".
SLF4J: Defaulting to no-operation (NOP) logger implementation
SLF4J: See http://www.slf4j.org/codes.html#StaticLoggerBinder for further details.
SLF4J: Failed to load class "org.slf4j.impl.StaticLoggerBinder".
SLF4J: Defaulting to no-operation (NOP) logger implementation
SLF4J: See http://www.slf4j.org/codes.html#StaticLoggerBinder for further details.
Cleaning up unclosed ZipFile for archive /home/alex/Repositories/nifi/nifi-registry/nifi-registry-core/nifi-registry-docs/target/nifi-registry-docs-1.16.0-SNAPSHOT-resources.zip
Cleaning up unclosed ZipFile for archive /home/alex/Repositories/nifi/nifi-registry/nifi-registry-core/nifi-registry-resources/target/nifi-registry-resources-1.16.0-SNAPSHOT-resources.zip
Cleaning up unclosed ZipFile for archive /home/alex/Repositories/nifi/nifi-registry/nifi-registry-core/nifi-registry-resources/target/nifi-registry-resources-1.16.0-SNAPSHOT-resources.zip
Cleaning up unclosed ZipFile for archive /home/alex/Repositories/nifi/nifi-registry/nifi-registry-core/nifi-registry-docs/target/nifi-registry-docs-1.16.0-SNAPSHOT-resources.zip
Cleaning up unclosed ZipFile for archive /home/alex/Repositories/nifi/nifi-registry/nifi-registry-core/nifi-registry-resources/target/nifi-registry-resources-1.16.0-SNAPSHOT-resources.zip
Cleaning up unclosed ZipFile for archive /home/alex/Repositories/nifi/nifi-registry/nifi-registry-core/nifi-registry-resources/target/nifi-registry-resources-1.16.0-SNAPSHOT-resources.zip
Cleaning up unclosed ZipFile for archive /home/alex/Repositories/nifi/nifi-registry/nifi-registry-core/nifi-registry-resources/target/nifi-registry-resources-1.16.0-SNAPSHOT-resources.zip
Cleaning up unclosed ZipFile for archive /home/alex/Repositories/nifi/nifi-registry/nifi-registry-core/nifi-registry-resources/target/nifi-registry-resources-1.16.0-SNAPSHOT-resources.zip
Cleaning up unclosed ZipFile for archive /home/alex/Repositories/nifi/nifi-registry/nifi-registry-core/nifi-registry-resources/target/nifi-registry-resources-1.16.0-SNAPSHOT-resources.zip
Cleaning up unclosed ZipFile for archive /home/alex/Repositories/nifi/nifi-registry/nifi-registry-core/nifi-registry-docs/target/nifi-registry-docs-1.16.0-SNAPSHOT-resources.zip
Cleaning up unclosed ZipFile for archive /home/alex/Repositories/nifi/nifi-registry/nifi-registry-core/nifi-registry-resources/target/nifi-registry-resources-1.16.0-SNAPSHOT-resources.zip
Cleaning up unclosed ZipFile for archive /home/alex/Repositories/nifi/nifi-registry/nifi-registry-core/nifi-registry-docs/target/nifi-registry-docs-1.16.0-SNAPSHOT-resources.zip
Cleaning up unclosed ZipFile for archive /home/alex/Repositories/nifi/nifi-registry/nifi-registry-core/nifi-registry-resources/target/nifi-registry-resources-1.16.0-SNAPSHOT-resources.zip
Cleaning up unclosed ZipFile for archive /home/alex/Repositories/nifi/nifi-registry/nifi-registry-core/nifi-registry-resources/target/nifi-registry-resources-1.16.0-SNAPSHOT-resources.zip
Cleaning up unclosed ZipFile for archive /home/alex/Repositories/nifi/nifi-registry/nifi-registry-core/nifi-registry-docs/target/nifi-registry-docs-1.16.0-SNAPSHOT-resources.zip
Cleaning up unclosed ZipFile for archive /home/alex/Repositories/nifi/nifi-registry/nifi-registry-core/nifi-registry-resources/target/nifi-registry-resources-1.16.0-SNAPSHOT-resources.zip
Cleaning up unclosed ZipFile for archive /home/alex/Repositories/nifi/nifi-registry/nifi-registry-core/nifi-registry-resources/target/nifi-registry-resources-1.16.0-SNAPSHOT-resources.zip
Cleaning up unclosed ZipFile for archive /home/alex/Repositories/nifi/nifi-registry/nifi-registry-core/nifi-registry-docs/target/nifi-registry-docs-1.16.0-SNAPSHOT-resources.zip
