[INFO] Error stacktraces are turned on.
[INFO] Scanning for projects...
[WARNING] 
[WARNING] Some problems were encountered while building the effective model for org.springframework.cloud:spring-cloud-netflix-eureka-client:jar:3.1.0-SNAPSHOT
[WARNING] 'build.plugins.plugin.version' for org.codehaus.mojo:flatten-maven-plugin is missing. @ org.springframework.cloud:spring-cloud-netflix:3.1.0-SNAPSHOT, /home/idflakies/spring-cloud/spring-cloud-netflix/pom.xml, line 35, column 12
[WARNING] 
[WARNING] Some problems were encountered while building the effective model for org.springframework.cloud:spring-cloud-netflix-eureka-server:jar:3.1.0-SNAPSHOT
[WARNING] 'build.plugins.plugin.version' for org.codehaus.mojo:flatten-maven-plugin is missing. @ org.springframework.cloud:spring-cloud-netflix:3.1.0-SNAPSHOT, /home/idflakies/spring-cloud/spring-cloud-netflix/pom.xml, line 35, column 12
[WARNING] 'build.plugins.plugin.version' for org.asciidoctor:asciidoctor-maven-plugin is missing. @ org.springframework.cloud:spring-cloud-netflix-eureka-server:[unknown-version], /home/idflakies/spring-cloud/spring-cloud-netflix/spring-cloud-netflix-eureka-server/pom.xml, line 194, column 12
[WARNING] 
[WARNING] Some problems were encountered while building the effective model for org.springframework.cloud:spring-cloud-starter-netflix-eureka-client:jar:3.1.0-SNAPSHOT
[WARNING] 'build.plugins.plugin.version' for org.codehaus.mojo:flatten-maven-plugin is missing. @ org.springframework.cloud:spring-cloud-netflix:3.1.0-SNAPSHOT, /home/idflakies/spring-cloud/spring-cloud-netflix/pom.xml, line 35, column 12
[WARNING] 
[WARNING] Some problems were encountered while building the effective model for org.springframework.cloud:spring-cloud-starter-netflix-eureka-server:jar:3.1.0-SNAPSHOT
[WARNING] 'build.plugins.plugin.version' for org.codehaus.mojo:flatten-maven-plugin is missing. @ org.springframework.cloud:spring-cloud-netflix:3.1.0-SNAPSHOT, /home/idflakies/spring-cloud/spring-cloud-netflix/pom.xml, line 35, column 12
[WARNING] 
[WARNING] Some problems were encountered while building the effective model for org.springframework.cloud:spring-cloud-netflix-eureka-client-tls-tests:jar:3.1.0-SNAPSHOT
[WARNING] 'build.plugins.plugin.version' for org.codehaus.mojo:flatten-maven-plugin is missing. @ org.springframework.cloud:spring-cloud-netflix:3.1.0-SNAPSHOT, /home/idflakies/spring-cloud/spring-cloud-netflix/pom.xml, line 35, column 12
[WARNING] 
[WARNING] Some problems were encountered while building the effective model for org.springframework.cloud:spring-cloud-netflix-docs:jar:3.1.0-SNAPSHOT
[WARNING] 'build.plugins.plugin.version' for org.codehaus.mojo:flatten-maven-plugin is missing. @ org.springframework.cloud:spring-cloud-netflix:3.1.0-SNAPSHOT, /home/idflakies/spring-cloud/spring-cloud-netflix/pom.xml, line 35, column 12
[WARNING] 
[WARNING] Some problems were encountered while building the effective model for org.springframework.cloud:spring-cloud-netflix:pom:3.1.0-SNAPSHOT
[WARNING] 'build.plugins.plugin.version' for org.codehaus.mojo:flatten-maven-plugin is missing. @ line 35, column 12
[WARNING] 
[WARNING] It is highly recommended to fix these problems because they threaten the stability of your build.
[WARNING] 
[WARNING] For this reason, future Maven versions might no longer support building such malformed projects.
[WARNING] 
[INFO] ------------------------------------------------------------------------
[INFO] Reactor Build Order:
[INFO] 
[INFO] spring-cloud-netflix-dependencies                                  [pom]
[INFO] Spring Cloud Netflix                                               [pom]
[INFO] Spring Cloud Netflix Eureka Client                                 [jar]
[INFO] Spring Cloud Netflix Eureka Server                                 [jar]
[INFO] Spring Cloud Starter Netflix Eureka Client                         [jar]
[INFO] Spring Cloud Starter Netflix Eureka Server                         [jar]
[INFO] Spring Cloud Netflix Eureka Client TLS Tests                       [jar]
[INFO] Spring Cloud Netflix Docs                                          [jar]
[INFO] Downloading from spring-releases: https://repo.spring.io/libs-release-local/org/codehaus/mojo/flatten-maven-plugin/maven-metadata.xml
[WARNING] Could not transfer metadata org.codehaus.mojo:flatten-maven-plugin/maven-metadata.xml from/to spring-releases (https://repo.spring.io/libs-release-local): Not authorized , ReasonPhrase:.
[INFO] 
[INFO] ----< org.springframework.cloud:spring-cloud-netflix-dependencies >-----
[INFO] Building spring-cloud-netflix-dependencies 3.1.0-SNAPSHOT          [1/8]
[INFO] --------------------------------[ pom ]---------------------------------
[INFO] 
[INFO] >>> idflakies-maven-plugin:2.0.1-SNAPSHOT:detect (default-cli) > test-compile @ spring-cloud-netflix-dependencies >>>
[INFO] 
[INFO] <<< idflakies-maven-plugin:2.0.1-SNAPSHOT:detect (default-cli) < test-compile @ spring-cloud-netflix-dependencies <<<
[INFO] 
[INFO] 
[INFO] --- idflakies-maven-plugin:2.0.1-SNAPSHOT:detect (default-cli) @ spring-cloud-netflix-dependencies ---
INFO: Module is not using a supported test framework (probably not JUnit), or there is no test.
---------------------------------------------------
Message was:
Module is not using a supported test framework (probably not JUnit), or there is no test.
INFO: TIMEOUT_VALUE specified but cannot read mvn-test-time.log at: /home/idflakies/spring-cloud/spring-cloud-netflix/spring-cloud-netflix-dependencies/mvn-test-time.log
INFO: Ignoring timeout and using number of rounds.
INFO: ROUNDS_CALCULATED: Giving org.springframework.cloud:spring-cloud-netflix-dependencies:3.1.0-SNAPSHOT 10 rounds to run for random-class
---------------------------------------------------
java.lang.NullPointerException
	at edu.illinois.cs.dt.tools.plugin.DetectorMojo.detectorExecute(DetectorMojo.java:287)
	at edu.illinois.cs.dt.tools.plugin.DetectorMojo.lambda$execute$5(DetectorMojo.java:211)
	at edu.illinois.cs.dt.tools.utility.ErrorLogger.runAndLogError(ErrorLogger.java:17)
	at edu.illinois.cs.dt.tools.plugin.DetectorMojo.execute(DetectorMojo.java:211)
	at org.apache.maven.plugin.DefaultBuildPluginManager.executeMojo(DefaultBuildPluginManager.java:137)
	at org.apache.maven.lifecycle.internal.MojoExecutor.execute(MojoExecutor.java:208)
	at org.apache.maven.lifecycle.internal.MojoExecutor.execute(MojoExecutor.java:154)
	at org.apache.maven.lifecycle.internal.MojoExecutor.execute(MojoExecutor.java:146)
	at org.apache.maven.lifecycle.internal.LifecycleModuleBuilder.buildProject(LifecycleModuleBuilder.java:117)
	at org.apache.maven.lifecycle.internal.LifecycleModuleBuilder.buildProject(LifecycleModuleBuilder.java:81)
	at org.apache.maven.lifecycle.internal.builder.singlethreaded.SingleThreadedBuilder.build(SingleThreadedBuilder.java:56)
	at org.apache.maven.lifecycle.internal.LifecycleStarter.execute(LifecycleStarter.java:128)
	at org.apache.maven.DefaultMaven.doExecute(DefaultMaven.java:305)
	at org.apache.maven.DefaultMaven.doExecute(DefaultMaven.java:192)
	at org.apache.maven.DefaultMaven.execute(DefaultMaven.java:105)
	at org.apache.maven.cli.MavenCli.execute(MavenCli.java:954)
	at org.apache.maven.cli.MavenCli.doMain(MavenCli.java:288)
	at org.apache.maven.cli.MavenCli.main(MavenCli.java:192)
	at sun.reflect.NativeMethodAccessorImpl.invoke0(Native Method)
	at sun.reflect.NativeMethodAccessorImpl.invoke(NativeMethodAccessorImpl.java:62)
	at sun.reflect.DelegatingMethodAccessorImpl.invoke(DelegatingMethodAccessorImpl.java:43)
	at java.lang.reflect.Method.invoke(Method.java:498)
	at org.codehaus.plexus.classworlds.launcher.Launcher.launchEnhanced(Launcher.java:289)
	at org.codehaus.plexus.classworlds.launcher.Launcher.launch(Launcher.java:229)
	at org.codehaus.plexus.classworlds.launcher.Launcher.mainWithExitCode(Launcher.java:415)
	at org.codehaus.plexus.classworlds.launcher.Launcher.main(Launcher.java:356)
TRY_COPY_ALL_FAILING_TEST_OUTPUT
[INFO] 
[INFO] -----------< org.springframework.cloud:spring-cloud-netflix >-----------
[INFO] Building Spring Cloud Netflix 3.1.0-SNAPSHOT                       [2/8]
[INFO] --------------------------------[ pom ]---------------------------------
[INFO] 
[INFO] >>> idflakies-maven-plugin:2.0.1-SNAPSHOT:detect (default-cli) > test-compile @ spring-cloud-netflix >>>
[INFO] 
[INFO] --- spring-javaformat-maven-plugin:0.0.26:apply (default) @ spring-cloud-netflix ---
[INFO] 
[INFO] --- spring-javaformat-maven-plugin:0.0.26:validate (default) @ spring-cloud-netflix ---
[INFO] 
[INFO] --- maven-checkstyle-plugin:3.1.2:check (checkstyle-validation) @ spring-cloud-netflix ---
[INFO] Starting audit...
Audit done.
[INFO] You have 0 Checkstyle violations.
[INFO] 
[INFO] --- maven-checkstyle-plugin:3.1.2:check (no-http-checkstyle-validation) @ spring-cloud-netflix ---
[INFO] 
[INFO] --- flatten-maven-plugin:1.5.0:flatten (flatten) @ spring-cloud-netflix ---
[INFO] Generating flattened POM of project org.springframework.cloud:spring-cloud-netflix:pom:3.1.0-SNAPSHOT...
[INFO] 
[INFO] <<< idflakies-maven-plugin:2.0.1-SNAPSHOT:detect (default-cli) < test-compile @ spring-cloud-netflix <<<
[INFO] 
[INFO] 
[INFO] --- idflakies-maven-plugin:2.0.1-SNAPSHOT:detect (default-cli) @ spring-cloud-netflix ---
INFO: Module is not using a supported test framework (probably not JUnit), or there is no test.
---------------------------------------------------
Message was:
Module is not using a supported test framework (probably not JUnit), or there is no test.
INFO: TIMEOUT_VALUE: Using a timeout of 7200.0, and that the total mvn test time is: 21.97
INFO: ROUNDS_CALCULATED: Giving org.springframework.cloud:spring-cloud-netflix:3.1.0-SNAPSHOT 10 rounds to run for random-class
---------------------------------------------------
java.lang.NullPointerException
	at edu.illinois.cs.dt.tools.plugin.DetectorMojo.detectorExecute(DetectorMojo.java:287)
	at edu.illinois.cs.dt.tools.plugin.DetectorMojo.lambda$execute$5(DetectorMojo.java:211)
	at edu.illinois.cs.dt.tools.utility.ErrorLogger.runAndLogError(ErrorLogger.java:17)
	at edu.illinois.cs.dt.tools.plugin.DetectorMojo.execute(DetectorMojo.java:211)
	at org.apache.maven.plugin.DefaultBuildPluginManager.executeMojo(DefaultBuildPluginManager.java:137)
	at org.apache.maven.lifecycle.internal.MojoExecutor.execute(MojoExecutor.java:208)
	at org.apache.maven.lifecycle.internal.MojoExecutor.execute(MojoExecutor.java:154)
	at org.apache.maven.lifecycle.internal.MojoExecutor.execute(MojoExecutor.java:146)
	at org.apache.maven.lifecycle.internal.LifecycleModuleBuilder.buildProject(LifecycleModuleBuilder.java:117)
	at org.apache.maven.lifecycle.internal.LifecycleModuleBuilder.buildProject(LifecycleModuleBuilder.java:81)
	at org.apache.maven.lifecycle.internal.builder.singlethreaded.SingleThreadedBuilder.build(SingleThreadedBuilder.java:56)
	at org.apache.maven.lifecycle.internal.LifecycleStarter.execute(LifecycleStarter.java:128)
	at org.apache.maven.DefaultMaven.doExecute(DefaultMaven.java:305)
	at org.apache.maven.DefaultMaven.doExecute(DefaultMaven.java:192)
	at org.apache.maven.DefaultMaven.execute(DefaultMaven.java:105)
	at org.apache.maven.cli.MavenCli.execute(MavenCli.java:954)
	at org.apache.maven.cli.MavenCli.doMain(MavenCli.java:288)
	at org.apache.maven.cli.MavenCli.main(MavenCli.java:192)
	at sun.reflect.NativeMethodAccessorImpl.invoke0(Native Method)
	at sun.reflect.NativeMethodAccessorImpl.invoke(NativeMethodAccessorImpl.java:62)
	at sun.reflect.DelegatingMethodAccessorImpl.invoke(DelegatingMethodAccessorImpl.java:43)
	at java.lang.reflect.Method.invoke(Method.java:498)
	at org.codehaus.plexus.classworlds.launcher.Launcher.launchEnhanced(Launcher.java:289)
	at org.codehaus.plexus.classworlds.launcher.Launcher.launch(Launcher.java:229)
	at org.codehaus.plexus.classworlds.launcher.Launcher.mainWithExitCode(Launcher.java:415)
	at org.codehaus.plexus.classworlds.launcher.Launcher.main(Launcher.java:356)
TRY_COPY_ALL_FAILING_TEST_OUTPUT
[INFO] 
[INFO] ----< org.springframework.cloud:spring-cloud-netflix-eureka-client >----
[INFO] Building Spring Cloud Netflix Eureka Client 3.1.0-SNAPSHOT         [3/8]
[INFO] --------------------------------[ jar ]---------------------------------
[WARNING] Failure to transfer org.codehaus.mojo:flatten-maven-plugin/maven-metadata.xml from https://repo.spring.io/libs-release-local was cached in the local repository, resolution will not be reattempted until the update interval of spring-releases has elapsed or updates are forced. Original error: Could not transfer metadata org.codehaus.mojo:flatten-maven-plugin/maven-metadata.xml from/to spring-releases (https://repo.spring.io/libs-release-local): Not authorized , ReasonPhrase:.
[INFO] 
[INFO] >>> idflakies-maven-plugin:2.0.1-SNAPSHOT:detect (default-cli) > test-compile @ spring-cloud-netflix-eureka-client >>>
[INFO] 
[INFO] --- spring-javaformat-maven-plugin:0.0.26:apply (default) @ spring-cloud-netflix-eureka-client ---
[INFO] 
[INFO] --- spring-javaformat-maven-plugin:0.0.26:validate (default) @ spring-cloud-netflix-eureka-client ---
[INFO] 
[INFO] --- maven-checkstyle-plugin:3.1.2:check (checkstyle-validation) @ spring-cloud-netflix-eureka-client ---
[INFO] Starting audit...
Audit done.
[INFO] You have 0 Checkstyle violations.
[INFO] 
[INFO] --- maven-checkstyle-plugin:3.1.2:check (no-http-checkstyle-validation) @ spring-cloud-netflix-eureka-client ---
[INFO] 
[INFO] --- maven-resources-plugin:3.1.0:resources (default-resources) @ spring-cloud-netflix-eureka-client ---
[INFO] Using 'UTF-8' encoding to copy filtered resources.
[INFO] Copying 0 resource
[INFO] Copying 2 resources
[INFO] 
[INFO] --- flatten-maven-plugin:1.5.0:flatten (flatten) @ spring-cloud-netflix-eureka-client ---
[INFO] Generating flattened POM of project org.springframework.cloud:spring-cloud-netflix-eureka-client:jar:3.1.0-SNAPSHOT...
[INFO] 
[INFO] --- maven-compiler-plugin:3.8.1:compile (default-compile) @ spring-cloud-netflix-eureka-client ---
[INFO] Nothing to compile - all classes are up to date
[INFO] 
[INFO] --- maven-resources-plugin:3.1.0:testResources (default-testResources) @ spring-cloud-netflix-eureka-client ---
[INFO] Using 'UTF-8' encoding to copy filtered resources.
[INFO] Copying 1 resource
[INFO] 
[INFO] --- maven-compiler-plugin:3.8.1:testCompile (default-testCompile) @ spring-cloud-netflix-eureka-client ---
[INFO] Nothing to compile - all classes are up to date
[INFO] 
[INFO] <<< idflakies-maven-plugin:2.0.1-SNAPSHOT:detect (default-cli) < test-compile @ spring-cloud-netflix-eureka-client <<<
[INFO] 
[INFO] 
[INFO] --- idflakies-maven-plugin:2.0.1-SNAPSHOT:detect (default-cli) @ spring-cloud-netflix-eureka-client ---
INFO: Locating tests...
INFO: Located 17 tests. Time taken: 1.3849999904632568 seconds
INFO: Locating tests...
INFO: Located 163 tests. Time taken: 1.7279999256134033 seconds
INFO: This project contains both JUnit 4 and JUnit 5 tests, which currently is not supported by iDFlakies
---------------------------------------------------
Message was:
This project contains both JUnit 4 and JUnit 5 tests, which currently is not supported by iDFlakies
INFO: TIMEOUT_VALUE: Using a timeout of 7200.0, and that the total mvn test time is: 21.97
INFO: ROUNDS_CALCULATED: Giving org.springframework.cloud:spring-cloud-netflix-eureka-client:3.1.0-SNAPSHOT 10 rounds to run for random-class
---------------------------------------------------
java.lang.NullPointerException
	at edu.illinois.cs.dt.tools.plugin.DetectorMojo.detectorExecute(DetectorMojo.java:287)
	at edu.illinois.cs.dt.tools.plugin.DetectorMojo.lambda$execute$5(DetectorMojo.java:211)
	at edu.illinois.cs.dt.tools.utility.ErrorLogger.runAndLogError(ErrorLogger.java:17)
	at edu.illinois.cs.dt.tools.plugin.DetectorMojo.execute(DetectorMojo.java:211)
	at org.apache.maven.plugin.DefaultBuildPluginManager.executeMojo(DefaultBuildPluginManager.java:137)
	at org.apache.maven.lifecycle.internal.MojoExecutor.execute(MojoExecutor.java:208)
	at org.apache.maven.lifecycle.internal.MojoExecutor.execute(MojoExecutor.java:154)
	at org.apache.maven.lifecycle.internal.MojoExecutor.execute(MojoExecutor.java:146)
	at org.apache.maven.lifecycle.internal.LifecycleModuleBuilder.buildProject(LifecycleModuleBuilder.java:117)
	at org.apache.maven.lifecycle.internal.LifecycleModuleBuilder.buildProject(LifecycleModuleBuilder.java:81)
	at org.apache.maven.lifecycle.internal.builder.singlethreaded.SingleThreadedBuilder.build(SingleThreadedBuilder.java:56)
	at org.apache.maven.lifecycle.internal.LifecycleStarter.execute(LifecycleStarter.java:128)
	at org.apache.maven.DefaultMaven.doExecute(DefaultMaven.java:305)
	at org.apache.maven.DefaultMaven.doExecute(DefaultMaven.java:192)
	at org.apache.maven.DefaultMaven.execute(DefaultMaven.java:105)
	at org.apache.maven.cli.MavenCli.execute(MavenCli.java:954)
	at org.apache.maven.cli.MavenCli.doMain(MavenCli.java:288)
	at org.apache.maven.cli.MavenCli.main(MavenCli.java:192)
	at sun.reflect.NativeMethodAccessorImpl.invoke0(Native Method)
	at sun.reflect.NativeMethodAccessorImpl.invoke(NativeMethodAccessorImpl.java:62)
	at sun.reflect.DelegatingMethodAccessorImpl.invoke(DelegatingMethodAccessorImpl.java:43)
	at java.lang.reflect.Method.invoke(Method.java:498)
	at org.codehaus.plexus.classworlds.launcher.Launcher.launchEnhanced(Launcher.java:289)
	at org.codehaus.plexus.classworlds.launcher.Launcher.launch(Launcher.java:229)
	at org.codehaus.plexus.classworlds.launcher.Launcher.mainWithExitCode(Launcher.java:415)
	at org.codehaus.plexus.classworlds.launcher.Launcher.main(Launcher.java:356)
TRY_COPY_ALL_FAILING_TEST_OUTPUT
[INFO] 
[INFO] ----< org.springframework.cloud:spring-cloud-netflix-eureka-server >----
[INFO] Building Spring Cloud Netflix Eureka Server 3.1.0-SNAPSHOT         [4/8]
[INFO] --------------------------------[ jar ]---------------------------------
[WARNING] Failure to transfer org.codehaus.mojo:flatten-maven-plugin/maven-metadata.xml from https://repo.spring.io/libs-release-local was cached in the local repository, resolution will not be reattempted until the update interval of spring-releases has elapsed or updates are forced. Original error: Could not transfer metadata org.codehaus.mojo:flatten-maven-plugin/maven-metadata.xml from/to spring-releases (https://repo.spring.io/libs-release-local): Not authorized , ReasonPhrase:.
[INFO] Downloading from spring-releases: https://repo.spring.io/libs-release-local/org/asciidoctor/asciidoctor-maven-plugin/maven-metadata.xml
[WARNING] Could not transfer metadata org.asciidoctor:asciidoctor-maven-plugin/maven-metadata.xml from/to spring-releases (https://repo.spring.io/libs-release-local): Not authorized , ReasonPhrase:.
[INFO] 
[INFO] >>> idflakies-maven-plugin:2.0.1-SNAPSHOT:detect (default-cli) > test-compile @ spring-cloud-netflix-eureka-server >>>
[INFO] 
[INFO] --- spring-javaformat-maven-plugin:0.0.26:apply (default) @ spring-cloud-netflix-eureka-server ---
[INFO] 
[INFO] --- spring-javaformat-maven-plugin:0.0.26:validate (default) @ spring-cloud-netflix-eureka-server ---
[INFO] 
[INFO] --- maven-checkstyle-plugin:3.1.2:check (checkstyle-validation) @ spring-cloud-netflix-eureka-server ---
[INFO] Starting audit...
Audit done.
[INFO] You have 0 Checkstyle violations.
[INFO] 
[INFO] --- maven-checkstyle-plugin:3.1.2:check (no-http-checkstyle-validation) @ spring-cloud-netflix-eureka-server ---
[INFO] 
[INFO] --- maven-resources-plugin:3.1.0:copy-resources (copy-resources) @ spring-cloud-netflix-eureka-server ---
[INFO] Using 'UTF-8' encoding to copy filtered resources.
[INFO] Copying 6 resources
[INFO] 
[INFO] --- wro4j-maven-plugin:1.8.0:run (default) @ spring-cloud-netflix-eureka-server ---
[INFO] Downloading from spring-releases: https://repo.spring.io/libs-release-local/me/n4u/sass/sass-gems/maven-metadata.xml
[WARNING] Could not transfer metadata me.n4u.sass:sass-gems/maven-metadata.xml from/to spring-releases (https://repo.spring.io/libs-release-local): Not authorized , ReasonPhrase:.
[INFO] /home/idflakies/spring-cloud/spring-cloud-netflix/spring-cloud-netflix-eureka-server/src/main/wro
[INFO] Executing the mojo: 
[INFO] Wro4j Model path: /home/idflakies/spring-cloud/spring-cloud-netflix/spring-cloud-netflix-eureka-server/target/wro/wro.xml
[INFO] targetGroups: null
[INFO] minimize: true
[INFO] ignoreMissingResources: null
[INFO] parallelProcessing: false
[INFO] buildDirectory: /home/idflakies/spring-cloud/spring-cloud-netflix/spring-cloud-netflix-eureka-server/target
[INFO] destinationFolder: /home/idflakies/spring-cloud/spring-cloud-netflix/spring-cloud-netflix-eureka-server/target
[INFO] jsDestinationFolder: /home/idflakies/spring-cloud/spring-cloud-netflix/spring-cloud-netflix-eureka-server/target/generated-resources/static/eureka/js
[INFO] cssDestinationFolder: /home/idflakies/spring-cloud/spring-cloud-netflix/spring-cloud-netflix-eureka-server/target/generated-resources/static/eureka/css
[INFO] The following groups will be processed: [wro]
[INFO] folder: /home/idflakies/spring-cloud/spring-cloud-netflix/spring-cloud-netflix-eureka-server/target/generated-resources/static/eureka/css
[INFO] processing group: wro.css
[WARNING] Less warnings are:
[WARNING] 10:1 Cannot link source map. Css result location is not know and could not be deduced from input less source..
[INFO] file size: wro.css -> 136561 bytes
[INFO] /home/idflakies/spring-cloud/spring-cloud-netflix/spring-cloud-netflix-eureka-server/target/generated-resources/static/eureka/css/wro.css (136561 bytes)
[INFO] folder: /home/idflakies/spring-cloud/spring-cloud-netflix/spring-cloud-netflix-eureka-server/target/generated-resources/static/eureka/js
[INFO] processing group: wro.js
[INFO] file size: wro.js -> 121041 bytes
[INFO] /home/idflakies/spring-cloud/spring-cloud-netflix/spring-cloud-netflix-eureka-server/target/generated-resources/static/eureka/js/wro.js (121041 bytes)
[INFO] 
[INFO] --- maven-resources-plugin:3.1.0:resources (default-resources) @ spring-cloud-netflix-eureka-server ---
[INFO] Using 'UTF-8' encoding to copy filtered resources.
[INFO] Copying 20 resources
[INFO] Copying 2 resources
[INFO] 
[INFO] --- flatten-maven-plugin:1.5.0:flatten (flatten) @ spring-cloud-netflix-eureka-server ---
[INFO] Generating flattened POM of project org.springframework.cloud:spring-cloud-netflix-eureka-server:jar:3.1.0-SNAPSHOT...
[INFO] 
[INFO] --- maven-compiler-plugin:3.8.1:compile (default-compile) @ spring-cloud-netflix-eureka-server ---
[INFO] Nothing to compile - all classes are up to date
[INFO] 
[INFO] --- maven-resources-plugin:3.1.0:testResources (default-testResources) @ spring-cloud-netflix-eureka-server ---
[INFO] Using 'UTF-8' encoding to copy filtered resources.
[INFO] Copying 1 resource
[INFO] 
[INFO] --- maven-compiler-plugin:3.8.1:testCompile (default-testCompile) @ spring-cloud-netflix-eureka-server ---
[INFO] Nothing to compile - all classes are up to date
[INFO] 
[INFO] <<< idflakies-maven-plugin:2.0.1-SNAPSHOT:detect (default-cli) < test-compile @ spring-cloud-netflix-eureka-server <<<
[INFO] 
[INFO] 
[INFO] --- idflakies-maven-plugin:2.0.1-SNAPSHOT:detect (default-cli) @ spring-cloud-netflix-eureka-server ---
INFO: Locating tests...
INFO: Located 42 tests. Time taken: 0.2569999694824219 seconds
INFO: TIMEOUT_VALUE: Using a timeout of 7200.0, and that the total mvn test time is: 21.97
INFO: ROUNDS_CALCULATED: Giving org.springframework.cloud:spring-cloud-netflix-eureka-server:3.1.0-SNAPSHOT 10 rounds to run for random-class
INFO: Using original order in path: /Scratch/all-output/spring-cloud.spring-cloud-netflix_output/spring-cloud-netflix-eureka-server/original-order
INFO: Using original order in path: /Scratch/all-output/spring-cloud.spring-cloud-netflix_output/spring-cloud-netflix-eureka-server/original-order
[INFO] Getting original results (42 tests).
INFO: Created dependent test detector (class edu.illinois.cs.dt.tools.detection.detectors.RandomDetector).
[INFO] Found 0 tests in round 1 of 10 (0.0 seconds elapsed (19.6 total), 0.0 seconds remaining).
[INFO] Found 0 tests in round 2 of 10 (19.6 seconds elapsed (39.8 total), 78.6 seconds remaining).
[INFO] Found 0 tests in round 3 of 10 (39.8 seconds elapsed (59.7 total), 92.9 seconds remaining).
[INFO] Found 0 tests in round 4 of 10 (59.7 seconds elapsed (79.4 total), 89.6 seconds remaining).
[INFO] Found 0 tests in round 5 of 10 (79.4 seconds elapsed (98.9 total), 79.4 seconds remaining).
[INFO] Found 0 tests in round 6 of 10 (98.9 seconds elapsed (118.6 total), 66.0 seconds remaining).
[INFO] Found 0 tests in round 7 of 10 (118.6 seconds elapsed (138.6 total), 50.8 seconds remaining).
[INFO] Found 0 tests in round 8 of 10 (138.6 seconds elapsed (158.7 total), 34.6 seconds remaining).
[INFO] Found 0 tests in round 9 of 10 (158.7 seconds elapsed (178.5 total), 17.6 seconds remaining).
[INFO] Found 0 tests in round 10 of 10 (178.5 seconds elapsed (198.4 total), 0.0 seconds remaining).

[INFO] Found 0 tests, writing list to /Scratch/all-output/spring-cloud.spring-cloud-netflix_output/spring-cloud-netflix-eureka-server/detection-results/list.txt and dt lists to /Scratch/all-output/spring-cloud.spring-cloud-netflix_output/spring-cloud-netflix-eureka-server/detection-results/flaky-lists.json
TRY_COPY_ALL_FAILING_TEST_OUTPUT
[INFO] 
[INFO] --< org.springframework.cloud:spring-cloud-starter-netflix-eureka-client >--
[INFO] Building Spring Cloud Starter Netflix Eureka Client 3.1.0-SNAPSHOT [5/8]
[INFO] --------------------------------[ jar ]---------------------------------
[WARNING] Failure to transfer org.codehaus.mojo:flatten-maven-plugin/maven-metadata.xml from https://repo.spring.io/libs-release-local was cached in the local repository, resolution will not be reattempted until the update interval of spring-releases has elapsed or updates are forced. Original error: Could not transfer metadata org.codehaus.mojo:flatten-maven-plugin/maven-metadata.xml from/to spring-releases (https://repo.spring.io/libs-release-local): Not authorized , ReasonPhrase:.
[INFO] 
[INFO] >>> idflakies-maven-plugin:2.0.1-SNAPSHOT:detect (default-cli) > test-compile @ spring-cloud-starter-netflix-eureka-client >>>
[INFO] 
[INFO] --- spring-javaformat-maven-plugin:0.0.26:apply (default) @ spring-cloud-starter-netflix-eureka-client ---
[INFO] 
[INFO] --- spring-javaformat-maven-plugin:0.0.26:validate (default) @ spring-cloud-starter-netflix-eureka-client ---
[INFO] 
[INFO] --- maven-checkstyle-plugin:3.1.2:check (checkstyle-validation) @ spring-cloud-starter-netflix-eureka-client ---
[INFO] Starting audit...
Audit done.
[INFO] You have 0 Checkstyle violations.
[INFO] 
[INFO] --- maven-checkstyle-plugin:3.1.2:check (no-http-checkstyle-validation) @ spring-cloud-starter-netflix-eureka-client ---
[INFO] 
[INFO] --- maven-resources-plugin:3.1.0:resources (default-resources) @ spring-cloud-starter-netflix-eureka-client ---
[INFO] Using 'UTF-8' encoding to copy filtered resources.
[INFO] skip non existing resourceDirectory /home/idflakies/spring-cloud/spring-cloud-netflix/spring-cloud-starter-netflix-eureka-client/src/main/resources
[INFO] skip non existing resourceDirectory /home/idflakies/spring-cloud/spring-cloud-netflix/spring-cloud-starter-netflix-eureka-client/src/main/resources
[INFO] 
[INFO] --- flatten-maven-plugin:1.5.0:flatten (flatten) @ spring-cloud-starter-netflix-eureka-client ---
[INFO] Generating flattened POM of project org.springframework.cloud:spring-cloud-starter-netflix-eureka-client:jar:3.1.0-SNAPSHOT...
[INFO] 
[INFO] --- maven-compiler-plugin:3.8.1:compile (default-compile) @ spring-cloud-starter-netflix-eureka-client ---
[INFO] No sources to compile
[INFO] 
[INFO] --- maven-resources-plugin:3.1.0:testResources (default-testResources) @ spring-cloud-starter-netflix-eureka-client ---
[INFO] Using 'UTF-8' encoding to copy filtered resources.
[INFO] skip non existing resourceDirectory /home/idflakies/spring-cloud/spring-cloud-netflix/spring-cloud-starter-netflix-eureka-client/src/test/resources
[INFO] 
[INFO] --- maven-compiler-plugin:3.8.1:testCompile (default-testCompile) @ spring-cloud-starter-netflix-eureka-client ---
[INFO] No sources to compile
[INFO] 
[INFO] <<< idflakies-maven-plugin:2.0.1-SNAPSHOT:detect (default-cli) < test-compile @ spring-cloud-starter-netflix-eureka-client <<<
[INFO] 
[INFO] 
[INFO] --- idflakies-maven-plugin:2.0.1-SNAPSHOT:detect (default-cli) @ spring-cloud-starter-netflix-eureka-client ---
INFO: Module is not using a supported test framework (probably not JUnit), or there is no test.
---------------------------------------------------
Message was:
Module is not using a supported test framework (probably not JUnit), or there is no test.
INFO: TIMEOUT_VALUE: Using a timeout of 7200.0, and that the total mvn test time is: 21.97
INFO: ROUNDS_CALCULATED: Giving org.springframework.cloud:spring-cloud-starter-netflix-eureka-client:3.1.0-SNAPSHOT 10 rounds to run for random-class
---------------------------------------------------
java.lang.NullPointerException
	at edu.illinois.cs.dt.tools.plugin.DetectorMojo.detectorExecute(DetectorMojo.java:287)
	at edu.illinois.cs.dt.tools.plugin.DetectorMojo.lambda$execute$5(DetectorMojo.java:211)
	at edu.illinois.cs.dt.tools.utility.ErrorLogger.runAndLogError(ErrorLogger.java:17)
	at edu.illinois.cs.dt.tools.plugin.DetectorMojo.execute(DetectorMojo.java:211)
	at org.apache.maven.plugin.DefaultBuildPluginManager.executeMojo(DefaultBuildPluginManager.java:137)
	at org.apache.maven.lifecycle.internal.MojoExecutor.execute(MojoExecutor.java:208)
	at org.apache.maven.lifecycle.internal.MojoExecutor.execute(MojoExecutor.java:154)
	at org.apache.maven.lifecycle.internal.MojoExecutor.execute(MojoExecutor.java:146)
	at org.apache.maven.lifecycle.internal.LifecycleModuleBuilder.buildProject(LifecycleModuleBuilder.java:117)
	at org.apache.maven.lifecycle.internal.LifecycleModuleBuilder.buildProject(LifecycleModuleBuilder.java:81)
	at org.apache.maven.lifecycle.internal.builder.singlethreaded.SingleThreadedBuilder.build(SingleThreadedBuilder.java:56)
	at org.apache.maven.lifecycle.internal.LifecycleStarter.execute(LifecycleStarter.java:128)
	at org.apache.maven.DefaultMaven.doExecute(DefaultMaven.java:305)
	at org.apache.maven.DefaultMaven.doExecute(DefaultMaven.java:192)
	at org.apache.maven.DefaultMaven.execute(DefaultMaven.java:105)
	at org.apache.maven.cli.MavenCli.execute(MavenCli.java:954)
	at org.apache.maven.cli.MavenCli.doMain(MavenCli.java:288)
	at org.apache.maven.cli.MavenCli.main(MavenCli.java:192)
	at sun.reflect.NativeMethodAccessorImpl.invoke0(Native Method)
	at sun.reflect.NativeMethodAccessorImpl.invoke(NativeMethodAccessorImpl.java:62)
	at sun.reflect.DelegatingMethodAccessorImpl.invoke(DelegatingMethodAccessorImpl.java:43)
	at java.lang.reflect.Method.invoke(Method.java:498)
	at org.codehaus.plexus.classworlds.launcher.Launcher.launchEnhanced(Launcher.java:289)
	at org.codehaus.plexus.classworlds.launcher.Launcher.launch(Launcher.java:229)
	at org.codehaus.plexus.classworlds.launcher.Launcher.mainWithExitCode(Launcher.java:415)
	at org.codehaus.plexus.classworlds.launcher.Launcher.main(Launcher.java:356)
TRY_COPY_ALL_FAILING_TEST_OUTPUT
[INFO] 
[INFO] --< org.springframework.cloud:spring-cloud-starter-netflix-eureka-server >--
[INFO] Building Spring Cloud Starter Netflix Eureka Server 3.1.0-SNAPSHOT [6/8]
[INFO] --------------------------------[ jar ]---------------------------------
[WARNING] Failure to transfer org.codehaus.mojo:flatten-maven-plugin/maven-metadata.xml from https://repo.spring.io/libs-release-local was cached in the local repository, resolution will not be reattempted until the update interval of spring-releases has elapsed or updates are forced. Original error: Could not transfer metadata org.codehaus.mojo:flatten-maven-plugin/maven-metadata.xml from/to spring-releases (https://repo.spring.io/libs-release-local): Not authorized , ReasonPhrase:.
[INFO] 
[INFO] >>> idflakies-maven-plugin:2.0.1-SNAPSHOT:detect (default-cli) > test-compile @ spring-cloud-starter-netflix-eureka-server >>>
[INFO] 
[INFO] --- spring-javaformat-maven-plugin:0.0.26:apply (default) @ spring-cloud-starter-netflix-eureka-server ---
[INFO] 
[INFO] --- spring-javaformat-maven-plugin:0.0.26:validate (default) @ spring-cloud-starter-netflix-eureka-server ---
[INFO] 
[INFO] --- maven-checkstyle-plugin:3.1.2:check (checkstyle-validation) @ spring-cloud-starter-netflix-eureka-server ---
[INFO] Starting audit...
Audit done.
[INFO] You have 0 Checkstyle violations.
[INFO] 
[INFO] --- maven-checkstyle-plugin:3.1.2:check (no-http-checkstyle-validation) @ spring-cloud-starter-netflix-eureka-server ---
[INFO] 
[INFO] --- maven-resources-plugin:3.1.0:resources (default-resources) @ spring-cloud-starter-netflix-eureka-server ---
[INFO] Using 'UTF-8' encoding to copy filtered resources.
[INFO] skip non existing resourceDirectory /home/idflakies/spring-cloud/spring-cloud-netflix/spring-cloud-starter-netflix-eureka-server/src/main/resources
[INFO] skip non existing resourceDirectory /home/idflakies/spring-cloud/spring-cloud-netflix/spring-cloud-starter-netflix-eureka-server/src/main/resources
[INFO] 
[INFO] --- flatten-maven-plugin:1.5.0:flatten (flatten) @ spring-cloud-starter-netflix-eureka-server ---
[INFO] Generating flattened POM of project org.springframework.cloud:spring-cloud-starter-netflix-eureka-server:jar:3.1.0-SNAPSHOT...
[INFO] 
[INFO] --- maven-compiler-plugin:3.8.1:compile (default-compile) @ spring-cloud-starter-netflix-eureka-server ---
[INFO] No sources to compile
[INFO] 
[INFO] --- maven-resources-plugin:3.1.0:testResources (default-testResources) @ spring-cloud-starter-netflix-eureka-server ---
[INFO] Using 'UTF-8' encoding to copy filtered resources.
[INFO] skip non existing resourceDirectory /home/idflakies/spring-cloud/spring-cloud-netflix/spring-cloud-starter-netflix-eureka-server/src/test/resources
[INFO] 
[INFO] --- maven-compiler-plugin:3.8.1:testCompile (default-testCompile) @ spring-cloud-starter-netflix-eureka-server ---
[INFO] No sources to compile
[INFO] 
[INFO] <<< idflakies-maven-plugin:2.0.1-SNAPSHOT:detect (default-cli) < test-compile @ spring-cloud-starter-netflix-eureka-server <<<
[INFO] 
[INFO] 
[INFO] --- idflakies-maven-plugin:2.0.1-SNAPSHOT:detect (default-cli) @ spring-cloud-starter-netflix-eureka-server ---
INFO: Module is not using a supported test framework (probably not JUnit), or there is no test.
---------------------------------------------------
Message was:
Module is not using a supported test framework (probably not JUnit), or there is no test.
INFO: TIMEOUT_VALUE: Using a timeout of 7200.0, and that the total mvn test time is: 21.97
INFO: ROUNDS_CALCULATED: Giving org.springframework.cloud:spring-cloud-starter-netflix-eureka-server:3.1.0-SNAPSHOT 10 rounds to run for random-class
---------------------------------------------------
java.lang.NullPointerException
	at edu.illinois.cs.dt.tools.plugin.DetectorMojo.detectorExecute(DetectorMojo.java:287)
	at edu.illinois.cs.dt.tools.plugin.DetectorMojo.lambda$execute$5(DetectorMojo.java:211)
	at edu.illinois.cs.dt.tools.utility.ErrorLogger.runAndLogError(ErrorLogger.java:17)
	at edu.illinois.cs.dt.tools.plugin.DetectorMojo.execute(DetectorMojo.java:211)
	at org.apache.maven.plugin.DefaultBuildPluginManager.executeMojo(DefaultBuildPluginManager.java:137)
	at org.apache.maven.lifecycle.internal.MojoExecutor.execute(MojoExecutor.java:208)
	at org.apache.maven.lifecycle.internal.MojoExecutor.execute(MojoExecutor.java:154)
	at org.apache.maven.lifecycle.internal.MojoExecutor.execute(MojoExecutor.java:146)
	at org.apache.maven.lifecycle.internal.LifecycleModuleBuilder.buildProject(LifecycleModuleBuilder.java:117)
	at org.apache.maven.lifecycle.internal.LifecycleModuleBuilder.buildProject(LifecycleModuleBuilder.java:81)
	at org.apache.maven.lifecycle.internal.builder.singlethreaded.SingleThreadedBuilder.build(SingleThreadedBuilder.java:56)
	at org.apache.maven.lifecycle.internal.LifecycleStarter.execute(LifecycleStarter.java:128)
	at org.apache.maven.DefaultMaven.doExecute(DefaultMaven.java:305)
	at org.apache.maven.DefaultMaven.doExecute(DefaultMaven.java:192)
	at org.apache.maven.DefaultMaven.execute(DefaultMaven.java:105)
	at org.apache.maven.cli.MavenCli.execute(MavenCli.java:954)
	at org.apache.maven.cli.MavenCli.doMain(MavenCli.java:288)
	at org.apache.maven.cli.MavenCli.main(MavenCli.java:192)
	at sun.reflect.NativeMethodAccessorImpl.invoke0(Native Method)
	at sun.reflect.NativeMethodAccessorImpl.invoke(NativeMethodAccessorImpl.java:62)
	at sun.reflect.DelegatingMethodAccessorImpl.invoke(DelegatingMethodAccessorImpl.java:43)
	at java.lang.reflect.Method.invoke(Method.java:498)
	at org.codehaus.plexus.classworlds.launcher.Launcher.launchEnhanced(Launcher.java:289)
	at org.codehaus.plexus.classworlds.launcher.Launcher.launch(Launcher.java:229)
	at org.codehaus.plexus.classworlds.launcher.Launcher.mainWithExitCode(Launcher.java:415)
	at org.codehaus.plexus.classworlds.launcher.Launcher.main(Launcher.java:356)
TRY_COPY_ALL_FAILING_TEST_OUTPUT
[INFO] 
[INFO] --< org.springframework.cloud:spring-cloud-netflix-eureka-client-tls-tests >--
[INFO] Building Spring Cloud Netflix Eureka Client TLS Tests 3.1.0-SNAPSHOT [7/8]
[INFO] --------------------------------[ jar ]---------------------------------
[WARNING] Failure to transfer org.codehaus.mojo:flatten-maven-plugin/maven-metadata.xml from https://repo.spring.io/libs-release-local was cached in the local repository, resolution will not be reattempted until the update interval of spring-releases has elapsed or updates are forced. Original error: Could not transfer metadata org.codehaus.mojo:flatten-maven-plugin/maven-metadata.xml from/to spring-releases (https://repo.spring.io/libs-release-local): Not authorized , ReasonPhrase:.
[INFO] 
[INFO] >>> idflakies-maven-plugin:2.0.1-SNAPSHOT:detect (default-cli) > test-compile @ spring-cloud-netflix-eureka-client-tls-tests >>>
[INFO] 
[INFO] --- spring-javaformat-maven-plugin:0.0.26:apply (default) @ spring-cloud-netflix-eureka-client-tls-tests ---
[INFO] 
[INFO] --- spring-javaformat-maven-plugin:0.0.26:validate (default) @ spring-cloud-netflix-eureka-client-tls-tests ---
[INFO] 
[INFO] --- maven-checkstyle-plugin:3.1.2:check (checkstyle-validation) @ spring-cloud-netflix-eureka-client-tls-tests ---
[INFO] Starting audit...
Audit done.
[INFO] You have 0 Checkstyle violations.
[INFO] 
[INFO] --- maven-checkstyle-plugin:3.1.2:check (no-http-checkstyle-validation) @ spring-cloud-netflix-eureka-client-tls-tests ---
[INFO] 
[INFO] --- maven-resources-plugin:3.1.0:resources (default-resources) @ spring-cloud-netflix-eureka-client-tls-tests ---
[INFO] Using 'UTF-8' encoding to copy filtered resources.
[INFO] skip non existing resourceDirectory /home/idflakies/spring-cloud/spring-cloud-netflix/spring-cloud-netflix-eureka-client-tls-tests/src/main/resources
[INFO] skip non existing resourceDirectory /home/idflakies/spring-cloud/spring-cloud-netflix/spring-cloud-netflix-eureka-client-tls-tests/src/main/resources
[INFO] 
[INFO] --- flatten-maven-plugin:1.5.0:flatten (flatten) @ spring-cloud-netflix-eureka-client-tls-tests ---
[INFO] Generating flattened POM of project org.springframework.cloud:spring-cloud-netflix-eureka-client-tls-tests:jar:3.1.0-SNAPSHOT...
[INFO] 
[INFO] --- maven-compiler-plugin:3.8.1:compile (default-compile) @ spring-cloud-netflix-eureka-client-tls-tests ---
[INFO] No sources to compile
[INFO] 
[INFO] --- maven-resources-plugin:3.1.0:testResources (default-testResources) @ spring-cloud-netflix-eureka-client-tls-tests ---
[INFO] Using 'UTF-8' encoding to copy filtered resources.
[INFO] skip non existing resourceDirectory /home/idflakies/spring-cloud/spring-cloud-netflix/spring-cloud-netflix-eureka-client-tls-tests/src/test/resources
[INFO] 
[INFO] --- maven-compiler-plugin:3.8.1:testCompile (default-testCompile) @ spring-cloud-netflix-eureka-client-tls-tests ---
[INFO] Nothing to compile - all classes are up to date
[INFO] 
[INFO] <<< idflakies-maven-plugin:2.0.1-SNAPSHOT:detect (default-cli) < test-compile @ spring-cloud-netflix-eureka-client-tls-tests <<<
[INFO] 
[INFO] 
[INFO] --- idflakies-maven-plugin:2.0.1-SNAPSHOT:detect (default-cli) @ spring-cloud-netflix-eureka-client-tls-tests ---
INFO: Locating tests...
INFO: Located 0 tests. Time taken: 0.23599982261657715 seconds
INFO: Locating tests...
INFO: Located 12 tests. Time taken: 0.2480001449584961 seconds
INFO: TIMEOUT_VALUE: Using a timeout of 7200.0, and that the total mvn test time is: 21.97
INFO: ROUNDS_CALCULATED: Giving org.springframework.cloud:spring-cloud-netflix-eureka-client-tls-tests:3.1.0-SNAPSHOT 10 rounds to run for random-class
INFO: Using original order in path: /Scratch/all-output/spring-cloud.spring-cloud-netflix_output/spring-cloud-netflix-eureka-client-tls-tests/original-order
INFO: Using original order in path: /Scratch/all-output/spring-cloud.spring-cloud-netflix_output/spring-cloud-netflix-eureka-client-tls-tests/original-order
[INFO] Getting original results (12 tests).
---------------------------------------------------
java.lang.RuntimeException: Set of executed tests is not equal to test list that should have been executed (0 tests executed, 12 tests expected). Missing tests are: Set(org.springframework.cloud.netflix.eureka.EurekaClientTest#noCertCannotWork(), org.springframework.cloud.netflix.eureka.EurekaClientTest#wrongCertCannotWork(), org.springframework.cloud.netflix.eureka.RestTemplateEurekaClientTest#noCertCannotWork(), org.springframework.cloud.netflix.eureka.RestTemplateEurekaClientTest#nonExistKeyStoreCauseFailure(), org.springframework.cloud.netflix.eureka.EurekaClientTest#wrongPasswordCauseFailure(), org.springframework.cloud.netflix.eureka.EurekaClientTest#wrongTrustStoreCannotWork(), org.springframework.cloud.netflix.eureka.RestTemplateEurekaClientTest#wrongCertCannotWork(), org.springframework.cloud.netflix.eureka.EurekaClientTest#clientCertCanWork(), org.springframework.cloud.netflix.eureka.RestTemplateEurekaClientTest#clientCertCanWork(), org.springframework.cloud.netflix.eureka.RestTemplateEurekaClientTest#wrongTrustStoreCannotWork(), org.springframework.cloud.netflix.eureka.EurekaClientTest#nonExistKeyStoreCauseFailure(), org.springframework.cloud.netflix.eureka.RestTemplateEurekaClientTest#wrongPasswordCauseFailure())
	at edu.illinois.cs.testrunner.runner.SmartRunner.$anonfun$run$1(SmartRunner.scala:40)
	at scala.util.Success.flatMap(Try.scala:247)
	at edu.illinois.cs.testrunner.runner.SmartRunner.run(SmartRunner.scala:33)
	at edu.illinois.cs.testrunner.runner.Runner.runList(Runner.scala:28)
	at edu.illinois.cs.testrunner.runner.Runner.runList$(Runner.scala:27)
	at edu.illinois.cs.testrunner.runner.SmartRunner.runList(SmartRunner.scala:21)
	at edu.illinois.cs.dt.tools.detection.DetectorUtil.originalResults(DetectorUtil.java:35)
	at edu.illinois.cs.dt.tools.detection.detectors.RandomDetector.<init>(RandomDetector.java:29)
	at edu.illinois.cs.dt.tools.detection.detectors.DetectorFactory.makeDetector(DetectorFactory.java:20)
	at edu.illinois.cs.dt.tools.plugin.DetectorMojo.detectorExecute(DetectorMojo.java:292)
	at edu.illinois.cs.dt.tools.plugin.DetectorMojo.lambda$execute$5(DetectorMojo.java:211)
	at edu.illinois.cs.dt.tools.utility.ErrorLogger.runAndLogError(ErrorLogger.java:17)
	at edu.illinois.cs.dt.tools.plugin.DetectorMojo.execute(DetectorMojo.java:211)
	at org.apache.maven.plugin.DefaultBuildPluginManager.executeMojo(DefaultBuildPluginManager.java:137)
	at org.apache.maven.lifecycle.internal.MojoExecutor.execute(MojoExecutor.java:208)
	at org.apache.maven.lifecycle.internal.MojoExecutor.execute(MojoExecutor.java:154)
	at org.apache.maven.lifecycle.internal.MojoExecutor.execute(MojoExecutor.java:146)
	at org.apache.maven.lifecycle.internal.LifecycleModuleBuilder.buildProject(LifecycleModuleBuilder.java:117)
	at org.apache.maven.lifecycle.internal.LifecycleModuleBuilder.buildProject(LifecycleModuleBuilder.java:81)
	at org.apache.maven.lifecycle.internal.builder.singlethreaded.SingleThreadedBuilder.build(SingleThreadedBuilder.java:56)
	at org.apache.maven.lifecycle.internal.LifecycleStarter.execute(LifecycleStarter.java:128)
	at org.apache.maven.DefaultMaven.doExecute(DefaultMaven.java:305)
	at org.apache.maven.DefaultMaven.doExecute(DefaultMaven.java:192)
	at org.apache.maven.DefaultMaven.execute(DefaultMaven.java:105)
	at org.apache.maven.cli.MavenCli.execute(MavenCli.java:954)
	at org.apache.maven.cli.MavenCli.doMain(MavenCli.java:288)
	at org.apache.maven.cli.MavenCli.main(MavenCli.java:192)
	at sun.reflect.NativeMethodAccessorImpl.invoke0(Native Method)
	at sun.reflect.NativeMethodAccessorImpl.invoke(NativeMethodAccessorImpl.java:62)
	at sun.reflect.DelegatingMethodAccessorImpl.invoke(DelegatingMethodAccessorImpl.java:43)
	at java.lang.reflect.Method.invoke(Method.java:498)
	at org.codehaus.plexus.classworlds.launcher.Launcher.launchEnhanced(Launcher.java:289)
	at org.codehaus.plexus.classworlds.launcher.Launcher.launch(Launcher.java:229)
	at org.codehaus.plexus.classworlds.launcher.Launcher.mainWithExitCode(Launcher.java:415)
	at org.codehaus.plexus.classworlds.launcher.Launcher.main(Launcher.java:356)
TRY_COPY_ALL_FAILING_TEST_OUTPUT
[INFO] 
[INFO] --------< org.springframework.cloud:spring-cloud-netflix-docs >---------
[INFO] Building Spring Cloud Netflix Docs 3.1.0-SNAPSHOT                  [8/8]
[INFO] --------------------------------[ jar ]---------------------------------
[WARNING] Failure to transfer org.codehaus.mojo:flatten-maven-plugin/maven-metadata.xml from https://repo.spring.io/libs-release-local was cached in the local repository, resolution will not be reattempted until the update interval of spring-releases has elapsed or updates are forced. Original error: Could not transfer metadata org.codehaus.mojo:flatten-maven-plugin/maven-metadata.xml from/to spring-releases (https://repo.spring.io/libs-release-local): Not authorized , ReasonPhrase:.
[INFO] 
[INFO] >>> idflakies-maven-plugin:2.0.1-SNAPSHOT:detect (default-cli) > test-compile @ spring-cloud-netflix-docs >>>
[INFO] 
[INFO] --- spring-javaformat-maven-plugin:0.0.26:apply (default) @ spring-cloud-netflix-docs ---
[INFO] 
[INFO] --- spring-javaformat-maven-plugin:0.0.26:validate (default) @ spring-cloud-netflix-docs ---
[INFO] 
[INFO] --- maven-checkstyle-plugin:3.1.2:check (checkstyle-validation) @ spring-cloud-netflix-docs ---
[INFO] Starting audit...
Audit done.
[INFO] You have 0 Checkstyle violations.
[INFO] 
[INFO] --- maven-checkstyle-plugin:3.1.2:check (no-http-checkstyle-validation) @ spring-cloud-netflix-docs ---
[INFO] 
[INFO] --- maven-resources-plugin:3.1.0:resources (default-resources) @ spring-cloud-netflix-docs ---
[INFO] Using 'UTF-8' encoding to copy filtered resources.
[INFO] skip non existing resourceDirectory /home/idflakies/spring-cloud/spring-cloud-netflix/docs/src/main/resources
[INFO] skip non existing resourceDirectory /home/idflakies/spring-cloud/spring-cloud-netflix/docs/src/main/resources
[INFO] 
[INFO] --- flatten-maven-plugin:1.5.0:flatten (flatten) @ spring-cloud-netflix-docs ---
[INFO] Generating flattened POM of project org.springframework.cloud:spring-cloud-netflix-docs:jar:3.1.0-SNAPSHOT...
[INFO] 
[INFO] --- maven-compiler-plugin:3.8.1:compile (default-compile) @ spring-cloud-netflix-docs ---
[INFO] Nothing to compile - all classes are up to date
[INFO] 
[INFO] --- maven-resources-plugin:3.1.0:testResources (default-testResources) @ spring-cloud-netflix-docs ---
[INFO] Using 'UTF-8' encoding to copy filtered resources.
[INFO] skip non existing resourceDirectory /home/idflakies/spring-cloud/spring-cloud-netflix/docs/src/test/resources
[INFO] 
[INFO] --- maven-compiler-plugin:3.8.1:testCompile (default-testCompile) @ spring-cloud-netflix-docs ---
[INFO] No sources to compile
[INFO] 
[INFO] <<< idflakies-maven-plugin:2.0.1-SNAPSHOT:detect (default-cli) < test-compile @ spring-cloud-netflix-docs <<<
[INFO] 
[INFO] 
[INFO] --- idflakies-maven-plugin:2.0.1-SNAPSHOT:detect (default-cli) @ spring-cloud-netflix-docs ---
INFO: Module is not using a supported test framework (probably not JUnit), or there is no test.
---------------------------------------------------
Message was:
Module is not using a supported test framework (probably not JUnit), or there is no test.
INFO: TIMEOUT_VALUE: Using a timeout of 7200.0, and that the total mvn test time is: 21.97
INFO: ROUNDS_CALCULATED: Giving org.springframework.cloud:spring-cloud-netflix-docs:3.1.0-SNAPSHOT 10 rounds to run for random-class
---------------------------------------------------
java.lang.NullPointerException
	at edu.illinois.cs.dt.tools.plugin.DetectorMojo.detectorExecute(DetectorMojo.java:287)
	at edu.illinois.cs.dt.tools.plugin.DetectorMojo.lambda$execute$5(DetectorMojo.java:211)
	at edu.illinois.cs.dt.tools.utility.ErrorLogger.runAndLogError(ErrorLogger.java:17)
	at edu.illinois.cs.dt.tools.plugin.DetectorMojo.execute(DetectorMojo.java:211)
	at org.apache.maven.plugin.DefaultBuildPluginManager.executeMojo(DefaultBuildPluginManager.java:137)
	at org.apache.maven.lifecycle.internal.MojoExecutor.execute(MojoExecutor.java:208)
	at org.apache.maven.lifecycle.internal.MojoExecutor.execute(MojoExecutor.java:154)
	at org.apache.maven.lifecycle.internal.MojoExecutor.execute(MojoExecutor.java:146)
	at org.apache.maven.lifecycle.internal.LifecycleModuleBuilder.buildProject(LifecycleModuleBuilder.java:117)
	at org.apache.maven.lifecycle.internal.LifecycleModuleBuilder.buildProject(LifecycleModuleBuilder.java:81)
	at org.apache.maven.lifecycle.internal.builder.singlethreaded.SingleThreadedBuilder.build(SingleThreadedBuilder.java:56)
	at org.apache.maven.lifecycle.internal.LifecycleStarter.execute(LifecycleStarter.java:128)
	at org.apache.maven.DefaultMaven.doExecute(DefaultMaven.java:305)
	at org.apache.maven.DefaultMaven.doExecute(DefaultMaven.java:192)
	at org.apache.maven.DefaultMaven.execute(DefaultMaven.java:105)
	at org.apache.maven.cli.MavenCli.execute(MavenCli.java:954)
	at org.apache.maven.cli.MavenCli.doMain(MavenCli.java:288)
	at org.apache.maven.cli.MavenCli.main(MavenCli.java:192)
	at sun.reflect.NativeMethodAccessorImpl.invoke0(Native Method)
	at sun.reflect.NativeMethodAccessorImpl.invoke(NativeMethodAccessorImpl.java:62)
	at sun.reflect.DelegatingMethodAccessorImpl.invoke(DelegatingMethodAccessorImpl.java:43)
	at java.lang.reflect.Method.invoke(Method.java:498)
	at org.codehaus.plexus.classworlds.launcher.Launcher.launchEnhanced(Launcher.java:289)
	at org.codehaus.plexus.classworlds.launcher.Launcher.launch(Launcher.java:229)
	at org.codehaus.plexus.classworlds.launcher.Launcher.mainWithExitCode(Launcher.java:415)
	at org.codehaus.plexus.classworlds.launcher.Launcher.main(Launcher.java:356)
TRY_COPY_ALL_FAILING_TEST_OUTPUT
[INFO] ------------------------------------------------------------------------
[INFO] Reactor Summary:
[INFO] 
[INFO] spring-cloud-netflix-dependencies .................. SUCCESS [  0.654 s]
[INFO] Spring Cloud Netflix 3.1.0-SNAPSHOT ................ SUCCESS [  1.374 s]
[INFO] Spring Cloud Netflix Eureka Client ................. SUCCESS [  4.816 s]
[INFO] Spring Cloud Netflix Eureka Server ................. SUCCESS [03:42 min]
[INFO] Spring Cloud Starter Netflix Eureka Client ......... SUCCESS [  0.234 s]
[INFO] Spring Cloud Starter Netflix Eureka Server ......... SUCCESS [  0.186 s]
[INFO] Spring Cloud Netflix Eureka Client TLS Tests ....... SUCCESS [  3.387 s]
[INFO] Spring Cloud Netflix Docs 3.1.0-SNAPSHOT ........... SUCCESS [  0.221 s]
[INFO] ------------------------------------------------------------------------
[INFO] BUILD SUCCESS
[INFO] ------------------------------------------------------------------------
[INFO] Total time: 03:54 min
[INFO] Finished at: 2024-05-15T14:42:25Z
[INFO] ------------------------------------------------------------------------
