[INFO] Scanning for projects...
[INFO] Inspecting build with total of 1 modules...
[INFO] Installing Nexus Staging features:
[INFO]   ... total of 1 executions of maven-deploy-plugin replaced with nexus-staging-maven-plugin
[INFO] 
[INFO] -----------------------< com.jsoniter:jsoniter >------------------------
[INFO] Building json iterator 0.9.24-SNAPSHOT
[INFO] --------------------------------[ jar ]---------------------------------
[INFO] 
[INFO] --- maven-clean-plugin:2.5:clean (default-clean) @ jsoniter ---
[INFO] Deleting /home/alex/Repositories/java/target
[INFO] 
[INFO] --- maven-resources-plugin:2.6:resources (default-resources) @ jsoniter ---
[INFO] Using 'UTF-8' encoding to copy filtered resources.
[INFO] skip non existing resourceDirectory /home/alex/Repositories/java/src/main/resources
[INFO] 
[INFO] --- maven-compiler-plugin:3.7.0:compile (default-compile) @ jsoniter ---
[INFO] Changes detected - recompiling the module!
[INFO] Compiling 117 source files to /home/alex/Repositories/java/target/classes
[INFO] /home/alex/Repositories/java/src/main/java/com/jsoniter/output/JsonStream.java: /home/alex/Repositories/java/src/main/java/com/jsoniter/output/JsonStream.java uses or overrides a deprecated API.
[INFO] /home/alex/Repositories/java/src/main/java/com/jsoniter/output/JsonStream.java: Recompile with -Xlint:deprecation for details.
[INFO] /home/alex/Repositories/java/src/main/java/com/jsoniter/output/ReflectionArrayEncoder.java: Some input files use unchecked or unsafe operations.
[INFO] /home/alex/Repositories/java/src/main/java/com/jsoniter/output/ReflectionArrayEncoder.java: Recompile with -Xlint:unchecked for details.
[INFO] 
[INFO] --- maven-resources-plugin:2.6:testResources (default-testResources) @ jsoniter ---
[INFO] Using 'UTF-8' encoding to copy filtered resources.
[INFO] skip non existing resourceDirectory /home/alex/Repositories/java/test/main/resources
[INFO] 
[INFO] --- maven-compiler-plugin:3.7.0:testCompile (default-testCompile) @ jsoniter ---
[INFO] Changes detected - recompiling the module!
[INFO] Compiling 70 source files to /home/alex/Repositories/java/target/test-classes
[WARNING] /home/alex/Repositories/java/src/test/java/com/jsoniter/IterImplForStreamingTest.java:[10,46] sun.reflect.generics.reflectiveObjects.NotImplementedException is internal proprietary API and may be removed in a future release
[WARNING] /home/alex/Repositories/java/src/test/java/com/jsoniter/IterImplForStreamingTest.java:[10,46] sun.reflect.generics.reflectiveObjects.NotImplementedException is internal proprietary API and may be removed in a future release
[WARNING] /home/alex/Repositories/java/src/test/java/com/jsoniter/IterImplForStreamingTest.java:[10,46] sun.reflect.generics.reflectiveObjects.NotImplementedException is internal proprietary API and may be removed in a future release
[WARNING] /home/alex/Repositories/java/src/test/java/com/jsoniter/IterImplForStreamingTest.java:[10,46] sun.reflect.generics.reflectiveObjects.NotImplementedException is internal proprietary API and may be removed in a future release
[WARNING] /home/alex/Repositories/java/src/test/java/com/jsoniter/IterImplForStreamingTest.java:[80,43] sun.reflect.generics.reflectiveObjects.NotImplementedException is internal proprietary API and may be removed in a future release
[INFO] /home/alex/Repositories/java/src/test/java/com/jsoniter/output/TestNested.java: Some input files use unchecked or unsafe operations.
[INFO] /home/alex/Repositories/java/src/test/java/com/jsoniter/output/TestNested.java: Recompile with -Xlint:unchecked for details.
[INFO] 
[INFO] --- maven-surefire-plugin:2.21.0:test (default-test) @ jsoniter ---
[INFO] Tests are skipped.
[INFO] 
[INFO] --- maven-jar-plugin:2.4:jar (default-jar) @ jsoniter ---
[INFO] Building jar: /home/alex/Repositories/java/target/jsoniter-0.9.24-SNAPSHOT.jar
[INFO] 
[INFO] --- maven-source-plugin:3.0.1:jar-no-fork (attach-sources) @ jsoniter ---
[INFO] Building jar: /home/alex/Repositories/java/target/jsoniter-0.9.24-SNAPSHOT-sources.jar
[INFO] 
[INFO] --- maven-javadoc-plugin:3.0.0:jar (attach-javadocs) @ jsoniter ---
[INFO] 
Loading source files for package com.jsoniter...
Loading source files for package com.jsoniter.any...
Loading source files for package com.jsoniter.output...
Loading source files for package com.jsoniter.extra...
Loading source files for package com.jsoniter.annotation...
Loading source files for package com.jsoniter.fuzzy...
Loading source files for package com.jsoniter.static_codegen...
Loading source files for package com.jsoniter.spi...
Constructing Javadoc information...
Standard Doclet version 1.8.0_402
Building tree for all the packages and classes...
Generating /home/alex/Repositories/java/target/apidocs/com/jsoniter/CodegenAccess.html...
Generating /home/alex/Repositories/java/target/apidocs/com/jsoniter/CodegenAccess.StaticCodegenTarget.html...
Generating /home/alex/Repositories/java/target/apidocs/com/jsoniter/JsonIterator.html...
Generating /home/alex/Repositories/java/target/apidocs/com/jsoniter/JsonIterator.ReadArrayCallback.html...
Generating /home/alex/Repositories/java/target/apidocs/com/jsoniter/JsonIterator.ReadObjectCallback.html...
Generating /home/alex/Repositories/java/target/apidocs/com/jsoniter/JsonIteratorPool.html...
Generating /home/alex/Repositories/java/target/apidocs/com/jsoniter/ValueType.html...
Generating /home/alex/Repositories/java/target/apidocs/com/jsoniter/any/Any.html...
Generating /home/alex/Repositories/java/target/apidocs/com/jsoniter/any/Any.EntryIterator.html...
Generating /home/alex/Repositories/java/target/apidocs/com/jsoniter/output/CodegenAccess.html...
Generating /home/alex/Repositories/java/target/apidocs/com/jsoniter/output/CodegenAccess.StaticCodegenTarget.html...
Generating /home/alex/Repositories/java/target/apidocs/com/jsoniter/output/EncodingMode.html...
Generating /home/alex/Repositories/java/target/apidocs/com/jsoniter/output/JsonStream.html...
Generating /home/alex/Repositories/java/target/apidocs/com/jsoniter/output/JsonStreamPool.html...
Generating /home/alex/Repositories/java/target/apidocs/com/jsoniter/output/ReflectionEncoderFactory.html...
Generating /home/alex/Repositories/java/target/apidocs/com/jsoniter/extra/Base64FloatSupport.html...
Generating /home/alex/Repositories/java/target/apidocs/com/jsoniter/extra/Base64Support.html...
Generating /home/alex/Repositories/java/target/apidocs/com/jsoniter/extra/GsonCompatibilityMode.html...
Generating /home/alex/Repositories/java/target/apidocs/com/jsoniter/extra/GsonCompatibilityMode.Builder.html...
Generating /home/alex/Repositories/java/target/apidocs/com/jsoniter/extra/JacksonCompatibilityMode.html...
Generating /home/alex/Repositories/java/target/apidocs/com/jsoniter/extra/JacksonCompatibilityMode.Builder.html...
Generating /home/alex/Repositories/java/target/apidocs/com/jsoniter/extra/JdkDatetimeSupport.html...
Generating /home/alex/Repositories/java/target/apidocs/com/jsoniter/extra/NamingStrategySupport.html...
Generating /home/alex/Repositories/java/target/apidocs/com/jsoniter/extra/NamingStrategySupport.NamingStrategy.html...
Generating /home/alex/Repositories/java/target/apidocs/com/jsoniter/extra/PreciseFloatSupport.html...
Generating /home/alex/Repositories/java/target/apidocs/com/jsoniter/annotation/JsonCreator.html...
Generating /home/alex/Repositories/java/target/apidocs/com/jsoniter/annotation/JsonExtraProperties.html...
Generating /home/alex/Repositories/java/target/apidocs/com/jsoniter/annotation/JsonIgnore.html...
Generating /home/alex/Repositories/java/target/apidocs/com/jsoniter/annotation/JsonMissingProperties.html...
Generating /home/alex/Repositories/java/target/apidocs/com/jsoniter/annotation/JsonObject.html...
Generating /home/alex/Repositories/java/target/apidocs/com/jsoniter/annotation/JsonProperty.html...
Generating /home/alex/Repositories/java/target/apidocs/com/jsoniter/annotation/JsonUnwrapper.html...
Generating /home/alex/Repositories/java/target/apidocs/com/jsoniter/annotation/JsonWrapper.html...
Generating /home/alex/Repositories/java/target/apidocs/com/jsoniter/annotation/JsonWrapperType.html...
Generating /home/alex/Repositories/java/target/apidocs/com/jsoniter/fuzzy/MaybeEmptyArrayDecoder.html...
Generating /home/alex/Repositories/java/target/apidocs/com/jsoniter/fuzzy/MaybeStringDoubleDecoder.html...
Generating /home/alex/Repositories/java/target/apidocs/com/jsoniter/fuzzy/MaybeStringFloatDecoder.html...
Generating /home/alex/Repositories/java/target/apidocs/com/jsoniter/fuzzy/MaybeStringIntDecoder.html...
Generating /home/alex/Repositories/java/target/apidocs/com/jsoniter/fuzzy/MaybeStringLongDecoder.html...
Generating /home/alex/Repositories/java/target/apidocs/com/jsoniter/fuzzy/MaybeStringShortDecoder.html...
Generating /home/alex/Repositories/java/target/apidocs/com/jsoniter/fuzzy/StringDoubleDecoder.html...
Generating /home/alex/Repositories/java/target/apidocs/com/jsoniter/fuzzy/StringFloatDecoder.html...
Generating /home/alex/Repositories/java/target/apidocs/com/jsoniter/fuzzy/StringIntDecoder.html...
Generating /home/alex/Repositories/java/target/apidocs/com/jsoniter/fuzzy/StringLongDecoder.html...
Generating /home/alex/Repositories/java/target/apidocs/com/jsoniter/fuzzy/StringShortDecoder.html...
Generating /home/alex/Repositories/java/target/apidocs/com/jsoniter/static_codegen/StaticCodegen.html...
Generating /home/alex/Repositories/java/target/apidocs/com/jsoniter/static_codegen/StaticCodegenConfig.html...
Generating /home/alex/Repositories/java/target/apidocs/com/jsoniter/spi/Binding.html...
Generating /home/alex/Repositories/java/target/apidocs/com/jsoniter/spi/ClassDescriptor.html...
Generating /home/alex/Repositories/java/target/apidocs/com/jsoniter/spi/ClassInfo.html...
Generating /home/alex/Repositories/java/target/apidocs/com/jsoniter/spi/Config.html...
Generating /home/alex/Repositories/java/target/apidocs/com/jsoniter/spi/Config.Builder.html...
Generating /home/alex/Repositories/java/target/apidocs/com/jsoniter/spi/ConstructorDescriptor.html...
Generating /home/alex/Repositories/java/target/apidocs/com/jsoniter/spi/Decoder.html...
Generating /home/alex/Repositories/java/target/apidocs/com/jsoniter/spi/Decoder.BooleanDecoder.html...
Generating /home/alex/Repositories/java/target/apidocs/com/jsoniter/spi/Decoder.DoubleDecoder.html...
Generating /home/alex/Repositories/java/target/apidocs/com/jsoniter/spi/Decoder.FloatDecoder.html...
Generating /home/alex/Repositories/java/target/apidocs/com/jsoniter/spi/Decoder.IntDecoder.html...
Generating /home/alex/Repositories/java/target/apidocs/com/jsoniter/spi/Decoder.LongDecoder.html...
Generating /home/alex/Repositories/java/target/apidocs/com/jsoniter/spi/Decoder.ShortDecoder.html...
Generating /home/alex/Repositories/java/target/apidocs/com/jsoniter/spi/DecodingMode.html...
Generating /home/alex/Repositories/java/target/apidocs/com/jsoniter/spi/EmptyExtension.html...
Generating /home/alex/Repositories/java/target/apidocs/com/jsoniter/spi/Encoder.html...
Generating /home/alex/Repositories/java/target/apidocs/com/jsoniter/spi/Encoder.BooleanEncoder.html...
Generating /home/alex/Repositories/java/target/apidocs/com/jsoniter/spi/Encoder.DoubleEncoder.html...
Generating /home/alex/Repositories/java/target/apidocs/com/jsoniter/spi/Encoder.FloatEncoder.html...
Generating /home/alex/Repositories/java/target/apidocs/com/jsoniter/spi/Encoder.IntEncoder.html...
Generating /home/alex/Repositories/java/target/apidocs/com/jsoniter/spi/Encoder.LongEncoder.html...
Generating /home/alex/Repositories/java/target/apidocs/com/jsoniter/spi/Encoder.ReflectionEncoder.html...
Generating /home/alex/Repositories/java/target/apidocs/com/jsoniter/spi/Encoder.ShortEncoder.html...
Generating /home/alex/Repositories/java/target/apidocs/com/jsoniter/spi/Encoder.StringDoubleEncoder.html...
Generating /home/alex/Repositories/java/target/apidocs/com/jsoniter/spi/Encoder.StringFloatEncoder.html...
Generating /home/alex/Repositories/java/target/apidocs/com/jsoniter/spi/Encoder.StringIntEncoder.html...
Generating /home/alex/Repositories/java/target/apidocs/com/jsoniter/spi/Encoder.StringLongEncoder.html...
Generating /home/alex/Repositories/java/target/apidocs/com/jsoniter/spi/Encoder.StringShortEncoder.html...
Generating /home/alex/Repositories/java/target/apidocs/com/jsoniter/spi/EncodeTo.html...
Generating /home/alex/Repositories/java/target/apidocs/com/jsoniter/spi/Extension.html...
Generating /home/alex/Repositories/java/target/apidocs/com/jsoniter/spi/GenericsHelper.html...
Generating /home/alex/Repositories/java/target/apidocs/com/jsoniter/spi/JsonException.html...
Generating /home/alex/Repositories/java/target/apidocs/com/jsoniter/spi/JsoniterSpi.html...
Generating /home/alex/Repositories/java/target/apidocs/com/jsoniter/spi/OmitValue.html...
Generating /home/alex/Repositories/java/target/apidocs/com/jsoniter/spi/OmitValue.False.html...
Generating /home/alex/Repositories/java/target/apidocs/com/jsoniter/spi/OmitValue.Null.html...
Generating /home/alex/Repositories/java/target/apidocs/com/jsoniter/spi/OmitValue.Parsed.html...
Generating /home/alex/Repositories/java/target/apidocs/com/jsoniter/spi/OmitValue.ZeroByte.html...
Generating /home/alex/Repositories/java/target/apidocs/com/jsoniter/spi/OmitValue.ZeroChar.html...
Generating /home/alex/Repositories/java/target/apidocs/com/jsoniter/spi/OmitValue.ZeroDouble.html...
Generating /home/alex/Repositories/java/target/apidocs/com/jsoniter/spi/OmitValue.ZeroFloat.html...
Generating /home/alex/Repositories/java/target/apidocs/com/jsoniter/spi/OmitValue.ZeroInt.html...
Generating /home/alex/Repositories/java/target/apidocs/com/jsoniter/spi/OmitValue.ZeroLong.html...
Generating /home/alex/Repositories/java/target/apidocs/com/jsoniter/spi/OmitValue.ZeroShort.html...
Generating /home/alex/Repositories/java/target/apidocs/com/jsoniter/spi/Slice.html...
Generating /home/alex/Repositories/java/target/apidocs/com/jsoniter/spi/TypeLiteral.html...
Generating /home/alex/Repositories/java/target/apidocs/com/jsoniter/spi/TypeLiteral.NativeType.html...
Generating /home/alex/Repositories/java/target/apidocs/com/jsoniter/spi/UnwrapperDescriptor.html...
Generating /home/alex/Repositories/java/target/apidocs/com/jsoniter/spi/WrapperDescriptor.html...
Generating /home/alex/Repositories/java/target/apidocs/overview-frame.html...
Generating /home/alex/Repositories/java/target/apidocs/com/jsoniter/package-frame.html...
Generating /home/alex/Repositories/java/target/apidocs/com/jsoniter/package-summary.html...
Generating /home/alex/Repositories/java/target/apidocs/com/jsoniter/package-tree.html...
Generating /home/alex/Repositories/java/target/apidocs/com/jsoniter/annotation/package-frame.html...
Generating /home/alex/Repositories/java/target/apidocs/com/jsoniter/annotation/package-summary.html...
Generating /home/alex/Repositories/java/target/apidocs/com/jsoniter/annotation/package-tree.html...
Generating /home/alex/Repositories/java/target/apidocs/com/jsoniter/any/package-frame.html...
Generating /home/alex/Repositories/java/target/apidocs/com/jsoniter/any/package-summary.html...
Generating /home/alex/Repositories/java/target/apidocs/com/jsoniter/any/package-tree.html...
Generating /home/alex/Repositories/java/target/apidocs/com/jsoniter/extra/package-frame.html...
Generating /home/alex/Repositories/java/target/apidocs/com/jsoniter/extra/package-summary.html...
Generating /home/alex/Repositories/java/target/apidocs/com/jsoniter/extra/package-tree.html...
Generating /home/alex/Repositories/java/target/apidocs/com/jsoniter/fuzzy/package-frame.html...
Generating /home/alex/Repositories/java/target/apidocs/com/jsoniter/fuzzy/package-summary.html...
Generating /home/alex/Repositories/java/target/apidocs/com/jsoniter/fuzzy/package-tree.html...
Generating /home/alex/Repositories/java/target/apidocs/com/jsoniter/output/package-frame.html...
Generating /home/alex/Repositories/java/target/apidocs/com/jsoniter/output/package-summary.html...
Generating /home/alex/Repositories/java/target/apidocs/com/jsoniter/output/package-tree.html...
Generating /home/alex/Repositories/java/target/apidocs/com/jsoniter/spi/package-frame.html...
Generating /home/alex/Repositories/java/target/apidocs/com/jsoniter/spi/package-summary.html...
Generating /home/alex/Repositories/java/target/apidocs/com/jsoniter/spi/package-tree.html...
Generating /home/alex/Repositories/java/target/apidocs/com/jsoniter/static_codegen/package-frame.html...
Generating /home/alex/Repositories/java/target/apidocs/com/jsoniter/static_codegen/package-summary.html...
Generating /home/alex/Repositories/java/target/apidocs/com/jsoniter/static_codegen/package-tree.html...
Generating /home/alex/Repositories/java/target/apidocs/constant-values.html...
Generating /home/alex/Repositories/java/target/apidocs/serialized-form.html...
Generating /home/alex/Repositories/java/target/apidocs/com/jsoniter/class-use/JsonIterator.html...
Generating /home/alex/Repositories/java/target/apidocs/com/jsoniter/class-use/JsonIterator.ReadArrayCallback.html...
Generating /home/alex/Repositories/java/target/apidocs/com/jsoniter/class-use/JsonIterator.ReadObjectCallback.html...
Generating /home/alex/Repositories/java/target/apidocs/com/jsoniter/class-use/ValueType.html...
Generating /home/alex/Repositories/java/target/apidocs/com/jsoniter/class-use/JsonIteratorPool.html...
Generating /home/alex/Repositories/java/target/apidocs/com/jsoniter/class-use/CodegenAccess.html...
Generating /home/alex/Repositories/java/target/apidocs/com/jsoniter/class-use/CodegenAccess.StaticCodegenTarget.html...
Generating /home/alex/Repositories/java/target/apidocs/com/jsoniter/any/class-use/Any.html...
Generating /home/alex/Repositories/java/target/apidocs/com/jsoniter/any/class-use/Any.EntryIterator.html...
Generating /home/alex/Repositories/java/target/apidocs/com/jsoniter/output/class-use/JsonStreamPool.html...
Generating /home/alex/Repositories/java/target/apidocs/com/jsoniter/output/class-use/ReflectionEncoderFactory.html...
Generating /home/alex/Repositories/java/target/apidocs/com/jsoniter/output/class-use/EncodingMode.html...
Generating /home/alex/Repositories/java/target/apidocs/com/jsoniter/output/class-use/JsonStream.html...
Generating /home/alex/Repositories/java/target/apidocs/com/jsoniter/output/class-use/CodegenAccess.html...
Generating /home/alex/Repositories/java/target/apidocs/com/jsoniter/output/class-use/CodegenAccess.StaticCodegenTarget.html...
Generating /home/alex/Repositories/java/target/apidocs/com/jsoniter/extra/class-use/Base64FloatSupport.html...
Generating /home/alex/Repositories/java/target/apidocs/com/jsoniter/extra/class-use/Base64Support.html...
Generating /home/alex/Repositories/java/target/apidocs/com/jsoniter/extra/class-use/JdkDatetimeSupport.html...
Generating /home/alex/Repositories/java/target/apidocs/com/jsoniter/extra/class-use/NamingStrategySupport.html...
Generating /home/alex/Repositories/java/target/apidocs/com/jsoniter/extra/class-use/NamingStrategySupport.NamingStrategy.html...
Generating /home/alex/Repositories/java/target/apidocs/com/jsoniter/extra/class-use/PreciseFloatSupport.html...
Generating /home/alex/Repositories/java/target/apidocs/com/jsoniter/extra/class-use/JacksonCompatibilityMode.html...
Generating /home/alex/Repositories/java/target/apidocs/com/jsoniter/extra/class-use/JacksonCompatibilityMode.Builder.html...
Generating /home/alex/Repositories/java/target/apidocs/com/jsoniter/extra/class-use/GsonCompatibilityMode.html...
Generating /home/alex/Repositories/java/target/apidocs/com/jsoniter/extra/class-use/GsonCompatibilityMode.Builder.html...
Generating /home/alex/Repositories/java/target/apidocs/com/jsoniter/annotation/class-use/JsonIgnore.html...
Generating /home/alex/Repositories/java/target/apidocs/com/jsoniter/annotation/class-use/JsonMissingProperties.html...
Generating /home/alex/Repositories/java/target/apidocs/com/jsoniter/annotation/class-use/JsonObject.html...
Generating /home/alex/Repositories/java/target/apidocs/com/jsoniter/annotation/class-use/JsonCreator.html...
Generating /home/alex/Repositories/java/target/apidocs/com/jsoniter/annotation/class-use/JsonExtraProperties.html...
Generating /home/alex/Repositories/java/target/apidocs/com/jsoniter/annotation/class-use/JsonProperty.html...
Generating /home/alex/Repositories/java/target/apidocs/com/jsoniter/annotation/class-use/JsonUnwrapper.html...
Generating /home/alex/Repositories/java/target/apidocs/com/jsoniter/annotation/class-use/JsonWrapper.html...
Generating /home/alex/Repositories/java/target/apidocs/com/jsoniter/annotation/class-use/JsonWrapperType.html...
Generating /home/alex/Repositories/java/target/apidocs/com/jsoniter/fuzzy/class-use/StringFloatDecoder.html...
Generating /home/alex/Repositories/java/target/apidocs/com/jsoniter/fuzzy/class-use/MaybeStringFloatDecoder.html...
Generating /home/alex/Repositories/java/target/apidocs/com/jsoniter/fuzzy/class-use/MaybeStringShortDecoder.html...
Generating /home/alex/Repositories/java/target/apidocs/com/jsoniter/fuzzy/class-use/MaybeStringLongDecoder.html...
Generating /home/alex/Repositories/java/target/apidocs/com/jsoniter/fuzzy/class-use/StringIntDecoder.html...
Generating /home/alex/Repositories/java/target/apidocs/com/jsoniter/fuzzy/class-use/StringDoubleDecoder.html...
Generating /home/alex/Repositories/java/target/apidocs/com/jsoniter/fuzzy/class-use/StringLongDecoder.html...
Generating /home/alex/Repositories/java/target/apidocs/com/jsoniter/fuzzy/class-use/MaybeStringDoubleDecoder.html...
Generating /home/alex/Repositories/java/target/apidocs/com/jsoniter/fuzzy/class-use/MaybeEmptyArrayDecoder.html...
Generating /home/alex/Repositories/java/target/apidocs/com/jsoniter/fuzzy/class-use/StringShortDecoder.html...
Generating /home/alex/Repositories/java/target/apidocs/com/jsoniter/fuzzy/class-use/MaybeStringIntDecoder.html...
Generating /home/alex/Repositories/java/target/apidocs/com/jsoniter/static_codegen/class-use/StaticCodegen.html...
Generating /home/alex/Repositories/java/target/apidocs/com/jsoniter/static_codegen/class-use/StaticCodegenConfig.html...
Generating /home/alex/Repositories/java/target/apidocs/com/jsoniter/spi/class-use/JsoniterSpi.html...
Generating /home/alex/Repositories/java/target/apidocs/com/jsoniter/spi/class-use/OmitValue.html...
Generating /home/alex/Repositories/java/target/apidocs/com/jsoniter/spi/class-use/OmitValue.Null.html...
Generating /home/alex/Repositories/java/target/apidocs/com/jsoniter/spi/class-use/OmitValue.ZeroByte.html...
Generating /home/alex/Repositories/java/target/apidocs/com/jsoniter/spi/class-use/OmitValue.ZeroShort.html...
Generating /home/alex/Repositories/java/target/apidocs/com/jsoniter/spi/class-use/OmitValue.ZeroInt.html...
Generating /home/alex/Repositories/java/target/apidocs/com/jsoniter/spi/class-use/OmitValue.ZeroLong.html...
Generating /home/alex/Repositories/java/target/apidocs/com/jsoniter/spi/class-use/OmitValue.ZeroFloat.html...
Generating /home/alex/Repositories/java/target/apidocs/com/jsoniter/spi/class-use/OmitValue.ZeroDouble.html...
Generating /home/alex/Repositories/java/target/apidocs/com/jsoniter/spi/class-use/OmitValue.ZeroChar.html...
Generating /home/alex/Repositories/java/target/apidocs/com/jsoniter/spi/class-use/OmitValue.False.html...
Generating /home/alex/Repositories/java/target/apidocs/com/jsoniter/spi/class-use/OmitValue.Parsed.html...
Generating /home/alex/Repositories/java/target/apidocs/com/jsoniter/spi/class-use/Encoder.html...
Generating /home/alex/Repositories/java/target/apidocs/com/jsoniter/spi/class-use/Encoder.ReflectionEncoder.html...
Generating /home/alex/Repositories/java/target/apidocs/com/jsoniter/spi/class-use/Encoder.BooleanEncoder.html...
Generating /home/alex/Repositories/java/target/apidocs/com/jsoniter/spi/class-use/Encoder.ShortEncoder.html...
Generating /home/alex/Repositories/java/target/apidocs/com/jsoniter/spi/class-use/Encoder.StringShortEncoder.html...
Generating /home/alex/Repositories/java/target/apidocs/com/jsoniter/spi/class-use/Encoder.IntEncoder.html...
Generating /home/alex/Repositories/java/target/apidocs/com/jsoniter/spi/class-use/Encoder.StringIntEncoder.html...
Generating /home/alex/Repositories/java/target/apidocs/com/jsoniter/spi/class-use/Encoder.LongEncoder.html...
Generating /home/alex/Repositories/java/target/apidocs/com/jsoniter/spi/class-use/Encoder.StringLongEncoder.html...
Generating /home/alex/Repositories/java/target/apidocs/com/jsoniter/spi/class-use/Encoder.FloatEncoder.html...
Generating /home/alex/Repositories/java/target/apidocs/com/jsoniter/spi/class-use/Encoder.StringFloatEncoder.html...
Generating /home/alex/Repositories/java/target/apidocs/com/jsoniter/spi/class-use/Encoder.DoubleEncoder.html...
Generating /home/alex/Repositories/java/target/apidocs/com/jsoniter/spi/class-use/Encoder.StringDoubleEncoder.html...
Generating /home/alex/Repositories/java/target/apidocs/com/jsoniter/spi/class-use/Config.html...
Generating /home/alex/Repositories/java/target/apidocs/com/jsoniter/spi/class-use/Config.Builder.html...
Generating /home/alex/Repositories/java/target/apidocs/com/jsoniter/spi/class-use/JsonException.html...
Generating /home/alex/Repositories/java/target/apidocs/com/jsoniter/spi/class-use/UnwrapperDescriptor.html...
Generating /home/alex/Repositories/java/target/apidocs/com/jsoniter/spi/class-use/Extension.html...
Generating /home/alex/Repositories/java/target/apidocs/com/jsoniter/spi/class-use/ClassInfo.html...
Generating /home/alex/Repositories/java/target/apidocs/com/jsoniter/spi/class-use/Slice.html...
Generating /home/alex/Repositories/java/target/apidocs/com/jsoniter/spi/class-use/EmptyExtension.html...
Generating /home/alex/Repositories/java/target/apidocs/com/jsoniter/spi/class-use/TypeLiteral.html...
Generating /home/alex/Repositories/java/target/apidocs/com/jsoniter/spi/class-use/TypeLiteral.NativeType.html...
Generating /home/alex/Repositories/java/target/apidocs/com/jsoniter/spi/class-use/Decoder.html...
Generating /home/alex/Repositories/java/target/apidocs/com/jsoniter/spi/class-use/Decoder.BooleanDecoder.html...
Generating /home/alex/Repositories/java/target/apidocs/com/jsoniter/spi/class-use/Decoder.ShortDecoder.html...
Generating /home/alex/Repositories/java/target/apidocs/com/jsoniter/spi/class-use/Decoder.IntDecoder.html...
Generating /home/alex/Repositories/java/target/apidocs/com/jsoniter/spi/class-use/Decoder.LongDecoder.html...
Generating /home/alex/Repositories/java/target/apidocs/com/jsoniter/spi/class-use/Decoder.FloatDecoder.html...
Generating /home/alex/Repositories/java/target/apidocs/com/jsoniter/spi/class-use/Decoder.DoubleDecoder.html...
Generating /home/alex/Repositories/java/target/apidocs/com/jsoniter/spi/class-use/GenericsHelper.html...
Generating /home/alex/Repositories/java/target/apidocs/com/jsoniter/spi/class-use/ClassDescriptor.html...
Generating /home/alex/Repositories/java/target/apidocs/com/jsoniter/spi/class-use/DecodingMode.html...
Generating /home/alex/Repositories/java/target/apidocs/com/jsoniter/spi/class-use/ConstructorDescriptor.html...
Generating /home/alex/Repositories/java/target/apidocs/com/jsoniter/spi/class-use/WrapperDescriptor.html...
Generating /home/alex/Repositories/java/target/apidocs/com/jsoniter/spi/class-use/EncodeTo.html...
Generating /home/alex/Repositories/java/target/apidocs/com/jsoniter/spi/class-use/Binding.html...
Generating /home/alex/Repositories/java/target/apidocs/com/jsoniter/package-use.html...
Generating /home/alex/Repositories/java/target/apidocs/com/jsoniter/annotation/package-use.html...
Generating /home/alex/Repositories/java/target/apidocs/com/jsoniter/any/package-use.html...
Generating /home/alex/Repositories/java/target/apidocs/com/jsoniter/extra/package-use.html...
Generating /home/alex/Repositories/java/target/apidocs/com/jsoniter/fuzzy/package-use.html...
Generating /home/alex/Repositories/java/target/apidocs/com/jsoniter/output/package-use.html...
Generating /home/alex/Repositories/java/target/apidocs/com/jsoniter/spi/package-use.html...
Generating /home/alex/Repositories/java/target/apidocs/com/jsoniter/static_codegen/package-use.html...
Building index for all the packages and classes...
Generating /home/alex/Repositories/java/target/apidocs/overview-tree.html...
Generating /home/alex/Repositories/java/target/apidocs/index-all.html...
Generating /home/alex/Repositories/java/target/apidocs/deprecated-list.html...
Building index for all classes...
Generating /home/alex/Repositories/java/target/apidocs/allclasses-frame.html...
Generating /home/alex/Repositories/java/target/apidocs/allclasses-noframe.html...
Generating /home/alex/Repositories/java/target/apidocs/index.html...
Generating /home/alex/Repositories/java/target/apidocs/overview-summary.html...
Generating /home/alex/Repositories/java/target/apidocs/help-doc.html...
[INFO] Building jar: /home/alex/Repositories/java/target/jsoniter-0.9.24-SNAPSHOT-javadoc.jar
[INFO] 
[INFO] --- maven-gpg-plugin:1.6:sign (sign-artifacts) @ jsoniter ---
[INFO] 
[INFO] --- maven-install-plugin:2.4:install (default-install) @ jsoniter ---
[INFO] Installing /home/alex/Repositories/java/target/jsoniter-0.9.24-SNAPSHOT.jar to /home/alex/.m2/repository/com/jsoniter/jsoniter/0.9.24-SNAPSHOT/jsoniter-0.9.24-SNAPSHOT.jar
[INFO] Installing /home/alex/Repositories/java/pom.xml to /home/alex/.m2/repository/com/jsoniter/jsoniter/0.9.24-SNAPSHOT/jsoniter-0.9.24-SNAPSHOT.pom
[INFO] Installing /home/alex/Repositories/java/target/jsoniter-0.9.24-SNAPSHOT-sources.jar to /home/alex/.m2/repository/com/jsoniter/jsoniter/0.9.24-SNAPSHOT/jsoniter-0.9.24-SNAPSHOT-sources.jar
[INFO] Installing /home/alex/Repositories/java/target/jsoniter-0.9.24-SNAPSHOT-javadoc.jar to /home/alex/.m2/repository/com/jsoniter/jsoniter/0.9.24-SNAPSHOT/jsoniter-0.9.24-SNAPSHOT-javadoc.jar
[INFO] Installing /home/alex/Repositories/java/target/jsoniter-0.9.24-SNAPSHOT.jar.asc to /home/alex/.m2/repository/com/jsoniter/jsoniter/0.9.24-SNAPSHOT/jsoniter-0.9.24-SNAPSHOT.jar.asc
[INFO] Installing /home/alex/Repositories/java/target/jsoniter-0.9.24-SNAPSHOT.pom.asc to /home/alex/.m2/repository/com/jsoniter/jsoniter/0.9.24-SNAPSHOT/jsoniter-0.9.24-SNAPSHOT.pom.asc
[INFO] Installing /home/alex/Repositories/java/target/jsoniter-0.9.24-SNAPSHOT-sources.jar.asc to /home/alex/.m2/repository/com/jsoniter/jsoniter/0.9.24-SNAPSHOT/jsoniter-0.9.24-SNAPSHOT-sources.jar.asc
[INFO] Installing /home/alex/Repositories/java/target/jsoniter-0.9.24-SNAPSHOT-javadoc.jar.asc to /home/alex/.m2/repository/com/jsoniter/jsoniter/0.9.24-SNAPSHOT/jsoniter-0.9.24-SNAPSHOT-javadoc.jar.asc
[INFO] ------------------------------------------------------------------------
[INFO] BUILD SUCCESS
[INFO] ------------------------------------------------------------------------
[INFO] Total time:  7.874 s
[INFO] Finished at: 2024-05-02T00:40:49+01:00
[INFO] ------------------------------------------------------------------------
