[INFO] Error stacktraces are turned on.
[INFO] Scanning for projects...
[INFO] 
[INFO] -------------------< com.j256.ormlite:ormlite-core >--------------------
[INFO] Building ORMLite Core 6.0-SNAPSHOT
[INFO] --------------------------------[ jar ]---------------------------------
[INFO] 
[INFO] >>> idflakies-maven-plugin:2.0.1-SNAPSHOT:detect (default-cli) > test-compile @ ormlite-core >>>
[INFO] 
[INFO] --- maven-enforcer-plugin:1.0:enforce (enforce-maven) @ ormlite-core ---
[INFO] Skipping Rule Enforcement.
[INFO] 
[INFO] --- jacoco-maven-plugin:0.8.6:prepare-agent (default) @ ormlite-core ---
[INFO] argLine set to -javaagent:/home/idflakies/.m2/repository/org/jacoco/org.jacoco.agent/0.8.6/org.jacoco.agent-0.8.6-runtime.jar=destfile=/home/idflakies/j256/ormlite-core/target/jacoco.exec
[INFO] 
[INFO] --- maven-resources-plugin:2.6:resources (default-resources) @ ormlite-core ---
[INFO] Using 'UTF-8' encoding to copy filtered resources.
[INFO] Copying 2 resources
[INFO] 
[INFO] --- maven-compiler-plugin:2.5.1:compile (default-compile) @ ormlite-core ---
[INFO] Nothing to compile - all classes are up to date
[INFO] 
[INFO] --- maven-resources-plugin:2.6:testResources (default-testResources) @ ormlite-core ---
[INFO] Using 'UTF-8' encoding to copy filtered resources.
[INFO] Copying 2 resources
[INFO] 
[INFO] --- maven-compiler-plugin:2.5.1:testCompile (default-testCompile) @ ormlite-core ---
[INFO] Nothing to compile - all classes are up to date
[INFO] 
[INFO] <<< idflakies-maven-plugin:2.0.1-SNAPSHOT:detect (default-cli) < test-compile @ ormlite-core <<<
[INFO] 
[INFO] 
[INFO] --- idflakies-maven-plugin:2.0.1-SNAPSHOT:detect (default-cli) @ ormlite-core ---
INFO: Locating tests...
INFO: Located 1220 tests. Time taken: 2.3430001735687256 seconds
INFO: TIMEOUT_VALUE: Using a timeout of 7200.0, and that the total mvn test time is: 10.68
INFO: ROUNDS_CALCULATED: Giving com.j256.ormlite:ormlite-core:6.0-SNAPSHOT 10 rounds to run for random
INFO: Using original order in path: /Scratch/all-output/j256.ormlite-core_output/ormlite-core/original-order
INFO: Using original order in path: /Scratch/all-output/j256.ormlite-core_output/ormlite-core/original-order
[INFO] Getting original results (1220 tests).
INFO: Created dependent test detector (class edu.illinois.cs.dt.tools.detection.detectors.RandomDetector).
Verified com.j256.ormlite.db.BaseDatabaseTypeTest.testDriverNotFound, status: expected PASS, got PASS
Verified com.j256.ormlite.db.BaseDatabaseTypeTest.testDriverNotFound, status: expected ERROR, got ERROR
[INFO] Found 1 tests in round 1 of 10 (0.0 seconds elapsed (13.4 total), 0.0 seconds remaining).
[INFO] Found 0 tests in round 2 of 10 (0.0 seconds elapsed (19.5 total), 0.0 seconds remaining).
Verified com.j256.ormlite.support.DatabaseConnectionProxyFactoryTest.testChangeInsertValue, status: expected PASS, got PASS
Verified com.j256.ormlite.support.DatabaseConnectionProxyFactoryTest.testChangeInsertValue, status: expected ERROR, got ERROR
Verified com.j256.ormlite.table.TableUtilsTest.testMissingCreate, status: expected PASS, got PASS
Verified com.j256.ormlite.table.TableUtilsTest.testMissingCreate, status: expected ERROR, got ERROR
Verified com.j256.ormlite.support.DatabaseConnectionProxyFactoryTest.testBasic, status: expected PASS, got PASS
Verified com.j256.ormlite.support.DatabaseConnectionProxyFactoryTest.testBasic, status: expected ERROR, got ERROR
[INFO] Found 3 tests in round 3 of 10 (6.1 seconds elapsed (41.1 total), 14.2 seconds remaining).
Verified com.j256.ormlite.stmt.QueryBuilderWithSchemaTest.testQueryRawColumnsNotQuery, status: expected PASS, got PASS
Verified com.j256.ormlite.stmt.QueryBuilderWithSchemaTest.testQueryRawColumnsNotQuery, status: expected ERROR, got ERROR
Verified com.j256.ormlite.table.SchemaUtilsTest.testCreateSchemaDao, status: expected PASS, got PASS
Verified com.j256.ormlite.table.SchemaUtilsTest.testCreateSchemaDao, status: expected ERROR, got ERROR
Verified com.j256.ormlite.table.SchemaUtilsTest.testDropSchemaThrow, status: expected PASS, got PASS
Verified com.j256.ormlite.table.SchemaUtilsTest.testDropSchemaThrow, status: expected ERROR, got ERROR
Verified com.j256.ormlite.table.SchemaUtilsTest.testCreateSchema, status: expected PASS, got PASS
Verified com.j256.ormlite.table.SchemaUtilsTest.testCreateSchema, status: expected ERROR, got ERROR
Verified com.j256.ormlite.table.SchemaUtilsTest.testCreateIfNotExists, status: expected PASS, got PASS
Verified com.j256.ormlite.table.SchemaUtilsTest.testCreateIfNotExists, status: expected ERROR, got ERROR
Verified com.j256.ormlite.table.SchemaUtilsTest.testDropSchema, status: expected PASS, got PASS
Verified com.j256.ormlite.table.SchemaUtilsTest.testDropSchema, status: expected ERROR, got ERROR
Verified com.j256.ormlite.table.SchemaUtilsTest.testCreateSchemaName, status: expected PASS, got PASS
Verified com.j256.ormlite.table.SchemaUtilsTest.testCreateSchemaName, status: expected ERROR, got ERROR
[INFO] Found 7 tests in round 4 of 10 (0.0 seconds elapsed (87.2 total), 0.0 seconds remaining).
[INFO] Found 0 tests in round 5 of 10 (0.0 seconds elapsed (93.5 total), 0.0 seconds remaining).
[INFO] Found 0 tests in round 6 of 10 (6.2 seconds elapsed (99.9 total), 4.2 seconds remaining).
[INFO] Found 0 tests in round 7 of 10 (12.7 seconds elapsed (106.1 total), 5.4 seconds remaining).
Verified com.j256.ormlite.support.DatabaseConnectionProxyFactoryTest.testChangeInsertValue, status: expected PASS, got PASS
Verified com.j256.ormlite.support.DatabaseConnectionProxyFactoryTest.testChangeInsertValue, status: expected ERROR, got ERROR
[INFO] Found 0 tests in round 8 of 10 (18.9 seconds elapsed (117.3 total), 4.7 seconds remaining).
[INFO] Found 0 tests in round 9 of 10 (30.1 seconds elapsed (123.3 total), 3.3 seconds remaining).
[INFO] Found 0 tests in round 10 of 10 (36.1 seconds elapsed (129.7 total), 0.0 seconds remaining).

[INFO] Found 11 tests, writing list to /Scratch/all-output/j256.ormlite-core_output/ormlite-core/detection-results/list.txt and dt lists to /Scratch/all-output/j256.ormlite-core_output/ormlite-core/detection-results/flaky-lists.json
TRY_COPY_ALL_FAILING_TEST_OUTPUT
[INFO] ------------------------------------------------------------------------
[INFO] BUILD SUCCESS
[INFO] ------------------------------------------------------------------------
[INFO] Total time: 02:20 min
[INFO] Finished at: 2024-05-17T19:34:09Z
[INFO] ------------------------------------------------------------------------
