[INFO] Error stacktraces are turned on.
[INFO] Scanning for projects...
[INFO] Inspecting build with total of 1 modules...
[INFO] Installing Nexus Staging features:
[INFO]   ... total of 1 executions of maven-deploy-plugin replaced with nexus-staging-maven-plugin
[INFO] 
[INFO] -----------------------< com.jsoniter:jsoniter >------------------------
[INFO] Building json iterator 0.9.24-SNAPSHOT
[INFO] --------------------------------[ jar ]---------------------------------
[INFO] 
[INFO] >>> idflakies-maven-plugin:2.0.1-SNAPSHOT:detect (default-cli) > test-compile @ jsoniter >>>
[INFO] 
[INFO] --- maven-resources-plugin:2.6:resources (default-resources) @ jsoniter ---
[INFO] Using 'UTF-8' encoding to copy filtered resources.
[INFO] skip non existing resourceDirectory /home/idflakies/json-iterator/java/src/main/resources
[INFO] 
[INFO] --- maven-compiler-plugin:3.7.0:compile (default-compile) @ jsoniter ---
[INFO] Nothing to compile - all classes are up to date
[INFO] 
[INFO] --- maven-resources-plugin:2.6:testResources (default-testResources) @ jsoniter ---
[INFO] Using 'UTF-8' encoding to copy filtered resources.
[INFO] skip non existing resourceDirectory /home/idflakies/json-iterator/java/test/main/resources
[INFO] 
[INFO] --- maven-compiler-plugin:3.7.0:testCompile (default-testCompile) @ jsoniter ---
[INFO] Nothing to compile - all classes are up to date
[INFO] 
[INFO] <<< idflakies-maven-plugin:2.0.1-SNAPSHOT:detect (default-cli) < test-compile @ jsoniter <<<
[INFO] 
[INFO] 
[INFO] --- idflakies-maven-plugin:2.0.1-SNAPSHOT:detect (default-cli) @ jsoniter ---
INFO: Locating tests...
INFO: Located 383 tests. Time taken: 1.0409998893737793 seconds
INFO: TIMEOUT_VALUE: Using a timeout of 10800.0, and that the total mvn test time is: 8.4
INFO: ROUNDS_CALCULATED: Giving com.jsoniter:jsoniter:0.9.24-SNAPSHOT 10 rounds to run for original
INFO: Using original order in path: /Scratch/all-output/json-iterator.java_output/java/original-order
INFO: Using original order in path: /Scratch/all-output/json-iterator.java_output/java/original-order
[INFO] Getting original results (383 tests).
INFO: No passing order for tests (3 runs). Continuing anyway with last run.
INFO: Created dependent test detector (class edu.illinois.cs.dt.tools.detection.detectors.OriginalDetector).
[INFO] Found 0 tests in round 1 of 10 (0.0 seconds elapsed (1.4 total), 0.0 seconds remaining).
[INFO] Found 0 tests in round 2 of 10 (1.5 seconds elapsed (2.9 total), 5.8 seconds remaining).
[INFO] Found 0 tests in round 3 of 10 (2.9 seconds elapsed (4.4 total), 6.7 seconds remaining).
[INFO] Found 0 tests in round 4 of 10 (4.4 seconds elapsed (5.9 total), 6.6 seconds remaining).
[INFO] Found 0 tests in round 5 of 10 (5.9 seconds elapsed (7.3 total), 5.9 seconds remaining).
[INFO] Found 0 tests in round 6 of 10 (7.3 seconds elapsed (8.8 total), 4.8 seconds remaining).
[INFO] Found 0 tests in round 7 of 10 (8.8 seconds elapsed (10.3 total), 3.8 seconds remaining).
[INFO] Found 0 tests in round 8 of 10 (10.3 seconds elapsed (11.9 total), 2.6 seconds remaining).
[INFO] Found 0 tests in round 9 of 10 (11.9 seconds elapsed (13.4 total), 1.3 seconds remaining).
[INFO] Found 0 tests in round 10 of 10 (13.4 seconds elapsed (14.9 total), 0.0 seconds remaining).

[INFO] Found 0 tests, writing list to /Scratch/all-output/json-iterator.java_output/java/detection-results/list.txt and dt lists to /Scratch/all-output/json-iterator.java_output/java/detection-results/flaky-lists.json
TRY_COPY_ALL_FAILING_TEST_OUTPUT
[INFO] ------------------------------------------------------------------------
[INFO] BUILD SUCCESS
[INFO] ------------------------------------------------------------------------
[INFO] Total time: 22.508 s
[INFO] Finished at: 2024-04-20T14:15:35Z
[INFO] ------------------------------------------------------------------------
