[main] ERROR org.apache.hadoop.hive.common.io.DiskRangeList - Elements not in order range start: 0 end: 5 and range start: 4 end: 10; trying to insert into [{range start: 0 end: 5}, {range start: 5 end: 10}, {range start: 10 end: 15}]
[main] ERROR org.apache.hadoop.hive.common.io.DiskRangeList - Elements not in order range start: 5 end: 11 and range start: 10 end: 15; trying to insert into [{range start: 0 end: 5}, {range start: 5 end: 11}, {range start: 10 end: 15}]
[main] ERROR org.apache.hadoop.hive.common.io.DiskRangeList - Elements not in order range start: 3 end: 4 and range start: 5 end: 10; trying to insert into [{range start: 0 end: 5}, {range start: 5 end: 11}, {range start: 10 end: 15}]
[main] ERROR org.apache.hadoop.hive.common.io.DiskRangeList - Elements not in order range start: 0 end: 5 and range start: 4 end: 6; trying to insert into [{range start: 0 end: 5}, {range start: 5 end: 11}, {range start: 10 end: 15}]
[main] ERROR org.apache.hadoop.hive.common.io.DiskRangeList - Elements not in order range start: 10 end: 15 and range start: 14 end: 20; trying to insert into [{range start: 6 end: 10}, {range start: 10 end: 15}]
[main] ERROR org.apache.hadoop.hive.common.io.DiskRangeList - Elements not in order range start: 15 end: 21 and range start: 20 end: 25; trying to insert into [{range start: 6 end: 10}, {range start: 10 end: 15}, {range start: 20 end: 25}]
[main] ERROR org.apache.hadoop.hive.common.io.DiskRangeList - Elements not in order range start: 10 end: 15 and range start: 16 end: 20; trying to insert into [{range start: 6 end: 10}, {range start: 10 end: 15}, {range start: 20 end: 25}]
[main] ERROR org.apache.hadoop.hive.common.io.DiskRangeList - Elements not in order range start: 10 end: 15 and range start: 9 end: 11; trying to insert into [{range start: 6 end: 10}, {range start: 10 end: 15}, {range start: 20 end: 25}]
ANTLR Parser Generator  Version 3.5.2
ANTLR Parser Generator  Version 3.5.2
ANTLR Parser Generator  Version 3.5.2
log4j:WARN No appenders could be found for logger (DataNucleus.Persistence).
log4j:WARN Please initialize the log4j system properly.
SLF4J: Class path contains multiple SLF4J bindings.
SLF4J: Found binding in [jar:file:/home/alex/.m2/repository/org/apache/logging/log4j/log4j-slf4j-impl/2.13.2/log4j-slf4j-impl-2.13.2.jar!/org/slf4j/impl/StaticLoggerBinder.class]
SLF4J: Found binding in [jar:file:/home/alex/.m2/repository/org/slf4j/slf4j-simple/1.7.27/slf4j-simple-1.7.27.jar!/org/slf4j/impl/StaticLoggerBinder.class]
SLF4J: See http://www.slf4j.org/codes.html#multiple_bindings for an explanation.
SLF4J: Actual binding is of type [org.apache.logging.slf4j.Log4jLoggerFactory]
SLF4J: Class path contains multiple SLF4J bindings.
SLF4J: Found binding in [jar:file:/home/alex/.m2/repository/org/apache/logging/log4j/log4j-slf4j-impl/2.13.2/log4j-slf4j-impl-2.13.2.jar!/org/slf4j/impl/StaticLoggerBinder.class]
SLF4J: Found binding in [jar:file:/home/alex/.m2/repository/org/slf4j/slf4j-simple/1.7.27/slf4j-simple-1.7.27.jar!/org/slf4j/impl/StaticLoggerBinder.class]
SLF4J: See http://www.slf4j.org/codes.html#multiple_bindings for an explanation.
SLF4J: Actual binding is of type [org.apache.logging.slf4j.Log4jLoggerFactory]
mai 01, 2024 4:01:48 AM org.apache.jasper.servlet.TldScanner scanJars
INFO: At least one JAR was scanned for TLDs yet contained no TLDs. Enable debug logging for this logger for a complete list of JARs that were scanned but no TLDs were found in them. Skipping unneeded JARs during scanning can improve startup time and JSP compilation time.
SLF4J: Class path contains multiple SLF4J bindings.
SLF4J: Found binding in [jar:file:/home/alex/.m2/repository/org/apache/logging/log4j/log4j-slf4j-impl/2.13.2/log4j-slf4j-impl-2.13.2.jar!/org/slf4j/impl/StaticLoggerBinder.class]
SLF4J: Found binding in [jar:file:/home/alex/.m2/repository/org/slf4j/slf4j-simple/1.7.27/slf4j-simple-1.7.27.jar!/org/slf4j/impl/StaticLoggerBinder.class]
SLF4J: See http://www.slf4j.org/codes.html#multiple_bindings for an explanation.
SLF4J: Actual binding is of type [org.apache.logging.slf4j.Log4jLoggerFactory]
SLF4J: Class path contains multiple SLF4J bindings.
SLF4J: Found binding in [jar:file:/home/alex/.m2/repository/org/apache/logging/log4j/log4j-slf4j-impl/2.13.2/log4j-slf4j-impl-2.13.2.jar!/org/slf4j/impl/StaticLoggerBinder.class]
SLF4J: Found binding in [jar:file:/home/alex/.m2/repository/org/slf4j/slf4j-simple/1.7.27/slf4j-simple-1.7.27.jar!/org/slf4j/impl/StaticLoggerBinder.class]
SLF4J: See http://www.slf4j.org/codes.html#multiple_bindings for an explanation.
SLF4J: Actual binding is of type [org.apache.logging.slf4j.Log4jLoggerFactory]
[main] ERROR org.apache.hadoop.hive.common.io.DiskRangeList - Elements not in order range start: 0 end: 5 and range start: 4 end: 10; trying to insert into [{range start: 0 end: 5}, {range start: 5 end: 10}, {range start: 10 end: 15}]
[main] ERROR org.apache.hadoop.hive.common.io.DiskRangeList - Elements not in order range start: 5 end: 11 and range start: 10 end: 15; trying to insert into [{range start: 0 end: 5}, {range start: 5 end: 11}, {range start: 10 end: 15}]
[main] ERROR org.apache.hadoop.hive.common.io.DiskRangeList - Elements not in order range start: 3 end: 4 and range start: 5 end: 10; trying to insert into [{range start: 0 end: 5}, {range start: 5 end: 11}, {range start: 10 end: 15}]
[main] ERROR org.apache.hadoop.hive.common.io.DiskRangeList - Elements not in order range start: 0 end: 5 and range start: 4 end: 6; trying to insert into [{range start: 0 end: 5}, {range start: 5 end: 11}, {range start: 10 end: 15}]
[main] ERROR org.apache.hadoop.hive.common.io.DiskRangeList - Elements not in order range start: 10 end: 15 and range start: 14 end: 20; trying to insert into [{range start: 6 end: 10}, {range start: 10 end: 15}]
[main] ERROR org.apache.hadoop.hive.common.io.DiskRangeList - Elements not in order range start: 15 end: 21 and range start: 20 end: 25; trying to insert into [{range start: 6 end: 10}, {range start: 10 end: 15}, {range start: 20 end: 25}]
[main] ERROR org.apache.hadoop.hive.common.io.DiskRangeList - Elements not in order range start: 10 end: 15 and range start: 16 end: 20; trying to insert into [{range start: 6 end: 10}, {range start: 10 end: 15}, {range start: 20 end: 25}]
[main] ERROR org.apache.hadoop.hive.common.io.DiskRangeList - Elements not in order range start: 10 end: 15 and range start: 9 end: 11; trying to insert into [{range start: 6 end: 10}, {range start: 10 end: 15}, {range start: 20 end: 25}]
ANTLR Parser Generator  Version 3.5.2
ANTLR Parser Generator  Version 3.5.2
ANTLR Parser Generator  Version 3.5.2
log4j:WARN No appenders could be found for logger (DataNucleus.Persistence).
log4j:WARN Please initialize the log4j system properly.
SLF4J: Class path contains multiple SLF4J bindings.
SLF4J: Found binding in [jar:file:/home/alex/.m2/repository/org/apache/logging/log4j/log4j-slf4j-impl/2.13.2/log4j-slf4j-impl-2.13.2.jar!/org/slf4j/impl/StaticLoggerBinder.class]
SLF4J: Found binding in [jar:file:/home/alex/.m2/repository/org/slf4j/slf4j-simple/1.7.27/slf4j-simple-1.7.27.jar!/org/slf4j/impl/StaticLoggerBinder.class]
SLF4J: See http://www.slf4j.org/codes.html#multiple_bindings for an explanation.
SLF4J: Actual binding is of type [org.apache.logging.slf4j.Log4jLoggerFactory]
SLF4J: Class path contains multiple SLF4J bindings.
SLF4J: Found binding in [jar:file:/home/alex/.m2/repository/org/apache/logging/log4j/log4j-slf4j-impl/2.13.2/log4j-slf4j-impl-2.13.2.jar!/org/slf4j/impl/StaticLoggerBinder.class]
SLF4J: Found binding in [jar:file:/home/alex/.m2/repository/org/slf4j/slf4j-simple/1.7.27/slf4j-simple-1.7.27.jar!/org/slf4j/impl/StaticLoggerBinder.class]
SLF4J: See http://www.slf4j.org/codes.html#multiple_bindings for an explanation.
SLF4J: Actual binding is of type [org.apache.logging.slf4j.Log4jLoggerFactory]
mai 01, 2024 8:24:38 AM org.apache.jasper.servlet.TldScanner scanJars
INFO: At least one JAR was scanned for TLDs yet contained no TLDs. Enable debug logging for this logger for a complete list of JARs that were scanned but no TLDs were found in them. Skipping unneeded JARs during scanning can improve startup time and JSP compilation time.
SLF4J: Class path contains multiple SLF4J bindings.
SLF4J: Found binding in [jar:file:/home/alex/.m2/repository/org/apache/logging/log4j/log4j-slf4j-impl/2.13.2/log4j-slf4j-impl-2.13.2.jar!/org/slf4j/impl/StaticLoggerBinder.class]
SLF4J: Found binding in [jar:file:/home/alex/.m2/repository/org/slf4j/slf4j-simple/1.7.27/slf4j-simple-1.7.27.jar!/org/slf4j/impl/StaticLoggerBinder.class]
SLF4J: See http://www.slf4j.org/codes.html#multiple_bindings for an explanation.
SLF4J: Actual binding is of type [org.apache.logging.slf4j.Log4jLoggerFactory]
SLF4J: Class path contains multiple SLF4J bindings.
SLF4J: Found binding in [jar:file:/home/alex/.m2/repository/org/apache/logging/log4j/log4j-slf4j-impl/2.13.2/log4j-slf4j-impl-2.13.2.jar!/org/slf4j/impl/StaticLoggerBinder.class]
SLF4J: Found binding in [jar:file:/home/alex/.m2/repository/org/slf4j/slf4j-simple/1.7.27/slf4j-simple-1.7.27.jar!/org/slf4j/impl/StaticLoggerBinder.class]
SLF4J: See http://www.slf4j.org/codes.html#multiple_bindings for an explanation.
SLF4J: Actual binding is of type [org.apache.logging.slf4j.Log4jLoggerFactory]
[main] ERROR org.apache.hadoop.hive.common.io.DiskRangeList - Elements not in order range start: 0 end: 5 and range start: 4 end: 10; trying to insert into [{range start: 0 end: 5}, {range start: 5 end: 10}, {range start: 10 end: 15}]
[main] ERROR org.apache.hadoop.hive.common.io.DiskRangeList - Elements not in order range start: 5 end: 11 and range start: 10 end: 15; trying to insert into [{range start: 0 end: 5}, {range start: 5 end: 11}, {range start: 10 end: 15}]
[main] ERROR org.apache.hadoop.hive.common.io.DiskRangeList - Elements not in order range start: 3 end: 4 and range start: 5 end: 10; trying to insert into [{range start: 0 end: 5}, {range start: 5 end: 11}, {range start: 10 end: 15}]
[main] ERROR org.apache.hadoop.hive.common.io.DiskRangeList - Elements not in order range start: 0 end: 5 and range start: 4 end: 6; trying to insert into [{range start: 0 end: 5}, {range start: 5 end: 11}, {range start: 10 end: 15}]
[main] ERROR org.apache.hadoop.hive.common.io.DiskRangeList - Elements not in order range start: 10 end: 15 and range start: 14 end: 20; trying to insert into [{range start: 6 end: 10}, {range start: 10 end: 15}]
[main] ERROR org.apache.hadoop.hive.common.io.DiskRangeList - Elements not in order range start: 15 end: 21 and range start: 20 end: 25; trying to insert into [{range start: 6 end: 10}, {range start: 10 end: 15}, {range start: 20 end: 25}]
[main] ERROR org.apache.hadoop.hive.common.io.DiskRangeList - Elements not in order range start: 10 end: 15 and range start: 16 end: 20; trying to insert into [{range start: 6 end: 10}, {range start: 10 end: 15}, {range start: 20 end: 25}]
[main] ERROR org.apache.hadoop.hive.common.io.DiskRangeList - Elements not in order range start: 10 end: 15 and range start: 9 end: 11; trying to insert into [{range start: 6 end: 10}, {range start: 10 end: 15}, {range start: 20 end: 25}]
ANTLR Parser Generator  Version 3.5.2
ANTLR Parser Generator  Version 3.5.2
ANTLR Parser Generator  Version 3.5.2
log4j:WARN No appenders could be found for logger (DataNucleus.Persistence).
log4j:WARN Please initialize the log4j system properly.
SLF4J: Class path contains multiple SLF4J bindings.
SLF4J: Found binding in [jar:file:/home/alex/.m2/repository/org/apache/logging/log4j/log4j-slf4j-impl/2.13.2/log4j-slf4j-impl-2.13.2.jar!/org/slf4j/impl/StaticLoggerBinder.class]
SLF4J: Found binding in [jar:file:/home/alex/.m2/repository/org/slf4j/slf4j-simple/1.7.27/slf4j-simple-1.7.27.jar!/org/slf4j/impl/StaticLoggerBinder.class]
SLF4J: See http://www.slf4j.org/codes.html#multiple_bindings for an explanation.
SLF4J: Actual binding is of type [org.apache.logging.slf4j.Log4jLoggerFactory]
SLF4J: Class path contains multiple SLF4J bindings.
SLF4J: Found binding in [jar:file:/home/alex/.m2/repository/org/apache/logging/log4j/log4j-slf4j-impl/2.13.2/log4j-slf4j-impl-2.13.2.jar!/org/slf4j/impl/StaticLoggerBinder.class]
SLF4J: Found binding in [jar:file:/home/alex/.m2/repository/org/slf4j/slf4j-simple/1.7.27/slf4j-simple-1.7.27.jar!/org/slf4j/impl/StaticLoggerBinder.class]
SLF4J: See http://www.slf4j.org/codes.html#multiple_bindings for an explanation.
SLF4J: Actual binding is of type [org.apache.logging.slf4j.Log4jLoggerFactory]
mai 01, 2024 12:50:29 PM org.apache.jasper.servlet.TldScanner scanJars
INFO: At least one JAR was scanned for TLDs yet contained no TLDs. Enable debug logging for this logger for a complete list of JARs that were scanned but no TLDs were found in them. Skipping unneeded JARs during scanning can improve startup time and JSP compilation time.
SLF4J: Class path contains multiple SLF4J bindings.
SLF4J: Found binding in [jar:file:/home/alex/.m2/repository/org/apache/logging/log4j/log4j-slf4j-impl/2.13.2/log4j-slf4j-impl-2.13.2.jar!/org/slf4j/impl/StaticLoggerBinder.class]
SLF4J: Found binding in [jar:file:/home/alex/.m2/repository/org/slf4j/slf4j-simple/1.7.27/slf4j-simple-1.7.27.jar!/org/slf4j/impl/StaticLoggerBinder.class]
SLF4J: See http://www.slf4j.org/codes.html#multiple_bindings for an explanation.
SLF4J: Actual binding is of type [org.apache.logging.slf4j.Log4jLoggerFactory]
SLF4J: Class path contains multiple SLF4J bindings.
SLF4J: Found binding in [jar:file:/home/alex/.m2/repository/org/apache/logging/log4j/log4j-slf4j-impl/2.13.2/log4j-slf4j-impl-2.13.2.jar!/org/slf4j/impl/StaticLoggerBinder.class]
SLF4J: Found binding in [jar:file:/home/alex/.m2/repository/org/slf4j/slf4j-simple/1.7.27/slf4j-simple-1.7.27.jar!/org/slf4j/impl/StaticLoggerBinder.class]
SLF4J: See http://www.slf4j.org/codes.html#multiple_bindings for an explanation.
SLF4J: Actual binding is of type [org.apache.logging.slf4j.Log4jLoggerFactory]
[main] ERROR org.apache.hadoop.hive.common.io.DiskRangeList - Elements not in order range start: 0 end: 5 and range start: 4 end: 10; trying to insert into [{range start: 0 end: 5}, {range start: 5 end: 10}, {range start: 10 end: 15}]
[main] ERROR org.apache.hadoop.hive.common.io.DiskRangeList - Elements not in order range start: 5 end: 11 and range start: 10 end: 15; trying to insert into [{range start: 0 end: 5}, {range start: 5 end: 11}, {range start: 10 end: 15}]
[main] ERROR org.apache.hadoop.hive.common.io.DiskRangeList - Elements not in order range start: 3 end: 4 and range start: 5 end: 10; trying to insert into [{range start: 0 end: 5}, {range start: 5 end: 11}, {range start: 10 end: 15}]
[main] ERROR org.apache.hadoop.hive.common.io.DiskRangeList - Elements not in order range start: 0 end: 5 and range start: 4 end: 6; trying to insert into [{range start: 0 end: 5}, {range start: 5 end: 11}, {range start: 10 end: 15}]
[main] ERROR org.apache.hadoop.hive.common.io.DiskRangeList - Elements not in order range start: 10 end: 15 and range start: 14 end: 20; trying to insert into [{range start: 6 end: 10}, {range start: 10 end: 15}]
[main] ERROR org.apache.hadoop.hive.common.io.DiskRangeList - Elements not in order range start: 15 end: 21 and range start: 20 end: 25; trying to insert into [{range start: 6 end: 10}, {range start: 10 end: 15}, {range start: 20 end: 25}]
[main] ERROR org.apache.hadoop.hive.common.io.DiskRangeList - Elements not in order range start: 10 end: 15 and range start: 16 end: 20; trying to insert into [{range start: 6 end: 10}, {range start: 10 end: 15}, {range start: 20 end: 25}]
[main] ERROR org.apache.hadoop.hive.common.io.DiskRangeList - Elements not in order range start: 10 end: 15 and range start: 9 end: 11; trying to insert into [{range start: 6 end: 10}, {range start: 10 end: 15}, {range start: 20 end: 25}]
ANTLR Parser Generator  Version 3.5.2
ANTLR Parser Generator  Version 3.5.2
ANTLR Parser Generator  Version 3.5.2
log4j:WARN No appenders could be found for logger (DataNucleus.Persistence).
log4j:WARN Please initialize the log4j system properly.
SLF4J: Class path contains multiple SLF4J bindings.
SLF4J: Found binding in [jar:file:/home/alex/.m2/repository/org/apache/logging/log4j/log4j-slf4j-impl/2.13.2/log4j-slf4j-impl-2.13.2.jar!/org/slf4j/impl/StaticLoggerBinder.class]
SLF4J: Found binding in [jar:file:/home/alex/.m2/repository/org/slf4j/slf4j-simple/1.7.27/slf4j-simple-1.7.27.jar!/org/slf4j/impl/StaticLoggerBinder.class]
SLF4J: See http://www.slf4j.org/codes.html#multiple_bindings for an explanation.
SLF4J: Actual binding is of type [org.apache.logging.slf4j.Log4jLoggerFactory]
SLF4J: Class path contains multiple SLF4J bindings.
SLF4J: Found binding in [jar:file:/home/alex/.m2/repository/org/apache/logging/log4j/log4j-slf4j-impl/2.13.2/log4j-slf4j-impl-2.13.2.jar!/org/slf4j/impl/StaticLoggerBinder.class]
SLF4J: Found binding in [jar:file:/home/alex/.m2/repository/org/slf4j/slf4j-simple/1.7.27/slf4j-simple-1.7.27.jar!/org/slf4j/impl/StaticLoggerBinder.class]
SLF4J: See http://www.slf4j.org/codes.html#multiple_bindings for an explanation.
SLF4J: Actual binding is of type [org.apache.logging.slf4j.Log4jLoggerFactory]
mai 01, 2024 5:16:03 PM org.apache.jasper.servlet.TldScanner scanJars
INFO: At least one JAR was scanned for TLDs yet contained no TLDs. Enable debug logging for this logger for a complete list of JARs that were scanned but no TLDs were found in them. Skipping unneeded JARs during scanning can improve startup time and JSP compilation time.
SLF4J: Class path contains multiple SLF4J bindings.
SLF4J: Found binding in [jar:file:/home/alex/.m2/repository/org/apache/logging/log4j/log4j-slf4j-impl/2.13.2/log4j-slf4j-impl-2.13.2.jar!/org/slf4j/impl/StaticLoggerBinder.class]
SLF4J: Found binding in [jar:file:/home/alex/.m2/repository/org/slf4j/slf4j-simple/1.7.27/slf4j-simple-1.7.27.jar!/org/slf4j/impl/StaticLoggerBinder.class]
SLF4J: See http://www.slf4j.org/codes.html#multiple_bindings for an explanation.
SLF4J: Actual binding is of type [org.apache.logging.slf4j.Log4jLoggerFactory]
SLF4J: Class path contains multiple SLF4J bindings.
SLF4J: Found binding in [jar:file:/home/alex/.m2/repository/org/apache/logging/log4j/log4j-slf4j-impl/2.13.2/log4j-slf4j-impl-2.13.2.jar!/org/slf4j/impl/StaticLoggerBinder.class]
SLF4J: Found binding in [jar:file:/home/alex/.m2/repository/org/slf4j/slf4j-simple/1.7.27/slf4j-simple-1.7.27.jar!/org/slf4j/impl/StaticLoggerBinder.class]
SLF4J: See http://www.slf4j.org/codes.html#multiple_bindings for an explanation.
SLF4J: Actual binding is of type [org.apache.logging.slf4j.Log4jLoggerFactory]
[main] ERROR org.apache.hadoop.hive.common.io.DiskRangeList - Elements not in order range start: 0 end: 5 and range start: 4 end: 10; trying to insert into [{range start: 0 end: 5}, {range start: 5 end: 10}, {range start: 10 end: 15}]
[main] ERROR org.apache.hadoop.hive.common.io.DiskRangeList - Elements not in order range start: 5 end: 11 and range start: 10 end: 15; trying to insert into [{range start: 0 end: 5}, {range start: 5 end: 11}, {range start: 10 end: 15}]
[main] ERROR org.apache.hadoop.hive.common.io.DiskRangeList - Elements not in order range start: 3 end: 4 and range start: 5 end: 10; trying to insert into [{range start: 0 end: 5}, {range start: 5 end: 11}, {range start: 10 end: 15}]
[main] ERROR org.apache.hadoop.hive.common.io.DiskRangeList - Elements not in order range start: 0 end: 5 and range start: 4 end: 6; trying to insert into [{range start: 0 end: 5}, {range start: 5 end: 11}, {range start: 10 end: 15}]
[main] ERROR org.apache.hadoop.hive.common.io.DiskRangeList - Elements not in order range start: 10 end: 15 and range start: 14 end: 20; trying to insert into [{range start: 6 end: 10}, {range start: 10 end: 15}]
[main] ERROR org.apache.hadoop.hive.common.io.DiskRangeList - Elements not in order range start: 15 end: 21 and range start: 20 end: 25; trying to insert into [{range start: 6 end: 10}, {range start: 10 end: 15}, {range start: 20 end: 25}]
[main] ERROR org.apache.hadoop.hive.common.io.DiskRangeList - Elements not in order range start: 10 end: 15 and range start: 16 end: 20; trying to insert into [{range start: 6 end: 10}, {range start: 10 end: 15}, {range start: 20 end: 25}]
[main] ERROR org.apache.hadoop.hive.common.io.DiskRangeList - Elements not in order range start: 10 end: 15 and range start: 9 end: 11; trying to insert into [{range start: 6 end: 10}, {range start: 10 end: 15}, {range start: 20 end: 25}]
ANTLR Parser Generator  Version 3.5.2
ANTLR Parser Generator  Version 3.5.2
ANTLR Parser Generator  Version 3.5.2
log4j:WARN No appenders could be found for logger (DataNucleus.Persistence).
log4j:WARN Please initialize the log4j system properly.
SLF4J: Class path contains multiple SLF4J bindings.
SLF4J: Found binding in [jar:file:/home/alex/.m2/repository/org/apache/logging/log4j/log4j-slf4j-impl/2.13.2/log4j-slf4j-impl-2.13.2.jar!/org/slf4j/impl/StaticLoggerBinder.class]
SLF4J: Found binding in [jar:file:/home/alex/.m2/repository/org/slf4j/slf4j-simple/1.7.27/slf4j-simple-1.7.27.jar!/org/slf4j/impl/StaticLoggerBinder.class]
SLF4J: See http://www.slf4j.org/codes.html#multiple_bindings for an explanation.
SLF4J: Actual binding is of type [org.apache.logging.slf4j.Log4jLoggerFactory]
SLF4J: Class path contains multiple SLF4J bindings.
SLF4J: Found binding in [jar:file:/home/alex/.m2/repository/org/apache/logging/log4j/log4j-slf4j-impl/2.13.2/log4j-slf4j-impl-2.13.2.jar!/org/slf4j/impl/StaticLoggerBinder.class]
SLF4J: Found binding in [jar:file:/home/alex/.m2/repository/org/slf4j/slf4j-simple/1.7.27/slf4j-simple-1.7.27.jar!/org/slf4j/impl/StaticLoggerBinder.class]
SLF4J: See http://www.slf4j.org/codes.html#multiple_bindings for an explanation.
SLF4J: Actual binding is of type [org.apache.logging.slf4j.Log4jLoggerFactory]
mai 01, 2024 9:51:54 PM org.apache.jasper.servlet.TldScanner scanJars
INFO: At least one JAR was scanned for TLDs yet contained no TLDs. Enable debug logging for this logger for a complete list of JARs that were scanned but no TLDs were found in them. Skipping unneeded JARs during scanning can improve startup time and JSP compilation time.
SLF4J: Class path contains multiple SLF4J bindings.
SLF4J: Found binding in [jar:file:/home/alex/.m2/repository/org/apache/logging/log4j/log4j-slf4j-impl/2.13.2/log4j-slf4j-impl-2.13.2.jar!/org/slf4j/impl/StaticLoggerBinder.class]
SLF4J: Found binding in [jar:file:/home/alex/.m2/repository/org/slf4j/slf4j-simple/1.7.27/slf4j-simple-1.7.27.jar!/org/slf4j/impl/StaticLoggerBinder.class]
SLF4J: See http://www.slf4j.org/codes.html#multiple_bindings for an explanation.
SLF4J: Actual binding is of type [org.apache.logging.slf4j.Log4jLoggerFactory]
SLF4J: Class path contains multiple SLF4J bindings.
SLF4J: Found binding in [jar:file:/home/alex/.m2/repository/org/apache/logging/log4j/log4j-slf4j-impl/2.13.2/log4j-slf4j-impl-2.13.2.jar!/org/slf4j/impl/StaticLoggerBinder.class]
SLF4J: Found binding in [jar:file:/home/alex/.m2/repository/org/slf4j/slf4j-simple/1.7.27/slf4j-simple-1.7.27.jar!/org/slf4j/impl/StaticLoggerBinder.class]
SLF4J: See http://www.slf4j.org/codes.html#multiple_bindings for an explanation.
SLF4J: Actual binding is of type [org.apache.logging.slf4j.Log4jLoggerFactory]
[main] ERROR org.apache.hadoop.hive.common.io.DiskRangeList - Elements not in order range start: 0 end: 5 and range start: 4 end: 10; trying to insert into [{range start: 0 end: 5}, {range start: 5 end: 10}, {range start: 10 end: 15}]
[main] ERROR org.apache.hadoop.hive.common.io.DiskRangeList - Elements not in order range start: 5 end: 11 and range start: 10 end: 15; trying to insert into [{range start: 0 end: 5}, {range start: 5 end: 11}, {range start: 10 end: 15}]
[main] ERROR org.apache.hadoop.hive.common.io.DiskRangeList - Elements not in order range start: 3 end: 4 and range start: 5 end: 10; trying to insert into [{range start: 0 end: 5}, {range start: 5 end: 11}, {range start: 10 end: 15}]
[main] ERROR org.apache.hadoop.hive.common.io.DiskRangeList - Elements not in order range start: 0 end: 5 and range start: 4 end: 6; trying to insert into [{range start: 0 end: 5}, {range start: 5 end: 11}, {range start: 10 end: 15}]
[main] ERROR org.apache.hadoop.hive.common.io.DiskRangeList - Elements not in order range start: 10 end: 15 and range start: 14 end: 20; trying to insert into [{range start: 6 end: 10}, {range start: 10 end: 15}]
[main] ERROR org.apache.hadoop.hive.common.io.DiskRangeList - Elements not in order range start: 15 end: 21 and range start: 20 end: 25; trying to insert into [{range start: 6 end: 10}, {range start: 10 end: 15}, {range start: 20 end: 25}]
[main] ERROR org.apache.hadoop.hive.common.io.DiskRangeList - Elements not in order range start: 10 end: 15 and range start: 16 end: 20; trying to insert into [{range start: 6 end: 10}, {range start: 10 end: 15}, {range start: 20 end: 25}]
[main] ERROR org.apache.hadoop.hive.common.io.DiskRangeList - Elements not in order range start: 10 end: 15 and range start: 9 end: 11; trying to insert into [{range start: 6 end: 10}, {range start: 10 end: 15}, {range start: 20 end: 25}]
ANTLR Parser Generator  Version 3.5.2
ANTLR Parser Generator  Version 3.5.2
ANTLR Parser Generator  Version 3.5.2
log4j:WARN No appenders could be found for logger (DataNucleus.Persistence).
log4j:WARN Please initialize the log4j system properly.
SLF4J: Class path contains multiple SLF4J bindings.
SLF4J: Found binding in [jar:file:/home/alex/.m2/repository/org/apache/logging/log4j/log4j-slf4j-impl/2.13.2/log4j-slf4j-impl-2.13.2.jar!/org/slf4j/impl/StaticLoggerBinder.class]
SLF4J: Found binding in [jar:file:/home/alex/.m2/repository/org/slf4j/slf4j-simple/1.7.27/slf4j-simple-1.7.27.jar!/org/slf4j/impl/StaticLoggerBinder.class]
SLF4J: See http://www.slf4j.org/codes.html#multiple_bindings for an explanation.
SLF4J: Actual binding is of type [org.apache.logging.slf4j.Log4jLoggerFactory]
