[INFO] Scanning for projects...
[WARNING] 
[WARNING] Some problems were encountered while building the effective model for de.struller-baumann:visualee:maven-plugin:0.29-SNAPSHOT
[WARNING] 'build.plugins.plugin.(groupId:artifactId)' must be unique but found duplicate declaration of plugin edu.illinois.cs:testrunner-maven-plugin @ line 134, column 18
[WARNING] 
[WARNING] It is highly recommended to fix these problems because they threaten the stability of your build.
[WARNING] 
[WARNING] For this reason, future Maven versions might no longer support building such malformed projects.
[WARNING] 
[INFO] Inspecting build with total of 1 modules...
[INFO] Installing Nexus Staging features:
[INFO]   ... total of 1 executions of maven-deploy-plugin replaced with nexus-staging-maven-plugin
[INFO] 
[INFO] --------------------< de.struller-baumann:visualee >--------------------
[INFO] Building visualee 0.29-SNAPSHOT
[INFO] ----------------------------[ maven-plugin ]----------------------------
[INFO] 
[INFO] --- maven-clean-plugin:2.5:clean (default-clean) @ visualee ---
[INFO] Deleting /home/alex/Repositories/visualee/target
[INFO] 
[INFO] --- license-maven-plugin:1.6:update-file-header (add-apache-headers) @ visualee ---
[INFO] Will search files to update from root /home/alex/Repositories/visualee/src
[INFO] Scan 63 files header done in 99,334ms.
[INFO] All files are up-to-date.
[INFO] 
[INFO] --- maven-resources-plugin:2.6:resources (default-resources) @ visualee ---
[INFO] Using 'UTF-8' encoding to copy filtered resources.
[INFO] Copying 9 resources
[INFO] 
[INFO] --- maven-compiler-plugin:3.3:compile (default-compile) @ visualee ---
[INFO] Changes detected - recompiling the module!
[INFO] Compiling 35 source files to /home/alex/Repositories/visualee/target/classes
[INFO] 
[INFO] --- maven-plugin-plugin:3.2:descriptor (default-descriptor) @ visualee ---
[INFO] Using 'UTF-8' encoding to read mojo metadata.
[INFO] Applying mojo extractor for language: java
[WARNING] de.strullerbaumann.visualee.maven.VisualEEMojo#mavenSession:
[WARNING]   The syntax
[WARNING]     @parameter expression="${property}"
[WARNING]   is deprecated, please use
[WARNING]     @parameter property="property"
[WARNING]   instead.
[WARNING] de.strullerbaumann.visualee.maven.VisualEEMojo#outputdirectory:
[WARNING]   The syntax
[WARNING]     @parameter expression="${property}"
[WARNING]   is deprecated, please use
[WARNING]     @parameter property="property"
[WARNING]   instead.
[INFO] Mojo extractor for language: java found 1 mojo descriptors.
[INFO] Applying mojo extractor for language: bsh
[INFO] Mojo extractor for language: bsh found 0 mojo descriptors.
[INFO] Applying mojo extractor for language: java-annotations
[INFO] Mojo extractor for language: java-annotations found 0 mojo descriptors.
[INFO] 
[INFO] --- maven-resources-plugin:2.6:testResources (default-testResources) @ visualee ---
[INFO] Using 'UTF-8' encoding to copy filtered resources.
[INFO] skip non existing resourceDirectory /home/alex/Repositories/visualee/src/test/resources
[INFO] 
[INFO] --- maven-compiler-plugin:3.3:testCompile (default-testCompile) @ visualee ---
[INFO] Changes detected - recompiling the module!
[INFO] Compiling 26 source files to /home/alex/Repositories/visualee/target/test-classes
[INFO] 
[INFO] --- maven-surefire-plugin:2.12.4:test (default-test) @ visualee ---
[INFO] Tests are skipped.
[INFO] 
[INFO] --- maven-jar-plugin:2.4:jar (default-jar) @ visualee ---
[INFO] Building jar: /home/alex/Repositories/visualee/target/visualee.jar
[INFO] 
[INFO] --- maven-plugin-plugin:3.2:addPluginArtifactMetadata (default-addPluginArtifactMetadata) @ visualee ---
[INFO] 
[INFO] --- maven-gpg-plugin:1.6:sign (sign-artifacts) @ visualee ---
[INFO] 
[INFO] --- maven-install-plugin:2.5.2:install (default-install) @ visualee ---
[INFO] Installing /home/alex/Repositories/visualee/target/visualee.jar to /home/alex/.m2/repository/de/struller-baumann/visualee/0.29-SNAPSHOT/visualee-0.29-SNAPSHOT.jar
[INFO] Installing /home/alex/Repositories/visualee/pom.xml to /home/alex/.m2/repository/de/struller-baumann/visualee/0.29-SNAPSHOT/visualee-0.29-SNAPSHOT.pom
[INFO] Installing /home/alex/Repositories/visualee/target/visualee.jar.asc to /home/alex/.m2/repository/de/struller-baumann/visualee/0.29-SNAPSHOT/visualee-0.29-SNAPSHOT.jar.asc
[INFO] Installing /home/alex/Repositories/visualee/target/visualee.pom.asc to /home/alex/.m2/repository/de/struller-baumann/visualee/0.29-SNAPSHOT/visualee-0.29-SNAPSHOT.pom.asc
[INFO] ------------------------------------------------------------------------
[INFO] BUILD SUCCESS
[INFO] ------------------------------------------------------------------------
[INFO] Total time:  4.969 s
[INFO] Finished at: 2024-05-02T16:28:35+01:00
[INFO] ------------------------------------------------------------------------
