[INFO] Error stacktraces are turned on.
[INFO] Scanning for projects...
[INFO] Inspecting build with total of 1 modules...
[INFO] Installing Nexus Staging features:
[INFO]   ... total of 1 executions of maven-deploy-plugin replaced with nexus-staging-maven-plugin
[INFO] 
[INFO] --------------------< de.struller-baumann:visualee >--------------------
[INFO] Building visualee 0.29-SNAPSHOT
[INFO] ----------------------------[ maven-plugin ]----------------------------
[INFO] 
[INFO] >>> idflakies-maven-plugin:2.0.1-SNAPSHOT:detect (default-cli) > test-compile @ visualee >>>
[INFO] 
[INFO] --- license-maven-plugin:1.6:update-file-header (add-apache-headers) @ visualee ---
[INFO] Will search files to update from root /home/idflakies/Thomas-S-B/visualee/src
[INFO] Will search files to update from root /home/idflakies/Thomas-S-B/visualee/target/generated-sources
[INFO] Scan 63 files header done in 91.714ms.
[INFO] All files are up-to-date.
[INFO] 
[INFO] --- maven-resources-plugin:2.6:resources (default-resources) @ visualee ---
[INFO] Using 'UTF-8' encoding to copy filtered resources.
[INFO] Copying 9 resources
[INFO] 
[INFO] --- maven-compiler-plugin:3.3:compile (default-compile) @ visualee ---
[INFO] Nothing to compile - all classes are up to date
[INFO] 
[INFO] --- maven-plugin-plugin:3.2:descriptor (default-descriptor) @ visualee ---
[INFO] Using 'UTF-8' encoding to read mojo metadata.
[INFO] Applying mojo extractor for language: java
[WARNING] de.strullerbaumann.visualee.maven.VisualEEMojo#mavenSession:
[WARNING]   The syntax
[WARNING]     @parameter expression="${property}"
[WARNING]   is deprecated, please use
[WARNING]     @parameter property="property"
[WARNING]   instead.
[WARNING] de.strullerbaumann.visualee.maven.VisualEEMojo#outputdirectory:
[WARNING]   The syntax
[WARNING]     @parameter expression="${property}"
[WARNING]   is deprecated, please use
[WARNING]     @parameter property="property"
[WARNING]   instead.
[INFO] Mojo extractor for language: java found 1 mojo descriptors.
[INFO] Applying mojo extractor for language: bsh
[INFO] Mojo extractor for language: bsh found 0 mojo descriptors.
[INFO] Applying mojo extractor for language: java-annotations
[INFO] Mojo extractor for language: java-annotations found 0 mojo descriptors.
[INFO] 
[INFO] --- maven-resources-plugin:2.6:testResources (default-testResources) @ visualee ---
[INFO] Using 'UTF-8' encoding to copy filtered resources.
[INFO] skip non existing resourceDirectory /home/idflakies/Thomas-S-B/visualee/src/test/resources
[INFO] 
[INFO] --- maven-compiler-plugin:3.3:testCompile (default-testCompile) @ visualee ---
[INFO] Nothing to compile - all classes are up to date
[INFO] 
[INFO] <<< idflakies-maven-plugin:2.0.1-SNAPSHOT:detect (default-cli) < test-compile @ visualee <<<
[INFO] 
[INFO] 
[INFO] --- idflakies-maven-plugin:2.0.1-SNAPSHOT:detect (default-cli) @ visualee ---
INFO: Locating tests...
INFO: Located 120 tests. Time taken: 0.2590000629425049 seconds
INFO: TIMEOUT_VALUE: Using a timeout of 7200.0, and that the total mvn test time is: 3.77
INFO: ROUNDS_CALCULATED: Giving de.struller-baumann:visualee:0.29-SNAPSHOT 10 rounds to run for original
INFO: Using original order in path: /Scratch/all-output/thomas-s-b.visualee_output/visualee/original-order
INFO: Using original order in path: /Scratch/all-output/thomas-s-b.visualee_output/visualee/original-order
[INFO] Getting original results (120 tests).
INFO: No passing order for tests (3 runs). Continuing anyway with last run.
INFO: Created dependent test detector (class edu.illinois.cs.dt.tools.detection.detectors.OriginalDetector).
[INFO] Found 0 tests in round 1 of 10 (0.0 seconds elapsed (0.8 total), 0.0 seconds remaining).
[INFO] Found 0 tests in round 2 of 10 (0.8 seconds elapsed (1.6 total), 3.1 seconds remaining).
[INFO] Found 0 tests in round 3 of 10 (1.6 seconds elapsed (2.3 total), 3.6 seconds remaining).
[INFO] Found 0 tests in round 4 of 10 (2.3 seconds elapsed (3.2 total), 3.5 seconds remaining).
[INFO] Found 0 tests in round 5 of 10 (3.2 seconds elapsed (3.9 total), 3.2 seconds remaining).
[INFO] Found 0 tests in round 6 of 10 (3.9 seconds elapsed (4.7 total), 2.6 seconds remaining).
[INFO] Found 0 tests in round 7 of 10 (4.7 seconds elapsed (5.6 total), 2.0 seconds remaining).
[INFO] Found 0 tests in round 8 of 10 (5.6 seconds elapsed (6.3 total), 1.4 seconds remaining).
[INFO] Found 0 tests in round 9 of 10 (6.3 seconds elapsed (7.1 total), 0.7 seconds remaining).
[INFO] Found 0 tests in round 10 of 10 (7.1 seconds elapsed (8.0 total), 0.0 seconds remaining).

[INFO] Found 0 tests, writing list to /Scratch/all-output/thomas-s-b.visualee_output/visualee/detection-results/list.txt and dt lists to /Scratch/all-output/thomas-s-b.visualee_output/visualee/detection-results/flaky-lists.json
TRY_COPY_ALL_FAILING_TEST_OUTPUT
[INFO] ------------------------------------------------------------------------
[INFO] BUILD SUCCESS
[INFO] ------------------------------------------------------------------------
[INFO] Total time: 13.765 s
[INFO] Finished at: 2024-05-15T17:19:53Z
[INFO] ------------------------------------------------------------------------
