[INFO] Error stacktraces are turned on.
[INFO] Scanning for projects...
[WARNING] 
[WARNING] Some problems were encountered while building the effective model for org.jenkins-ci.main:remoting:jar:4.7-SNAPSHOT
[WARNING] 'build.plugins.plugin.version' for org.apache.maven.plugins:maven-jarsigner-plugin is missing. @ org.jenkins-ci.main:remoting:${revision}${changelist}, /home/idflakies/jenkinsci/remoting/pom.xml, line 285, column 15
[WARNING] 
[WARNING] It is highly recommended to fix these problems because they threaten the stability of your build.
[WARNING] 
[WARNING] For this reason, future Maven versions might no longer support building such malformed projects.
[WARNING] 
[INFO] 
[INFO] --------------------< org.jenkins-ci.main:remoting >--------------------
[INFO] Building Jenkins remoting layer 4.7-SNAPSHOT
[INFO] --------------------------------[ jar ]---------------------------------
[INFO] 
[INFO] >>> idflakies-maven-plugin:2.0.1-SNAPSHOT:detect (default-cli) > test-compile @ remoting >>>
[INFO] 
[INFO] --- build-helper-maven-plugin:3.2.0:timestamp-property (timestamp-property) @ remoting ---
[INFO] 
[INFO] --- build-helper-maven-plugin:3.2.0:regex-property (user.name) @ remoting ---
[INFO] No match to regex '([$\\])' found in 'idflakies'. The initial value 'idflakies' is left as-is...
[INFO] 
[INFO] --- build-helper-maven-plugin:3.2.0:regex-property (version-property) @ remoting ---
[INFO] 
[INFO] --- maven-enforcer-plugin:3.0.0-M3:display-info (display-info) @ remoting ---
[INFO] Maven Version: 3.5.4
[INFO] JDK Version: 1.8.0_292 normalized as: 1.8.0-292
[INFO] OS Info: Arch: amd64 Family: unix Name: linux Version: 6.6.12-linuxkit
[INFO] 
[INFO] --- maven-enforcer-plugin:3.0.0-M3:enforce (display-info) @ remoting ---
[INFO] Skipping Rule Enforcement.
[INFO] 
[INFO] --- build-helper-maven-plugin:3.2.0:add-source (add-source) @ remoting ---
[INFO] Source directory: /home/idflakies/jenkinsci/remoting/target/generated-sources/localizer added.
[INFO] 
[INFO] --- maven-resources-plugin:3.2.0:resources (default-resources) @ remoting ---
[INFO] Using 'UTF-8' encoding to copy filtered resources.
[INFO] Using 'UTF-8' encoding to copy filtered properties files.
[INFO] Copying 2 resources
[INFO] Copying 1 resource
[INFO] Copying 1 resource
[INFO] The encoding used to copy filtered properties files have not been set. This means that the same encoding will be used to copy filtered properties files as when copying other filtered resources. This might not be what you want! Run your build with --debug to see which files might be affected. Read more at https://maven.apache.org/plugins/maven-resources-plugin/examples/filtering-properties-files.html
[INFO] 
[INFO] --- flatten-maven-plugin:1.2.5:flatten (flatten) @ remoting ---
[INFO] Generating flattened POM of project org.jenkins-ci.main:remoting:jar:4.7-SNAPSHOT...
[INFO] 
[INFO] --- maven-compiler-plugin:3.8.1:compile (default-compile) @ remoting ---
[INFO] Changes detected - recompiling the module!
[INFO] Compiling 185 source files to /home/idflakies/jenkinsci/remoting/target/classes
[INFO] /home/idflakies/jenkinsci/remoting/src/main/java/hudson/remoting/jnlp/MainDialog.java: Some input files use or override a deprecated API.
[INFO] /home/idflakies/jenkinsci/remoting/src/main/java/hudson/remoting/jnlp/MainDialog.java: Recompile with -Xlint:deprecation for details.
[INFO] /home/idflakies/jenkinsci/remoting/src/main/java/hudson/remoting/Request.java: Some input files use unchecked or unsafe operations.
[INFO] /home/idflakies/jenkinsci/remoting/src/main/java/hudson/remoting/Request.java: Recompile with -Xlint:unchecked for details.
[INFO] 
[INFO] --- maven-resources-plugin:3.2.0:testResources (default-testResources) @ remoting ---
[INFO] Using 'UTF-8' encoding to copy filtered resources.
[INFO] Using 'UTF-8' encoding to copy filtered properties files.
[INFO] Copying 6 resources
[INFO] 
[INFO] --- maven-compiler-plugin:3.8.1:testCompile (default-testCompile) @ remoting ---
[INFO] Changes detected - recompiling the module!
[INFO] Compiling 110 source files to /home/idflakies/jenkinsci/remoting/target/test-classes
[INFO] /home/idflakies/jenkinsci/remoting/src/test/java/hudson/remoting/EngineTest.java: Some input files use or override a deprecated API.
[INFO] /home/idflakies/jenkinsci/remoting/src/test/java/hudson/remoting/EngineTest.java: Recompile with -Xlint:deprecation for details.
[INFO] /home/idflakies/jenkinsci/remoting/src/test/java/org/jenkinsci/remoting/protocol/cert/KeyPairRule.java: Some input files use unchecked or unsafe operations.
[INFO] /home/idflakies/jenkinsci/remoting/src/test/java/org/jenkinsci/remoting/protocol/cert/KeyPairRule.java: Recompile with -Xlint:unchecked for details.
[INFO] 
[INFO] <<< idflakies-maven-plugin:2.0.1-SNAPSHOT:detect (default-cli) < test-compile @ remoting <<<
[INFO] 
[INFO] 
[INFO] --- idflakies-maven-plugin:2.0.1-SNAPSHOT:detect (default-cli) @ remoting ---
INFO: Locating tests...
INFO: Located 403 tests. Time taken: 1.686000108718872 seconds
INFO: TIMEOUT_VALUE: Using a timeout of 7200.0, and that the total mvn test time is: 174.32
INFO: ROUNDS_CALCULATED: Giving org.jenkins-ci.main:remoting:4.7-SNAPSHOT 10 rounds to run for original
INFO: Using original order in path: /Scratch/all-output/jenkinsci.remoting_output/remoting/original-order
INFO: Using original order in path: /Scratch/all-output/jenkinsci.remoting_output/remoting/original-order
[INFO] Getting original results (562 tests).
INFO: Created dependent test detector (class edu.illinois.cs.dt.tools.detection.detectors.OriginalDetector).
[INFO] Found 0 tests in round 1 of 10 (0.0 seconds elapsed (152.2 total), 0.0 seconds remaining).
[INFO] Found 0 tests in round 2 of 10 (152.2 seconds elapsed (304.4 total), 608.6 seconds remaining).
[INFO] Found 0 tests in round 3 of 10 (304.4 seconds elapsed (456.4 total), 710.3 seconds remaining).
[INFO] Found 0 tests in round 4 of 10 (456.4 seconds elapsed (607.5 total), 684.6 seconds remaining).
[INFO] Found 0 tests in round 5 of 10 (607.5 seconds elapsed (759.7 total), 607.5 seconds remaining).
[INFO] Found 0 tests in round 6 of 10 (759.7 seconds elapsed (912.6 total), 506.5 seconds remaining).
[INFO] Found 0 tests in round 7 of 10 (912.6 seconds elapsed (1065.6 total), 391.1 seconds remaining).
[INFO] Found 0 tests in round 8 of 10 (1065.6 seconds elapsed (1217.6 total), 266.4 seconds remaining).
[INFO] Found 0 tests in round 9 of 10 (1217.6 seconds elapsed (1369.5 total), 135.3 seconds remaining).
[INFO] Found 0 tests in round 10 of 10 (1369.5 seconds elapsed (1521.1 total), 0.0 seconds remaining).

[INFO] Found 0 tests, writing list to /Scratch/all-output/jenkinsci.remoting_output/remoting/detection-results/list.txt and dt lists to /Scratch/all-output/jenkinsci.remoting_output/remoting/detection-results/flaky-lists.json
TRY_COPY_ALL_FAILING_TEST_OUTPUT
[INFO] ------------------------------------------------------------------------
[INFO] BUILD SUCCESS
[INFO] ------------------------------------------------------------------------
[INFO] Total time: 28:01 min
[INFO] Finished at: 2024-05-18T01:37:54Z
[INFO] ------------------------------------------------------------------------
