----------------------------------------------------------------
Tue Apr 23 09:29:24 UTC 2024:
Booting Derby version The Apache Software Foundation - Apache Derby - 10.14.1.0 - (1808820): instance a816c00e-018f-0a49-de93-000002955780 
on database directory /home/idflakies/apache/hive/metastore_db with class loader sun.misc.Launcher$AppClassLoader@6f75e721 
Loaded from file:/home/idflakies/.m2/repository/org/apache/derby/derby/10.14.1.0/derby-10.14.1.0.jar
java.vendor=Private Build
java.runtime.version=1.8.0_292-8u292-b10-0ubuntu1~16.04.1-b10
user.dir=/home/idflakies/apache/hive
os.name=Linux
os.arch=amd64
os.version=6.6.12-linuxkit
derby.system.home=null
Database Class Loader started - derby.database.classpath=''
----------------------------------------------------------------
Tue Apr 23 09:29:29 UTC 2024:
Booting Derby version The Apache Software Foundation - Apache Derby - 10.14.1.0 - (1808820): instance 80840021-018f-0a49-de93-000002955780 
on database directory memory:/home/idflakies/apache/hive/null/junit_metastore_db_32997 with class loader sun.misc.Launcher$AppClassLoader@6f75e721 
Loaded from file:/home/idflakies/.m2/repository/org/apache/derby/derby/10.14.1.0/derby-10.14.1.0.jar
java.vendor=Private Build
java.runtime.version=1.8.0_292-8u292-b10-0ubuntu1~16.04.1-b10
user.dir=/home/idflakies/apache/hive
os.name=Linux
os.arch=amd64
os.version=6.6.12-linuxkit
derby.system.home=null
Database Class Loader started - derby.database.classpath=''
----------------------------------------------------------------
Tue Apr 23 09:30:29 UTC 2024:
Booting Derby version The Apache Software Foundation - Apache Derby - 10.14.1.0 - (1808820): instance 16e300d9-018f-0a49-de93-000002955780 
on database directory memory:/home/idflakies/apache/hive/null/junit_metastore_db_33307 with class loader sun.misc.Launcher$AppClassLoader@6f75e721 
Loaded from file:/home/idflakies/.m2/repository/org/apache/derby/derby/10.14.1.0/derby-10.14.1.0.jar
java.vendor=Private Build
java.runtime.version=1.8.0_292-8u292-b10-0ubuntu1~16.04.1-b10
user.dir=/home/idflakies/apache/hive
os.name=Linux
os.arch=amd64
os.version=6.6.12-linuxkit
derby.system.home=null
Database Class Loader started - derby.database.classpath=''
----------------------------------------------------------------
Tue Apr 23 09:31:29 UTC 2024:
Booting Derby version The Apache Software Foundation - Apache Derby - 10.14.1.0 - (1808820): instance ce520191-018f-0a49-de93-000002955780 
on database directory memory:/home/idflakies/apache/hive/null/junit_metastore_db_40197 with class loader sun.misc.Launcher$AppClassLoader@6f75e721 
Loaded from file:/home/idflakies/.m2/repository/org/apache/derby/derby/10.14.1.0/derby-10.14.1.0.jar
java.vendor=Private Build
java.runtime.version=1.8.0_292-8u292-b10-0ubuntu1~16.04.1-b10
user.dir=/home/idflakies/apache/hive
os.name=Linux
os.arch=amd64
os.version=6.6.12-linuxkit
derby.system.home=null
Database Class Loader started - derby.database.classpath=''
----------------------------------------------------------------
Tue Apr 23 09:32:29 UTC 2024:
Booting Derby version The Apache Software Foundation - Apache Derby - 10.14.1.0 - (1808820): instance a6d10249-018f-0a49-de93-000002955780 
on database directory memory:/home/idflakies/apache/hive/null/junit_metastore_db_34975 with class loader sun.misc.Launcher$AppClassLoader@6f75e721 
Loaded from file:/home/idflakies/.m2/repository/org/apache/derby/derby/10.14.1.0/derby-10.14.1.0.jar
java.vendor=Private Build
java.runtime.version=1.8.0_292-8u292-b10-0ubuntu1~16.04.1-b10
user.dir=/home/idflakies/apache/hive
os.name=Linux
os.arch=amd64
os.version=6.6.12-linuxkit
derby.system.home=null
Database Class Loader started - derby.database.classpath=''
----------------------------------------------------------------
Tue Apr 23 09:33:29 UTC 2024:
Booting Derby version The Apache Software Foundation - Apache Derby - 10.14.1.0 - (1808820): instance a0600301-018f-0a49-de93-000002955780 
on database directory memory:/home/idflakies/apache/hive/null/junit_metastore_db_41987 with class loader sun.misc.Launcher$AppClassLoader@6f75e721 
Loaded from file:/home/idflakies/.m2/repository/org/apache/derby/derby/10.14.1.0/derby-10.14.1.0.jar
java.vendor=Private Build
java.runtime.version=1.8.0_292-8u292-b10-0ubuntu1~16.04.1-b10
user.dir=/home/idflakies/apache/hive
os.name=Linux
os.arch=amd64
os.version=6.6.12-linuxkit
derby.system.home=null
Database Class Loader started - derby.database.classpath=''
----------------------------------------------------------------
Tue Apr 23 09:34:29 UTC 2024:
Booting Derby version The Apache Software Foundation - Apache Derby - 10.14.1.0 - (1808820): instance baff03b9-018f-0a49-de93-000002955780 
on database directory memory:/home/idflakies/apache/hive/null/junit_metastore_db_33645 with class loader sun.misc.Launcher$AppClassLoader@6f75e721 
Loaded from file:/home/idflakies/.m2/repository/org/apache/derby/derby/10.14.1.0/derby-10.14.1.0.jar
java.vendor=Private Build
java.runtime.version=1.8.0_292-8u292-b10-0ubuntu1~16.04.1-b10
user.dir=/home/idflakies/apache/hive
os.name=Linux
os.arch=amd64
os.version=6.6.12-linuxkit
derby.system.home=null
Database Class Loader started - derby.database.classpath=''
----------------------------------------------------------------
Tue Apr 23 09:35:29 UTC 2024:
Booting Derby version The Apache Software Foundation - Apache Derby - 10.14.1.0 - (1808820): instance f6ae0471-018f-0a49-de93-000002955780 
on database directory memory:/home/idflakies/apache/hive/null/junit_metastore_db_40199 with class loader sun.misc.Launcher$AppClassLoader@6f75e721 
Loaded from file:/home/idflakies/.m2/repository/org/apache/derby/derby/10.14.1.0/derby-10.14.1.0.jar
java.vendor=Private Build
java.runtime.version=1.8.0_292-8u292-b10-0ubuntu1~16.04.1-b10
user.dir=/home/idflakies/apache/hive
os.name=Linux
os.arch=amd64
os.version=6.6.12-linuxkit
derby.system.home=null
Database Class Loader started - derby.database.classpath=''
----------------------------------------------------------------
Tue Apr 23 09:36:29 UTC 2024:
Booting Derby version The Apache Software Foundation - Apache Derby - 10.14.1.0 - (1808820): instance 536d0529-018f-0a49-de93-000002955780 
on database directory memory:/home/idflakies/apache/hive/null/junit_metastore_db_43181 with class loader sun.misc.Launcher$AppClassLoader@6f75e721 
Loaded from file:/home/idflakies/.m2/repository/org/apache/derby/derby/10.14.1.0/derby-10.14.1.0.jar
java.vendor=Private Build
java.runtime.version=1.8.0_292-8u292-b10-0ubuntu1~16.04.1-b10
user.dir=/home/idflakies/apache/hive
os.name=Linux
os.arch=amd64
os.version=6.6.12-linuxkit
derby.system.home=null
Database Class Loader started - derby.database.classpath=''
----------------------------------------------------------------
Tue Apr 23 09:37:29 UTC 2024:
Booting Derby version The Apache Software Foundation - Apache Derby - 10.14.1.0 - (1808820): instance d13c05e1-018f-0a49-de93-000002955780 
on database directory memory:/home/idflakies/apache/hive/null/junit_metastore_db_36685 with class loader sun.misc.Launcher$AppClassLoader@6f75e721 
Loaded from file:/home/idflakies/.m2/repository/org/apache/derby/derby/10.14.1.0/derby-10.14.1.0.jar
java.vendor=Private Build
java.runtime.version=1.8.0_292-8u292-b10-0ubuntu1~16.04.1-b10
user.dir=/home/idflakies/apache/hive
os.name=Linux
os.arch=amd64
os.version=6.6.12-linuxkit
derby.system.home=null
Database Class Loader started - derby.database.classpath=''
----------------------------------------------------------------
Tue Apr 23 09:38:30 UTC 2024:
Booting Derby version The Apache Software Foundation - Apache Derby - 10.14.1.0 - (1808820): instance 701b0699-018f-0a49-de93-000002955780 
on database directory memory:/home/idflakies/apache/hive/null/junit_metastore_db_43539 with class loader sun.misc.Launcher$AppClassLoader@6f75e721 
Loaded from file:/home/idflakies/.m2/repository/org/apache/derby/derby/10.14.1.0/derby-10.14.1.0.jar
java.vendor=Private Build
java.runtime.version=1.8.0_292-8u292-b10-0ubuntu1~16.04.1-b10
user.dir=/home/idflakies/apache/hive
os.name=Linux
os.arch=amd64
os.version=6.6.12-linuxkit
derby.system.home=null
Database Class Loader started - derby.database.classpath=''
----------------------------------------------------------------
Tue Apr 23 09:39:30 UTC 2024:
Booting Derby version The Apache Software Foundation - Apache Derby - 10.14.1.0 - (1808820): instance 300a0751-018f-0a49-de93-000002955780 
on database directory memory:/home/idflakies/apache/hive/null/junit_metastore_db_45069 with class loader sun.misc.Launcher$AppClassLoader@6f75e721 
Loaded from file:/home/idflakies/.m2/repository/org/apache/derby/derby/10.14.1.0/derby-10.14.1.0.jar
java.vendor=Private Build
java.runtime.version=1.8.0_292-8u292-b10-0ubuntu1~16.04.1-b10
user.dir=/home/idflakies/apache/hive
os.name=Linux
os.arch=amd64
os.version=6.6.12-linuxkit
derby.system.home=null
Database Class Loader started - derby.database.classpath=''
----------------------------------------------------------------
Tue Apr 23 09:40:30 UTC 2024:
Booting Derby version The Apache Software Foundation - Apache Derby - 10.14.1.0 - (1808820): instance 11090809-018f-0a49-de93-000002955780 
on database directory memory:/home/idflakies/apache/hive/null/junit_metastore_db_39571 with class loader sun.misc.Launcher$AppClassLoader@6f75e721 
Loaded from file:/home/idflakies/.m2/repository/org/apache/derby/derby/10.14.1.0/derby-10.14.1.0.jar
java.vendor=Private Build
java.runtime.version=1.8.0_292-8u292-b10-0ubuntu1~16.04.1-b10
user.dir=/home/idflakies/apache/hive
os.name=Linux
os.arch=amd64
os.version=6.6.12-linuxkit
derby.system.home=null
Database Class Loader started - derby.database.classpath=''
----------------------------------------------------------------
Tue Apr 23 09:41:30 UTC 2024:
Booting Derby version The Apache Software Foundation - Apache Derby - 10.14.1.0 - (1808820): instance 131808c1-018f-0a49-de93-000002955780 
on database directory memory:/home/idflakies/apache/hive/null/junit_metastore_db_44011 with class loader sun.misc.Launcher$AppClassLoader@6f75e721 
Loaded from file:/home/idflakies/.m2/repository/org/apache/derby/derby/10.14.1.0/derby-10.14.1.0.jar
java.vendor=Private Build
java.runtime.version=1.8.0_292-8u292-b10-0ubuntu1~16.04.1-b10
user.dir=/home/idflakies/apache/hive
os.name=Linux
os.arch=amd64
os.version=6.6.12-linuxkit
derby.system.home=null
Database Class Loader started - derby.database.classpath=''
----------------------------------------------------------------
Tue Apr 23 09:42:30 UTC 2024:
Booting Derby version The Apache Software Foundation - Apache Derby - 10.14.1.0 - (1808820): instance 36370979-018f-0a49-de93-000002955780 
on database directory memory:/home/idflakies/apache/hive/null/junit_metastore_db_37735 with class loader sun.misc.Launcher$AppClassLoader@6f75e721 
Loaded from file:/home/idflakies/.m2/repository/org/apache/derby/derby/10.14.1.0/derby-10.14.1.0.jar
java.vendor=Private Build
java.runtime.version=1.8.0_292-8u292-b10-0ubuntu1~16.04.1-b10
user.dir=/home/idflakies/apache/hive
os.name=Linux
os.arch=amd64
os.version=6.6.12-linuxkit
derby.system.home=null
Database Class Loader started - derby.database.classpath=''
----------------------------------------------------------------
Tue Apr 23 09:43:30 UTC 2024:
Booting Derby version The Apache Software Foundation - Apache Derby - 10.14.1.0 - (1808820): instance 7a660a31-018f-0a49-de93-000002955780 
on database directory memory:/home/idflakies/apache/hive/null/junit_metastore_db_43361 with class loader sun.misc.Launcher$AppClassLoader@6f75e721 
Loaded from file:/home/idflakies/.m2/repository/org/apache/derby/derby/10.14.1.0/derby-10.14.1.0.jar
java.vendor=Private Build
java.runtime.version=1.8.0_292-8u292-b10-0ubuntu1~16.04.1-b10
user.dir=/home/idflakies/apache/hive
os.name=Linux
os.arch=amd64
os.version=6.6.12-linuxkit
derby.system.home=null
Database Class Loader started - derby.database.classpath=''
----------------------------------------------------------------
Tue Apr 23 09:44:30 UTC 2024:
Booting Derby version The Apache Software Foundation - Apache Derby - 10.14.1.0 - (1808820): instance dfa50ae9-018f-0a49-de93-000002955780 
on database directory memory:/home/idflakies/apache/hive/null/junit_metastore_db_41405 with class loader sun.misc.Launcher$AppClassLoader@6f75e721 
Loaded from file:/home/idflakies/.m2/repository/org/apache/derby/derby/10.14.1.0/derby-10.14.1.0.jar
java.vendor=Private Build
java.runtime.version=1.8.0_292-8u292-b10-0ubuntu1~16.04.1-b10
user.dir=/home/idflakies/apache/hive
os.name=Linux
os.arch=amd64
os.version=6.6.12-linuxkit
derby.system.home=null
Database Class Loader started - derby.database.classpath=''
----------------------------------------------------------------
Tue Apr 23 09:45:30 UTC 2024:
Booting Derby version The Apache Software Foundation - Apache Derby - 10.14.1.0 - (1808820): instance 65f40ba1-018f-0a49-de93-000002955780 
on database directory memory:/home/idflakies/apache/hive/null/junit_metastore_db_32955 with class loader sun.misc.Launcher$AppClassLoader@6f75e721 
Loaded from file:/home/idflakies/.m2/repository/org/apache/derby/derby/10.14.1.0/derby-10.14.1.0.jar
java.vendor=Private Build
java.runtime.version=1.8.0_292-8u292-b10-0ubuntu1~16.04.1-b10
user.dir=/home/idflakies/apache/hive
os.name=Linux
os.arch=amd64
os.version=6.6.12-linuxkit
derby.system.home=null
Database Class Loader started - derby.database.classpath=''
----------------------------------------------------------------
Tue Apr 23 09:46:30 UTC 2024:
Booting Derby version The Apache Software Foundation - Apache Derby - 10.14.1.0 - (1808820): instance 0d530c59-018f-0a49-de93-000002955780 
on database directory memory:/home/idflakies/apache/hive/null/junit_metastore_db_45575 with class loader sun.misc.Launcher$AppClassLoader@6f75e721 
Loaded from file:/home/idflakies/.m2/repository/org/apache/derby/derby/10.14.1.0/derby-10.14.1.0.jar
java.vendor=Private Build
java.runtime.version=1.8.0_292-8u292-b10-0ubuntu1~16.04.1-b10
user.dir=/home/idflakies/apache/hive
os.name=Linux
os.arch=amd64
os.version=6.6.12-linuxkit
derby.system.home=null
Database Class Loader started - derby.database.classpath=''
----------------------------------------------------------------
Tue Apr 23 09:47:31 UTC 2024:
Booting Derby version The Apache Software Foundation - Apache Derby - 10.14.1.0 - (1808820): instance d5c20d11-018f-0a49-de93-000002955780 
on database directory memory:/home/idflakies/apache/hive/null/junit_metastore_db_39247 with class loader sun.misc.Launcher$AppClassLoader@6f75e721 
Loaded from file:/home/idflakies/.m2/repository/org/apache/derby/derby/10.14.1.0/derby-10.14.1.0.jar
java.vendor=Private Build
java.runtime.version=1.8.0_292-8u292-b10-0ubuntu1~16.04.1-b10
user.dir=/home/idflakies/apache/hive
os.name=Linux
os.arch=amd64
os.version=6.6.12-linuxkit
derby.system.home=null
Database Class Loader started - derby.database.classpath=''
----------------------------------------------------------------
Tue Apr 23 09:48:31 UTC 2024:
Booting Derby version The Apache Software Foundation - Apache Derby - 10.14.1.0 - (1808820): instance bf410dc9-018f-0a49-de93-000002955780 
on database directory memory:/home/idflakies/apache/hive/null/junit_metastore_db_42051 with class loader sun.misc.Launcher$AppClassLoader@6f75e721 
Loaded from file:/home/idflakies/.m2/repository/org/apache/derby/derby/10.14.1.0/derby-10.14.1.0.jar
java.vendor=Private Build
java.runtime.version=1.8.0_292-8u292-b10-0ubuntu1~16.04.1-b10
user.dir=/home/idflakies/apache/hive
os.name=Linux
os.arch=amd64
os.version=6.6.12-linuxkit
derby.system.home=null
Database Class Loader started - derby.database.classpath=''
----------------------------------------------------------------
Tue Apr 23 09:49:31 UTC 2024:
Booting Derby version The Apache Software Foundation - Apache Derby - 10.14.1.0 - (1808820): instance c9d00e81-018f-0a49-de93-000002955780 
on database directory memory:/home/idflakies/apache/hive/null/junit_metastore_db_37743 with class loader sun.misc.Launcher$AppClassLoader@6f75e721 
Loaded from file:/home/idflakies/.m2/repository/org/apache/derby/derby/10.14.1.0/derby-10.14.1.0.jar
java.vendor=Private Build
java.runtime.version=1.8.0_292-8u292-b10-0ubuntu1~16.04.1-b10
user.dir=/home/idflakies/apache/hive
os.name=Linux
os.arch=amd64
os.version=6.6.12-linuxkit
derby.system.home=null
Database Class Loader started - derby.database.classpath=''
----------------------------------------------------------------
Tue Apr 23 09:50:31 UTC 2024:
Booting Derby version The Apache Software Foundation - Apache Derby - 10.14.1.0 - (1808820): instance f56f0f39-018f-0a49-de93-000002955780 
on database directory memory:/home/idflakies/apache/hive/null/junit_metastore_db_39633 with class loader sun.misc.Launcher$AppClassLoader@6f75e721 
Loaded from file:/home/idflakies/.m2/repository/org/apache/derby/derby/10.14.1.0/derby-10.14.1.0.jar
java.vendor=Private Build
java.runtime.version=1.8.0_292-8u292-b10-0ubuntu1~16.04.1-b10
user.dir=/home/idflakies/apache/hive
os.name=Linux
os.arch=amd64
os.version=6.6.12-linuxkit
derby.system.home=null
Database Class Loader started - derby.database.classpath=''
----------------------------------------------------------------
Tue Apr 23 09:51:31 UTC 2024:
Booting Derby version The Apache Software Foundation - Apache Derby - 10.14.1.0 - (1808820): instance 421e0ff1-018f-0a49-de93-000002955780 
on database directory memory:/home/idflakies/apache/hive/null/junit_metastore_db_34143 with class loader sun.misc.Launcher$AppClassLoader@6f75e721 
Loaded from file:/home/idflakies/.m2/repository/org/apache/derby/derby/10.14.1.0/derby-10.14.1.0.jar
java.vendor=Private Build
java.runtime.version=1.8.0_292-8u292-b10-0ubuntu1~16.04.1-b10
user.dir=/home/idflakies/apache/hive
os.name=Linux
os.arch=amd64
os.version=6.6.12-linuxkit
derby.system.home=null
Database Class Loader started - derby.database.classpath=''
----------------------------------------------------------------
Tue Apr 23 09:52:31 UTC 2024:
Booting Derby version The Apache Software Foundation - Apache Derby - 10.14.1.0 - (1808820): instance afdd10a9-018f-0a49-de93-000002955780 
on database directory memory:/home/idflakies/apache/hive/null/junit_metastore_db_42967 with class loader sun.misc.Launcher$AppClassLoader@6f75e721 
Loaded from file:/home/idflakies/.m2/repository/org/apache/derby/derby/10.14.1.0/derby-10.14.1.0.jar
java.vendor=Private Build
java.runtime.version=1.8.0_292-8u292-b10-0ubuntu1~16.04.1-b10
user.dir=/home/idflakies/apache/hive
os.name=Linux
os.arch=amd64
os.version=6.6.12-linuxkit
derby.system.home=null
Database Class Loader started - derby.database.classpath=''
